/home/harvey_hu/anaconda3/lib/python3.9/site-packages/sklearn/gaussian_process/kernels.py:1713: RuntimeWarning: invalid value encountered in multiply
  K *= kv(self.nu, tmp)
/home/harvey_hu/anaconda3/lib/python3.9/site-packages/sklearn/gaussian_process/kernels.py:1713: RuntimeWarning: invalid value encountered in multiply
  K *= kv(self.nu, tmp)
/home/harvey_hu/anaconda3/lib/python3.9/site-packages/sklearn/gaussian_process/kernels.py:1713: RuntimeWarning: invalid value encountered in multiply
  K *= kv(self.nu, tmp)
/home/harvey_hu/anaconda3/lib/python3.9/site-packages/sklearn/model_selection/_validation.py:770: UserWarning: Scoring failed. The score on this train-test partition for these parameters will be set to nan. Details: 
Traceback (most recent call last):
  File "/home/harvey_hu/anaconda3/lib/python3.9/site-packages/sklearn/model_selection/_validation.py", line 761, in _score
    scores = scorer(estimator, X_test, y_test)
  File "/home/harvey_hu/anaconda3/lib/python3.9/site-packages/sklearn/metrics/_scorer.py", line 418, in _passthrough_scorer
    return estimator.score(*args, **kwargs)
  File "/home/harvey_hu/anaconda3/lib/python3.9/site-packages/sklearn/base.py", line 706, in score
    return r2_score(y, y_pred, sample_weight=sample_weight)
  File "/home/harvey_hu/anaconda3/lib/python3.9/site-packages/sklearn/metrics/_regression.py", line 789, in r2_score
    y_type, y_true, y_pred, multioutput = _check_reg_targets(
  File "/home/harvey_hu/anaconda3/lib/python3.9/site-packages/sklearn/metrics/_regression.py", line 96, in _check_reg_targets
    y_pred = check_array(y_pred, ensure_2d=False, dtype=dtype)
  File "/home/harvey_hu/anaconda3/lib/python3.9/site-packages/sklearn/utils/validation.py", line 800, in check_array
    _assert_all_finite(array, allow_nan=force_all_finite == "allow-nan")
  File "/home/harvey_hu/anaconda3/lib/python3.9/site-packages/sklearn/utils/validation.py", line 114, in _assert_all_finite
    raise ValueError(
ValueError: Input contains NaN, infinity or a value too large for dtype('float64').

  warnings.warn(
/home/harvey_hu/anaconda3/lib/python3.9/site-packages/sklearn/gaussian_process/kernels.py:1713: RuntimeWarning: invalid value encountered in multiply
  K *= kv(self.nu, tmp)
/home/harvey_hu/anaconda3/lib/python3.9/site-packages/sklearn/model_selection/_validation.py:770: UserWarning: Scoring failed. The score on this train-test partition for these parameters will be set to nan. Details: 
Traceback (most recent call last):
  File "/home/harvey_hu/anaconda3/lib/python3.9/site-packages/sklearn/model_selection/_validation.py", line 761, in _score
    scores = scorer(estimator, X_test, y_test)
  File "/home/harvey_hu/anaconda3/lib/python3.9/site-packages/sklearn/metrics/_scorer.py", line 418, in _passthrough_scorer
    return estimator.score(*args, **kwargs)
  File "/home/harvey_hu/anaconda3/lib/python3.9/site-packages/sklearn/base.py", line 706, in score
    return r2_score(y, y_pred, sample_weight=sample_weight)
  File "/home/harvey_hu/anaconda3/lib/python3.9/site-packages/sklearn/metrics/_regression.py", line 789, in r2_score
    y_type, y_true, y_pred, multioutput = _check_reg_targets(
  File "/home/harvey_hu/anaconda3/lib/python3.9/site-packages/sklearn/metrics/_regression.py", line 96, in _check_reg_targets
    y_pred = check_array(y_pred, ensure_2d=False, dtype=dtype)
  File "/home/harvey_hu/anaconda3/lib/python3.9/site-packages/sklearn/utils/validation.py", line 800, in check_array
    _assert_all_finite(array, allow_nan=force_all_finite == "allow-nan")
  File "/home/harvey_hu/anaconda3/lib/python3.9/site-packages/sklearn/utils/validation.py", line 114, in _assert_all_finite
    raise ValueError(
ValueError: Input contains NaN, infinity or a value too large for dtype('float64').

  warnings.warn(
/home/harvey_hu/anaconda3/lib/python3.9/site-packages/sklearn/model_selection/_validation.py:770: UserWarning: Scoring failed. The score on this train-test partition for these parameters will be set to nan. Details: 
Traceback (most recent call last):
  File "/home/harvey_hu/anaconda3/lib/python3.9/site-packages/sklearn/model_selection/_validation.py", line 761, in _score
    scores = scorer(estimator, X_test, y_test)
  File "/home/harvey_hu/anaconda3/lib/python3.9/site-packages/sklearn/metrics/_scorer.py", line 418, in _passthrough_scorer
    return estimator.score(*args, **kwargs)
  File "/home/harvey_hu/anaconda3/lib/python3.9/site-packages/sklearn/base.py", line 706, in score
    return r2_score(y, y_pred, sample_weight=sample_weight)
  File "/home/harvey_hu/anaconda3/lib/python3.9/site-packages/sklearn/metrics/_regression.py", line 789, in r2_score
    y_type, y_true, y_pred, multioutput = _check_reg_targets(
  File "/home/harvey_hu/anaconda3/lib/python3.9/site-packages/sklearn/metrics/_regression.py", line 96, in _check_reg_targets
    y_pred = check_array(y_pred, ensure_2d=False, dtype=dtype)
  File "/home/harvey_hu/anaconda3/lib/python3.9/site-packages/sklearn/utils/validation.py", line 800, in check_array
    _assert_all_finite(array, allow_nan=force_all_finite == "allow-nan")
  File "/home/harvey_hu/anaconda3/lib/python3.9/site-packages/sklearn/utils/validation.py", line 114, in _assert_all_finite
    raise ValueError(
ValueError: Input contains NaN, infinity or a value too large for dtype('float64').

  warnings.warn(
/home/harvey_hu/anaconda3/lib/python3.9/site-packages/sklearn/gaussian_process/kernels.py:1713: RuntimeWarning: invalid value encountered in multiply
  K *= kv(self.nu, tmp)
/home/harvey_hu/anaconda3/lib/python3.9/site-packages/sklearn/gaussian_process/kernels.py:1713: RuntimeWarning: invalid value encountered in multiply
  K *= kv(self.nu, tmp)
/home/harvey_hu/anaconda3/lib/python3.9/site-packages/sklearn/gaussian_process/kernels.py:1713: RuntimeWarning: invalid value encountered in multiply
  K *= kv(self.nu, tmp)
/home/harvey_hu/anaconda3/lib/python3.9/site-packages/sklearn/model_selection/_validation.py:770: UserWarning: Scoring failed. The score on this train-test partition for these parameters will be set to nan. Details: 
Traceback (most recent call last):
  File "/home/harvey_hu/anaconda3/lib/python3.9/site-packages/sklearn/model_selection/_validation.py", line 761, in _score
    scores = scorer(estimator, X_test, y_test)
  File "/home/harvey_hu/anaconda3/lib/python3.9/site-packages/sklearn/metrics/_scorer.py", line 418, in _passthrough_scorer
    return estimator.score(*args, **kwargs)
  File "/home/harvey_hu/anaconda3/lib/python3.9/site-packages/sklearn/base.py", line 706, in score
    return r2_score(y, y_pred, sample_weight=sample_weight)
  File "/home/harvey_hu/anaconda3/lib/python3.9/site-packages/sklearn/metrics/_regression.py", line 789, in r2_score
    y_type, y_true, y_pred, multioutput = _check_reg_targets(
  File "/home/harvey_hu/anaconda3/lib/python3.9/site-packages/sklearn/metrics/_regression.py", line 96, in _check_reg_targets
    y_pred = check_array(y_pred, ensure_2d=False, dtype=dtype)
  File "/home/harvey_hu/anaconda3/lib/python3.9/site-packages/sklearn/utils/validation.py", line 800, in check_array
    _assert_all_finite(array, allow_nan=force_all_finite == "allow-nan")
  File "/home/harvey_hu/anaconda3/lib/python3.9/site-packages/sklearn/utils/validation.py", line 114, in _assert_all_finite
    raise ValueError(
ValueError: Input contains NaN, infinity or a value too large for dtype('float64').

  warnings.warn(
/home/harvey_hu/anaconda3/lib/python3.9/site-packages/sklearn/model_selection/_validation.py:770: UserWarning: Scoring failed. The score on this train-test partition for these parameters will be set to nan. Details: 
Traceback (most recent call last):
  File "/home/harvey_hu/anaconda3/lib/python3.9/site-packages/sklearn/model_selection/_validation.py", line 761, in _score
    scores = scorer(estimator, X_test, y_test)
  File "/home/harvey_hu/anaconda3/lib/python3.9/site-packages/sklearn/metrics/_scorer.py", line 418, in _passthrough_scorer
    return estimator.score(*args, **kwargs)
  File "/home/harvey_hu/anaconda3/lib/python3.9/site-packages/sklearn/base.py", line 706, in score
    return r2_score(y, y_pred, sample_weight=sample_weight)
  File "/home/harvey_hu/anaconda3/lib/python3.9/site-packages/sklearn/metrics/_regression.py", line 789, in r2_score
    y_type, y_true, y_pred, multioutput = _check_reg_targets(
  File "/home/harvey_hu/anaconda3/lib/python3.9/site-packages/sklearn/metrics/_regression.py", line 96, in _check_reg_targets
    y_pred = check_array(y_pred, ensure_2d=False, dtype=dtype)
  File "/home/harvey_hu/anaconda3/lib/python3.9/site-packages/sklearn/utils/validation.py", line 800, in check_array
    _assert_all_finite(array, allow_nan=force_all_finite == "allow-nan")
  File "/home/harvey_hu/anaconda3/lib/python3.9/site-packages/sklearn/utils/validation.py", line 114, in _assert_all_finite
    raise ValueError(
ValueError: Input contains NaN, infinity or a value too large for dtype('float64').

  warnings.warn(
/home/harvey_hu/anaconda3/lib/python3.9/site-packages/sklearn/gaussian_process/kernels.py:1713: RuntimeWarning: invalid value encountered in multiply
  K *= kv(self.nu, tmp)
/home/harvey_hu/anaconda3/lib/python3.9/site-packages/sklearn/gaussian_process/kernels.py:1713: RuntimeWarning: invalid value encountered in multiply
  K *= kv(self.nu, tmp)
/home/harvey_hu/anaconda3/lib/python3.9/site-packages/sklearn/gaussian_process/kernels.py:1713: RuntimeWarning: invalid value encountered in multiply
  K *= kv(self.nu, tmp)
/home/harvey_hu/anaconda3/lib/python3.9/site-packages/sklearn/gaussian_process/kernels.py:1713: RuntimeWarning: invalid value encountered in multiply
  K *= kv(self.nu, tmp)
/home/harvey_hu/anaconda3/lib/python3.9/site-packages/numpy/core/fromnumeric.py:86: RuntimeWarning: invalid value encountered in reduce
  return ufunc.reduce(obj, axis, dtype, out, **passkwargs)
/home/harvey_hu/anaconda3/lib/python3.9/site-packages/sklearn/model_selection/_validation.py:770: UserWarning: Scoring failed. The score on this train-test partition for these parameters will be set to nan. Details: 
Traceback (most recent call last):
  File "/home/harvey_hu/anaconda3/lib/python3.9/site-packages/sklearn/model_selection/_validation.py", line 761, in _score
    scores = scorer(estimator, X_test, y_test)
  File "/home/harvey_hu/anaconda3/lib/python3.9/site-packages/sklearn/metrics/_scorer.py", line 418, in _passthrough_scorer
    return estimator.score(*args, **kwargs)
  File "/home/harvey_hu/anaconda3/lib/python3.9/site-packages/sklearn/base.py", line 706, in score
    return r2_score(y, y_pred, sample_weight=sample_weight)
  File "/home/harvey_hu/anaconda3/lib/python3.9/site-packages/sklearn/metrics/_regression.py", line 789, in r2_score
    y_type, y_true, y_pred, multioutput = _check_reg_targets(
  File "/home/harvey_hu/anaconda3/lib/python3.9/site-packages/sklearn/metrics/_regression.py", line 96, in _check_reg_targets
    y_pred = check_array(y_pred, ensure_2d=False, dtype=dtype)
  File "/home/harvey_hu/anaconda3/lib/python3.9/site-packages/sklearn/utils/validation.py", line 800, in check_array
    _assert_all_finite(array, allow_nan=force_all_finite == "allow-nan")
  File "/home/harvey_hu/anaconda3/lib/python3.9/site-packages/sklearn/utils/validation.py", line 114, in _assert_all_finite
    raise ValueError(
ValueError: Input contains NaN, infinity or a value too large for dtype('float64').

  warnings.warn(
/home/harvey_hu/anaconda3/lib/python3.9/site-packages/numpy/core/fromnumeric.py:86: RuntimeWarning: invalid value encountered in reduce
  return ufunc.reduce(obj, axis, dtype, out, **passkwargs)
/home/harvey_hu/anaconda3/lib/python3.9/site-packages/sklearn/model_selection/_validation.py:770: UserWarning: Scoring failed. The score on this train-test partition for these parameters will be set to nan. Details: 
Traceback (most recent call last):
  File "/home/harvey_hu/anaconda3/lib/python3.9/site-packages/sklearn/model_selection/_validation.py", line 761, in _score
    scores = scorer(estimator, X_test, y_test)
  File "/home/harvey_hu/anaconda3/lib/python3.9/site-packages/sklearn/metrics/_scorer.py", line 418, in _passthrough_scorer
    return estimator.score(*args, **kwargs)
  File "/home/harvey_hu/anaconda3/lib/python3.9/site-packages/sklearn/base.py", line 706, in score
    return r2_score(y, y_pred, sample_weight=sample_weight)
  File "/home/harvey_hu/anaconda3/lib/python3.9/site-packages/sklearn/metrics/_regression.py", line 789, in r2_score
    y_type, y_true, y_pred, multioutput = _check_reg_targets(
  File "/home/harvey_hu/anaconda3/lib/python3.9/site-packages/sklearn/metrics/_regression.py", line 96, in _check_reg_targets
    y_pred = check_array(y_pred, ensure_2d=False, dtype=dtype)
  File "/home/harvey_hu/anaconda3/lib/python3.9/site-packages/sklearn/utils/validation.py", line 800, in check_array
    _assert_all_finite(array, allow_nan=force_all_finite == "allow-nan")
  File "/home/harvey_hu/anaconda3/lib/python3.9/site-packages/sklearn/utils/validation.py", line 114, in _assert_all_finite
    raise ValueError(
ValueError: Input contains NaN, infinity or a value too large for dtype('float64').

  warnings.warn(
/home/harvey_hu/anaconda3/lib/python3.9/site-packages/sklearn/gaussian_process/kernels.py:1713: RuntimeWarning: invalid value encountered in multiply
  K *= kv(self.nu, tmp)
/home/harvey_hu/anaconda3/lib/python3.9/site-packages/sklearn/gaussian_process/kernels.py:1713: RuntimeWarning: invalid value encountered in multiply
  K *= kv(self.nu, tmp)
/home/harvey_hu/anaconda3/lib/python3.9/site-packages/sklearn/gaussian_process/kernels.py:1713: RuntimeWarning: invalid value encountered in multiply
  K *= kv(self.nu, tmp)
/home/harvey_hu/anaconda3/lib/python3.9/site-packages/sklearn/gaussian_process/kernels.py:1713: RuntimeWarning: invalid value encountered in multiply
  K *= kv(self.nu, tmp)
/home/harvey_hu/anaconda3/lib/python3.9/site-packages/sklearn/gaussian_process/kernels.py:1713: RuntimeWarning: invalid value encountered in multiply
  K *= kv(self.nu, tmp)
/home/harvey_hu/anaconda3/lib/python3.9/site-packages/numpy/core/fromnumeric.py:86: RuntimeWarning: invalid value encountered in reduce
  return ufunc.reduce(obj, axis, dtype, out, **passkwargs)
/home/harvey_hu/anaconda3/lib/python3.9/site-packages/sklearn/model_selection/_validation.py:770: UserWarning: Scoring failed. The score on this train-test partition for these parameters will be set to nan. Details: 
Traceback (most recent call last):
  File "/home/harvey_hu/anaconda3/lib/python3.9/site-packages/sklearn/model_selection/_validation.py", line 761, in _score
    scores = scorer(estimator, X_test, y_test)
  File "/home/harvey_hu/anaconda3/lib/python3.9/site-packages/sklearn/metrics/_scorer.py", line 418, in _passthrough_scorer
    return estimator.score(*args, **kwargs)
  File "/home/harvey_hu/anaconda3/lib/python3.9/site-packages/sklearn/base.py", line 706, in score
    return r2_score(y, y_pred, sample_weight=sample_weight)
  File "/home/harvey_hu/anaconda3/lib/python3.9/site-packages/sklearn/metrics/_regression.py", line 789, in r2_score
    y_type, y_true, y_pred, multioutput = _check_reg_targets(
  File "/home/harvey_hu/anaconda3/lib/python3.9/site-packages/sklearn/metrics/_regression.py", line 96, in _check_reg_targets
    y_pred = check_array(y_pred, ensure_2d=False, dtype=dtype)
  File "/home/harvey_hu/anaconda3/lib/python3.9/site-packages/sklearn/utils/validation.py", line 800, in check_array
    _assert_all_finite(array, allow_nan=force_all_finite == "allow-nan")
  File "/home/harvey_hu/anaconda3/lib/python3.9/site-packages/sklearn/utils/validation.py", line 114, in _assert_all_finite
    raise ValueError(
ValueError: Input contains NaN, infinity or a value too large for dtype('float64').

  warnings.warn(
/home/harvey_hu/anaconda3/lib/python3.9/site-packages/sklearn/gaussian_process/kernels.py:1713: RuntimeWarning: invalid value encountered in multiply
  K *= kv(self.nu, tmp)
/home/harvey_hu/anaconda3/lib/python3.9/site-packages/sklearn/gaussian_process/kernels.py:1713: RuntimeWarning: invalid value encountered in multiply
  K *= kv(self.nu, tmp)
/home/harvey_hu/anaconda3/lib/python3.9/site-packages/sklearn/gaussian_process/kernels.py:1713: RuntimeWarning: invalid value encountered in multiply
  K *= kv(self.nu, tmp)
/home/harvey_hu/anaconda3/lib/python3.9/site-packages/sklearn/gaussian_process/kernels.py:1713: RuntimeWarning: invalid value encountered in multiply
  K *= kv(self.nu, tmp)
/home/harvey_hu/anaconda3/lib/python3.9/site-packages/sklearn/gaussian_process/kernels.py:1713: RuntimeWarning: invalid value encountered in multiply
  K *= kv(self.nu, tmp)
/home/harvey_hu/anaconda3/lib/python3.9/site-packages/sklearn/gaussian_process/kernels.py:1713: RuntimeWarning: invalid value encountered in multiply
  K *= kv(self.nu, tmp)
/home/harvey_hu/anaconda3/lib/python3.9/site-packages/sklearn/gaussian_process/kernels.py:1713: RuntimeWarning: invalid value encountered in multiply
  K *= kv(self.nu, tmp)
/home/harvey_hu/anaconda3/lib/python3.9/site-packages/sklearn/gaussian_process/kernels.py:1713: RuntimeWarning: invalid value encountered in multiply
  K *= kv(self.nu, tmp)
/home/harvey_hu/anaconda3/lib/python3.9/site-packages/sklearn/gaussian_process/kernels.py:1713: RuntimeWarning: invalid value encountered in multiply
  K *= kv(self.nu, tmp)
/home/harvey_hu/anaconda3/lib/python3.9/site-packages/sklearn/gaussian_process/kernels.py:1713: RuntimeWarning: invalid value encountered in multiply
  K *= kv(self.nu, tmp)
/home/harvey_hu/anaconda3/lib/python3.9/site-packages/sklearn/gaussian_process/kernels.py:1713: RuntimeWarning: invalid value encountered in multiply
  K *= kv(self.nu, tmp)
/home/harvey_hu/anaconda3/lib/python3.9/site-packages/sklearn/gaussian_process/kernels.py:1713: RuntimeWarning: invalid value encountered in multiply
  K *= kv(self.nu, tmp)
/home/harvey_hu/anaconda3/lib/python3.9/site-packages/sklearn/gaussian_process/kernels.py:1713: RuntimeWarning: invalid value encountered in multiply
  K *= kv(self.nu, tmp)
/home/harvey_hu/anaconda3/lib/python3.9/site-packages/sklearn/gaussian_process/kernels.py:1713: RuntimeWarning: invalid value encountered in multiply
  K *= kv(self.nu, tmp)
/home/harvey_hu/anaconda3/lib/python3.9/site-packages/sklearn/gaussian_process/kernels.py:1713: RuntimeWarning: invalid value encountered in multiply
  K *= kv(self.nu, tmp)
/home/harvey_hu/anaconda3/lib/python3.9/site-packages/sklearn/gaussian_process/kernels.py:1713: RuntimeWarning: invalid value encountered in multiply
  K *= kv(self.nu, tmp)
/home/harvey_hu/anaconda3/lib/python3.9/site-packages/sklearn/gaussian_process/kernels.py:1713: RuntimeWarning: invalid value encountered in multiply
  K *= kv(self.nu, tmp)
/home/harvey_hu/anaconda3/lib/python3.9/site-packages/sklearn/gaussian_process/kernels.py:1713: RuntimeWarning: invalid value encountered in multiply
  K *= kv(self.nu, tmp)
/home/harvey_hu/anaconda3/lib/python3.9/site-packages/sklearn/gaussian_process/kernels.py:1713: RuntimeWarning: invalid value encountered in multiply
  K *= kv(self.nu, tmp)
/home/harvey_hu/anaconda3/lib/python3.9/site-packages/sklearn/gaussian_process/kernels.py:1713: RuntimeWarning: invalid value encountered in multiply
  K *= kv(self.nu, tmp)
/home/harvey_hu/anaconda3/lib/python3.9/site-packages/sklearn/gaussian_process/kernels.py:1713: RuntimeWarning: invalid value encountered in multiply
  K *= kv(self.nu, tmp)
/home/harvey_hu/anaconda3/lib/python3.9/site-packages/sklearn/gaussian_process/kernels.py:1713: RuntimeWarning: invalid value encountered in multiply
  K *= kv(self.nu, tmp)
/home/harvey_hu/anaconda3/lib/python3.9/site-packages/sklearn/gaussian_process/kernels.py:1713: RuntimeWarning: invalid value encountered in multiply
  K *= kv(self.nu, tmp)
/home/harvey_hu/anaconda3/lib/python3.9/site-packages/sklearn/gaussian_process/kernels.py:1713: RuntimeWarning: invalid value encountered in multiply
  K *= kv(self.nu, tmp)
/home/harvey_hu/anaconda3/lib/python3.9/site-packages/sklearn/gaussian_process/kernels.py:1713: RuntimeWarning: invalid value encountered in multiply
  K *= kv(self.nu, tmp)
/home/harvey_hu/anaconda3/lib/python3.9/site-packages/sklearn/gaussian_process/kernels.py:1713: RuntimeWarning: invalid value encountered in multiply
  K *= kv(self.nu, tmp)
/home/harvey_hu/anaconda3/lib/python3.9/site-packages/sklearn/gaussian_process/kernels.py:1713: RuntimeWarning: invalid value encountered in multiply
  K *= kv(self.nu, tmp)
/home/harvey_hu/anaconda3/lib/python3.9/site-packages/sklearn/gaussian_process/kernels.py:1713: RuntimeWarning: invalid value encountered in multiply
  K *= kv(self.nu, tmp)
/home/harvey_hu/anaconda3/lib/python3.9/site-packages/sklearn/gaussian_process/kernels.py:1713: RuntimeWarning: invalid value encountered in multiply
  K *= kv(self.nu, tmp)
/home/harvey_hu/anaconda3/lib/python3.9/site-packages/sklearn/gaussian_process/kernels.py:1713: RuntimeWarning: invalid value encountered in multiply
  K *= kv(self.nu, tmp)
/home/harvey_hu/anaconda3/lib/python3.9/site-packages/sklearn/gaussian_process/kernels.py:1713: RuntimeWarning: invalid value encountered in multiply
  K *= kv(self.nu, tmp)
/home/harvey_hu/anaconda3/lib/python3.9/site-packages/sklearn/gaussian_process/kernels.py:1713: RuntimeWarning: invalid value encountered in multiply
  K *= kv(self.nu, tmp)
/home/harvey_hu/anaconda3/lib/python3.9/site-packages/sklearn/gaussian_process/kernels.py:1713: RuntimeWarning: invalid value encountered in multiply
  K *= kv(self.nu, tmp)
/home/harvey_hu/anaconda3/lib/python3.9/site-packages/sklearn/gaussian_process/kernels.py:1713: RuntimeWarning: invalid value encountered in multiply
  K *= kv(self.nu, tmp)
/home/harvey_hu/anaconda3/lib/python3.9/site-packages/sklearn/gaussian_process/kernels.py:1713: RuntimeWarning: invalid value encountered in multiply
  K *= kv(self.nu, tmp)
/home/harvey_hu/anaconda3/lib/python3.9/site-packages/sklearn/gaussian_process/kernels.py:1713: RuntimeWarning: invalid value encountered in multiply
  K *= kv(self.nu, tmp)
/home/harvey_hu/anaconda3/lib/python3.9/site-packages/sklearn/gaussian_process/kernels.py:1713: RuntimeWarning: invalid value encountered in multiply
  K *= kv(self.nu, tmp)
/home/harvey_hu/anaconda3/lib/python3.9/site-packages/sklearn/model_selection/_validation.py:770: UserWarning: Scoring failed. The score on this train-test partition for these parameters will be set to nan. Details: 
Traceback (most recent call last):
  File "/home/harvey_hu/anaconda3/lib/python3.9/site-packages/sklearn/model_selection/_validation.py", line 761, in _score
    scores = scorer(estimator, X_test, y_test)
  File "/home/harvey_hu/anaconda3/lib/python3.9/site-packages/sklearn/metrics/_scorer.py", line 418, in _passthrough_scorer
    return estimator.score(*args, **kwargs)
  File "/home/harvey_hu/anaconda3/lib/python3.9/site-packages/sklearn/base.py", line 706, in score
    return r2_score(y, y_pred, sample_weight=sample_weight)
  File "/home/harvey_hu/anaconda3/lib/python3.9/site-packages/sklearn/metrics/_regression.py", line 789, in r2_score
    y_type, y_true, y_pred, multioutput = _check_reg_targets(
  File "/home/harvey_hu/anaconda3/lib/python3.9/site-packages/sklearn/metrics/_regression.py", line 96, in _check_reg_targets
    y_pred = check_array(y_pred, ensure_2d=False, dtype=dtype)
  File "/home/harvey_hu/anaconda3/lib/python3.9/site-packages/sklearn/utils/validation.py", line 800, in check_array
    _assert_all_finite(array, allow_nan=force_all_finite == "allow-nan")
  File "/home/harvey_hu/anaconda3/lib/python3.9/site-packages/sklearn/utils/validation.py", line 114, in _assert_all_finite
    raise ValueError(
ValueError: Input contains NaN, infinity or a value too large for dtype('float64').

  warnings.warn(
/home/harvey_hu/anaconda3/lib/python3.9/site-packages/sklearn/model_selection/_validation.py:770: UserWarning: Scoring failed. The score on this train-test partition for these parameters will be set to nan. Details: 
Traceback (most recent call last):
  File "/home/harvey_hu/anaconda3/lib/python3.9/site-packages/sklearn/model_selection/_validation.py", line 761, in _score
    scores = scorer(estimator, X_test, y_test)
  File "/home/harvey_hu/anaconda3/lib/python3.9/site-packages/sklearn/metrics/_scorer.py", line 418, in _passthrough_scorer
    return estimator.score(*args, **kwargs)
  File "/home/harvey_hu/anaconda3/lib/python3.9/site-packages/sklearn/base.py", line 706, in score
    return r2_score(y, y_pred, sample_weight=sample_weight)
  File "/home/harvey_hu/anaconda3/lib/python3.9/site-packages/sklearn/metrics/_regression.py", line 789, in r2_score
    y_type, y_true, y_pred, multioutput = _check_reg_targets(
  File "/home/harvey_hu/anaconda3/lib/python3.9/site-packages/sklearn/metrics/_regression.py", line 96, in _check_reg_targets
    y_pred = check_array(y_pred, ensure_2d=False, dtype=dtype)
  File "/home/harvey_hu/anaconda3/lib/python3.9/site-packages/sklearn/utils/validation.py", line 800, in check_array
    _assert_all_finite(array, allow_nan=force_all_finite == "allow-nan")
  File "/home/harvey_hu/anaconda3/lib/python3.9/site-packages/sklearn/utils/validation.py", line 114, in _assert_all_finite
    raise ValueError(
ValueError: Input contains NaN, infinity or a value too large for dtype('float64').

  warnings.warn(
/home/harvey_hu/anaconda3/lib/python3.9/site-packages/sklearn/gaussian_process/kernels.py:1713: RuntimeWarning: invalid value encountered in multiply
  K *= kv(self.nu, tmp)
/home/harvey_hu/anaconda3/lib/python3.9/site-packages/sklearn/gaussian_process/kernels.py:1713: RuntimeWarning: invalid value encountered in multiply
  K *= kv(self.nu, tmp)
/home/harvey_hu/anaconda3/lib/python3.9/site-packages/sklearn/gaussian_process/kernels.py:1713: RuntimeWarning: invalid value encountered in multiply
  K *= kv(self.nu, tmp)
/home/harvey_hu/anaconda3/lib/python3.9/site-packages/sklearn/gaussian_process/kernels.py:1713: RuntimeWarning: invalid value encountered in multiply
  K *= kv(self.nu, tmp)
/home/harvey_hu/anaconda3/lib/python3.9/site-packages/sklearn/gaussian_process/kernels.py:1713: RuntimeWarning: invalid value encountered in multiply
  K *= kv(self.nu, tmp)
/home/harvey_hu/anaconda3/lib/python3.9/site-packages/sklearn/gaussian_process/kernels.py:1713: RuntimeWarning: invalid value encountered in multiply
  K *= kv(self.nu, tmp)
/home/harvey_hu/anaconda3/lib/python3.9/site-packages/sklearn/gaussian_process/kernels.py:1713: RuntimeWarning: invalid value encountered in multiply
  K *= kv(self.nu, tmp)
/home/harvey_hu/anaconda3/lib/python3.9/site-packages/sklearn/gaussian_process/kernels.py:1713: RuntimeWarning: invalid value encountered in multiply
  K *= kv(self.nu, tmp)
/home/harvey_hu/anaconda3/lib/python3.9/site-packages/sklearn/gaussian_process/kernels.py:1713: RuntimeWarning: invalid value encountered in multiply
  K *= kv(self.nu, tmp)
/home/harvey_hu/anaconda3/lib/python3.9/site-packages/sklearn/gaussian_process/kernels.py:1713: RuntimeWarning: invalid value encountered in multiply
  K *= kv(self.nu, tmp)
/home/harvey_hu/anaconda3/lib/python3.9/site-packages/sklearn/gaussian_process/kernels.py:1713: RuntimeWarning: invalid value encountered in multiply
  K *= kv(self.nu, tmp)
/home/harvey_hu/anaconda3/lib/python3.9/site-packages/sklearn/gaussian_process/kernels.py:1713: RuntimeWarning: invalid value encountered in multiply
  K *= kv(self.nu, tmp)
/home/harvey_hu/anaconda3/lib/python3.9/site-packages/sklearn/gaussian_process/kernels.py:1713: RuntimeWarning: invalid value encountered in multiply
  K *= kv(self.nu, tmp)
/home/harvey_hu/anaconda3/lib/python3.9/site-packages/sklearn/gaussian_process/kernels.py:1713: RuntimeWarning: invalid value encountered in multiply
  K *= kv(self.nu, tmp)
/home/harvey_hu/anaconda3/lib/python3.9/site-packages/sklearn/gaussian_process/kernels.py:1713: RuntimeWarning: invalid value encountered in multiply
  K *= kv(self.nu, tmp)
/home/harvey_hu/anaconda3/lib/python3.9/site-packages/sklearn/gaussian_process/kernels.py:1713: RuntimeWarning: invalid value encountered in multiply
  K *= kv(self.nu, tmp)
/home/harvey_hu/anaconda3/lib/python3.9/site-packages/sklearn/gaussian_process/kernels.py:1713: RuntimeWarning: invalid value encountered in multiply
  K *= kv(self.nu, tmp)
/home/harvey_hu/anaconda3/lib/python3.9/site-packages/sklearn/gaussian_process/kernels.py:1713: RuntimeWarning: invalid value encountered in multiply
  K *= kv(self.nu, tmp)
/home/harvey_hu/anaconda3/lib/python3.9/site-packages/sklearn/model_selection/_validation.py:770: UserWarning: Scoring failed. The score on this train-test partition for these parameters will be set to nan. Details: 
Traceback (most recent call last):
  File "/home/harvey_hu/anaconda3/lib/python3.9/site-packages/sklearn/model_selection/_validation.py", line 761, in _score
    scores = scorer(estimator, X_test, y_test)
  File "/home/harvey_hu/anaconda3/lib/python3.9/site-packages/sklearn/metrics/_scorer.py", line 418, in _passthrough_scorer
    return estimator.score(*args, **kwargs)
  File "/home/harvey_hu/anaconda3/lib/python3.9/site-packages/sklearn/base.py", line 706, in score
    return r2_score(y, y_pred, sample_weight=sample_weight)
  File "/home/harvey_hu/anaconda3/lib/python3.9/site-packages/sklearn/metrics/_regression.py", line 789, in r2_score
    y_type, y_true, y_pred, multioutput = _check_reg_targets(
  File "/home/harvey_hu/anaconda3/lib/python3.9/site-packages/sklearn/metrics/_regression.py", line 96, in _check_reg_targets
    y_pred = check_array(y_pred, ensure_2d=False, dtype=dtype)
  File "/home/harvey_hu/anaconda3/lib/python3.9/site-packages/sklearn/utils/validation.py", line 800, in check_array
    _assert_all_finite(array, allow_nan=force_all_finite == "allow-nan")
  File "/home/harvey_hu/anaconda3/lib/python3.9/site-packages/sklearn/utils/validation.py", line 114, in _assert_all_finite
    raise ValueError(
ValueError: Input contains NaN, infinity or a value too large for dtype('float64').

  warnings.warn(
/home/harvey_hu/anaconda3/lib/python3.9/site-packages/sklearn/model_selection/_validation.py:770: UserWarning: Scoring failed. The score on this train-test partition for these parameters will be set to nan. Details: 
Traceback (most recent call last):
  File "/home/harvey_hu/anaconda3/lib/python3.9/site-packages/sklearn/model_selection/_validation.py", line 761, in _score
    scores = scorer(estimator, X_test, y_test)
  File "/home/harvey_hu/anaconda3/lib/python3.9/site-packages/sklearn/metrics/_scorer.py", line 418, in _passthrough_scorer
    return estimator.score(*args, **kwargs)
  File "/home/harvey_hu/anaconda3/lib/python3.9/site-packages/sklearn/base.py", line 706, in score
    return r2_score(y, y_pred, sample_weight=sample_weight)
  File "/home/harvey_hu/anaconda3/lib/python3.9/site-packages/sklearn/metrics/_regression.py", line 789, in r2_score
    y_type, y_true, y_pred, multioutput = _check_reg_targets(
  File "/home/harvey_hu/anaconda3/lib/python3.9/site-packages/sklearn/metrics/_regression.py", line 96, in _check_reg_targets
    y_pred = check_array(y_pred, ensure_2d=False, dtype=dtype)
  File "/home/harvey_hu/anaconda3/lib/python3.9/site-packages/sklearn/utils/validation.py", line 800, in check_array
    _assert_all_finite(array, allow_nan=force_all_finite == "allow-nan")
  File "/home/harvey_hu/anaconda3/lib/python3.9/site-packages/sklearn/utils/validation.py", line 114, in _assert_all_finite
    raise ValueError(
ValueError: Input contains NaN, infinity or a value too large for dtype('float64').

  warnings.warn(
/home/harvey_hu/anaconda3/lib/python3.9/site-packages/sklearn/gaussian_process/kernels.py:1713: RuntimeWarning: invalid value encountered in multiply
  K *= kv(self.nu, tmp)
/home/harvey_hu/anaconda3/lib/python3.9/site-packages/sklearn/gaussian_process/kernels.py:1713: RuntimeWarning: invalid value encountered in multiply
  K *= kv(self.nu, tmp)
/home/harvey_hu/anaconda3/lib/python3.9/site-packages/sklearn/gaussian_process/kernels.py:1713: RuntimeWarning: invalid value encountered in multiply
  K *= kv(self.nu, tmp)
/home/harvey_hu/anaconda3/lib/python3.9/site-packages/sklearn/gaussian_process/kernels.py:1713: RuntimeWarning: invalid value encountered in multiply
  K *= kv(self.nu, tmp)
/home/harvey_hu/anaconda3/lib/python3.9/site-packages/sklearn/gaussian_process/kernels.py:1713: RuntimeWarning: invalid value encountered in multiply
  K *= kv(self.nu, tmp)
/home/harvey_hu/anaconda3/lib/python3.9/site-packages/sklearn/gaussian_process/kernels.py:1713: RuntimeWarning: invalid value encountered in multiply
  K *= kv(self.nu, tmp)
/home/harvey_hu/anaconda3/lib/python3.9/site-packages/sklearn/gaussian_process/kernels.py:1713: RuntimeWarning: invalid value encountered in multiply
  K *= kv(self.nu, tmp)
/home/harvey_hu/anaconda3/lib/python3.9/site-packages/sklearn/gaussian_process/kernels.py:1713: RuntimeWarning: invalid value encountered in multiply
  K *= kv(self.nu, tmp)
/home/harvey_hu/anaconda3/lib/python3.9/site-packages/sklearn/gaussian_process/kernels.py:1713: RuntimeWarning: invalid value encountered in multiply
  K *= kv(self.nu, tmp)
/home/harvey_hu/anaconda3/lib/python3.9/site-packages/sklearn/gaussian_process/kernels.py:1713: RuntimeWarning: invalid value encountered in multiply
  K *= kv(self.nu, tmp)
/home/harvey_hu/anaconda3/lib/python3.9/site-packages/sklearn/gaussian_process/kernels.py:1713: RuntimeWarning: invalid value encountered in multiply
  K *= kv(self.nu, tmp)
/home/harvey_hu/anaconda3/lib/python3.9/site-packages/sklearn/gaussian_process/kernels.py:1713: RuntimeWarning: invalid value encountered in multiply
  K *= kv(self.nu, tmp)
/home/harvey_hu/anaconda3/lib/python3.9/site-packages/sklearn/gaussian_process/kernels.py:1713: RuntimeWarning: invalid value encountered in multiply
  K *= kv(self.nu, tmp)
/home/harvey_hu/anaconda3/lib/python3.9/site-packages/sklearn/gaussian_process/kernels.py:1713: RuntimeWarning: invalid value encountered in multiply
  K *= kv(self.nu, tmp)
/home/harvey_hu/anaconda3/lib/python3.9/site-packages/sklearn/gaussian_process/kernels.py:1713: RuntimeWarning: invalid value encountered in multiply
  K *= kv(self.nu, tmp)
/home/harvey_hu/anaconda3/lib/python3.9/site-packages/sklearn/gaussian_process/kernels.py:1713: RuntimeWarning: invalid value encountered in multiply
  K *= kv(self.nu, tmp)
/home/harvey_hu/anaconda3/lib/python3.9/site-packages/sklearn/gaussian_process/kernels.py:1713: RuntimeWarning: invalid value encountered in multiply
  K *= kv(self.nu, tmp)
/home/harvey_hu/anaconda3/lib/python3.9/site-packages/sklearn/gaussian_process/kernels.py:1713: RuntimeWarning: invalid value encountered in multiply
  K *= kv(self.nu, tmp)
/home/harvey_hu/anaconda3/lib/python3.9/site-packages/sklearn/gaussian_process/kernels.py:1713: RuntimeWarning: invalid value encountered in multiply
  K *= kv(self.nu, tmp)
/home/harvey_hu/anaconda3/lib/python3.9/site-packages/sklearn/model_selection/_validation.py:770: UserWarning: Scoring failed. The score on this train-test partition for these parameters will be set to nan. Details: 
Traceback (most recent call last):
  File "/home/harvey_hu/anaconda3/lib/python3.9/site-packages/sklearn/model_selection/_validation.py", line 761, in _score
    scores = scorer(estimator, X_test, y_test)
  File "/home/harvey_hu/anaconda3/lib/python3.9/site-packages/sklearn/metrics/_scorer.py", line 418, in _passthrough_scorer
    return estimator.score(*args, **kwargs)
  File "/home/harvey_hu/anaconda3/lib/python3.9/site-packages/sklearn/base.py", line 706, in score
    return r2_score(y, y_pred, sample_weight=sample_weight)
  File "/home/harvey_hu/anaconda3/lib/python3.9/site-packages/sklearn/metrics/_regression.py", line 789, in r2_score
    y_type, y_true, y_pred, multioutput = _check_reg_targets(
  File "/home/harvey_hu/anaconda3/lib/python3.9/site-packages/sklearn/metrics/_regression.py", line 96, in _check_reg_targets
    y_pred = check_array(y_pred, ensure_2d=False, dtype=dtype)
  File "/home/harvey_hu/anaconda3/lib/python3.9/site-packages/sklearn/utils/validation.py", line 800, in check_array
    _assert_all_finite(array, allow_nan=force_all_finite == "allow-nan")
  File "/home/harvey_hu/anaconda3/lib/python3.9/site-packages/sklearn/utils/validation.py", line 114, in _assert_all_finite
    raise ValueError(
ValueError: Input contains NaN, infinity or a value too large for dtype('float64').

  warnings.warn(
/home/harvey_hu/anaconda3/lib/python3.9/site-packages/sklearn/model_selection/_validation.py:770: UserWarning: Scoring failed. The score on this train-test partition for these parameters will be set to nan. Details: 
Traceback (most recent call last):
  File "/home/harvey_hu/anaconda3/lib/python3.9/site-packages/sklearn/model_selection/_validation.py", line 761, in _score
    scores = scorer(estimator, X_test, y_test)
  File "/home/harvey_hu/anaconda3/lib/python3.9/site-packages/sklearn/metrics/_scorer.py", line 418, in _passthrough_scorer
    return estimator.score(*args, **kwargs)
  File "/home/harvey_hu/anaconda3/lib/python3.9/site-packages/sklearn/base.py", line 706, in score
    return r2_score(y, y_pred, sample_weight=sample_weight)
  File "/home/harvey_hu/anaconda3/lib/python3.9/site-packages/sklearn/metrics/_regression.py", line 789, in r2_score
    y_type, y_true, y_pred, multioutput = _check_reg_targets(
  File "/home/harvey_hu/anaconda3/lib/python3.9/site-packages/sklearn/metrics/_regression.py", line 96, in _check_reg_targets
    y_pred = check_array(y_pred, ensure_2d=False, dtype=dtype)
  File "/home/harvey_hu/anaconda3/lib/python3.9/site-packages/sklearn/utils/validation.py", line 800, in check_array
    _assert_all_finite(array, allow_nan=force_all_finite == "allow-nan")
  File "/home/harvey_hu/anaconda3/lib/python3.9/site-packages/sklearn/utils/validation.py", line 114, in _assert_all_finite
    raise ValueError(
ValueError: Input contains NaN, infinity or a value too large for dtype('float64').

  warnings.warn(
/home/harvey_hu/anaconda3/lib/python3.9/site-packages/sklearn/gaussian_process/kernels.py:1713: RuntimeWarning: invalid value encountered in multiply
  K *= kv(self.nu, tmp)
/home/harvey_hu/anaconda3/lib/python3.9/site-packages/sklearn/gaussian_process/kernels.py:1713: RuntimeWarning: invalid value encountered in multiply
  K *= kv(self.nu, tmp)
/home/harvey_hu/anaconda3/lib/python3.9/site-packages/sklearn/gaussian_process/kernels.py:1713: RuntimeWarning: invalid value encountered in multiply
  K *= kv(self.nu, tmp)
/home/harvey_hu/anaconda3/lib/python3.9/site-packages/sklearn/gaussian_process/kernels.py:1713: RuntimeWarning: invalid value encountered in multiply
  K *= kv(self.nu, tmp)
/home/harvey_hu/anaconda3/lib/python3.9/site-packages/sklearn/model_selection/_validation.py:770: UserWarning: Scoring failed. The score on this train-test partition for these parameters will be set to nan. Details: 
Traceback (most recent call last):
  File "/home/harvey_hu/anaconda3/lib/python3.9/site-packages/sklearn/model_selection/_validation.py", line 761, in _score
    scores = scorer(estimator, X_test, y_test)
  File "/home/harvey_hu/anaconda3/lib/python3.9/site-packages/sklearn/metrics/_scorer.py", line 418, in _passthrough_scorer
    return estimator.score(*args, **kwargs)
  File "/home/harvey_hu/anaconda3/lib/python3.9/site-packages/sklearn/base.py", line 706, in score
    return r2_score(y, y_pred, sample_weight=sample_weight)
  File "/home/harvey_hu/anaconda3/lib/python3.9/site-packages/sklearn/metrics/_regression.py", line 789, in r2_score
    y_type, y_true, y_pred, multioutput = _check_reg_targets(
  File "/home/harvey_hu/anaconda3/lib/python3.9/site-packages/sklearn/metrics/_regression.py", line 96, in _check_reg_targets
    y_pred = check_array(y_pred, ensure_2d=False, dtype=dtype)
  File "/home/harvey_hu/anaconda3/lib/python3.9/site-packages/sklearn/utils/validation.py", line 800, in check_array
    _assert_all_finite(array, allow_nan=force_all_finite == "allow-nan")
  File "/home/harvey_hu/anaconda3/lib/python3.9/site-packages/sklearn/utils/validation.py", line 114, in _assert_all_finite
    raise ValueError(
ValueError: Input contains NaN, infinity or a value too large for dtype('float64').

  warnings.warn(
/home/harvey_hu/anaconda3/lib/python3.9/site-packages/sklearn/gaussian_process/kernels.py:1713: RuntimeWarning: invalid value encountered in multiply
  K *= kv(self.nu, tmp)
/home/harvey_hu/anaconda3/lib/python3.9/site-packages/sklearn/gaussian_process/kernels.py:1713: RuntimeWarning: invalid value encountered in multiply
  K *= kv(self.nu, tmp)
/home/harvey_hu/anaconda3/lib/python3.9/site-packages/sklearn/gaussian_process/kernels.py:1713: RuntimeWarning: invalid value encountered in multiply
  K *= kv(self.nu, tmp)
/home/harvey_hu/anaconda3/lib/python3.9/site-packages/sklearn/gaussian_process/kernels.py:1713: RuntimeWarning: invalid value encountered in multiply
  K *= kv(self.nu, tmp)
/home/harvey_hu/anaconda3/lib/python3.9/site-packages/sklearn/model_selection/_validation.py:770: UserWarning: Scoring failed. The score on this train-test partition for these parameters will be set to nan. Details: 
Traceback (most recent call last):
  File "/home/harvey_hu/anaconda3/lib/python3.9/site-packages/sklearn/model_selection/_validation.py", line 761, in _score
    scores = scorer(estimator, X_test, y_test)
  File "/home/harvey_hu/anaconda3/lib/python3.9/site-packages/sklearn/metrics/_scorer.py", line 418, in _passthrough_scorer
    return estimator.score(*args, **kwargs)
  File "/home/harvey_hu/anaconda3/lib/python3.9/site-packages/sklearn/base.py", line 706, in score
    return r2_score(y, y_pred, sample_weight=sample_weight)
  File "/home/harvey_hu/anaconda3/lib/python3.9/site-packages/sklearn/metrics/_regression.py", line 789, in r2_score
    y_type, y_true, y_pred, multioutput = _check_reg_targets(
  File "/home/harvey_hu/anaconda3/lib/python3.9/site-packages/sklearn/metrics/_regression.py", line 96, in _check_reg_targets
    y_pred = check_array(y_pred, ensure_2d=False, dtype=dtype)
  File "/home/harvey_hu/anaconda3/lib/python3.9/site-packages/sklearn/utils/validation.py", line 800, in check_array
    _assert_all_finite(array, allow_nan=force_all_finite == "allow-nan")
  File "/home/harvey_hu/anaconda3/lib/python3.9/site-packages/sklearn/utils/validation.py", line 114, in _assert_all_finite
    raise ValueError(
ValueError: Input contains NaN, infinity or a value too large for dtype('float64').

  warnings.warn(
/home/harvey_hu/anaconda3/lib/python3.9/site-packages/sklearn/gaussian_process/kernels.py:1713: RuntimeWarning: invalid value encountered in multiply
  K *= kv(self.nu, tmp)
/home/harvey_hu/anaconda3/lib/python3.9/site-packages/sklearn/gaussian_process/kernels.py:1713: RuntimeWarning: invalid value encountered in multiply
  K *= kv(self.nu, tmp)
/home/harvey_hu/anaconda3/lib/python3.9/site-packages/sklearn/gaussian_process/kernels.py:1713: RuntimeWarning: invalid value encountered in multiply
  K *= kv(self.nu, tmp)
/home/harvey_hu/anaconda3/lib/python3.9/site-packages/sklearn/gaussian_process/kernels.py:1713: RuntimeWarning: invalid value encountered in multiply
  K *= kv(self.nu, tmp)
/home/harvey_hu/anaconda3/lib/python3.9/site-packages/sklearn/gaussian_process/kernels.py:1713: RuntimeWarning: invalid value encountered in multiply
  K *= kv(self.nu, tmp)
/home/harvey_hu/anaconda3/lib/python3.9/site-packages/sklearn/gaussian_process/kernels.py:1713: RuntimeWarning: invalid value encountered in multiply
  K *= kv(self.nu, tmp)
/home/harvey_hu/anaconda3/lib/python3.9/site-packages/sklearn/gaussian_process/kernels.py:1713: RuntimeWarning: invalid value encountered in multiply
  K *= kv(self.nu, tmp)
/home/harvey_hu/anaconda3/lib/python3.9/site-packages/sklearn/gaussian_process/kernels.py:1713: RuntimeWarning: invalid value encountered in multiply
  K *= kv(self.nu, tmp)
/home/harvey_hu/anaconda3/lib/python3.9/site-packages/sklearn/gaussian_process/kernels.py:1713: RuntimeWarning: invalid value encountered in multiply
  K *= kv(self.nu, tmp)
/home/harvey_hu/anaconda3/lib/python3.9/site-packages/sklearn/gaussian_process/kernels.py:1713: RuntimeWarning: invalid value encountered in multiply
  K *= kv(self.nu, tmp)
/home/harvey_hu/anaconda3/lib/python3.9/site-packages/sklearn/gaussian_process/kernels.py:1713: RuntimeWarning: invalid value encountered in multiply
  K *= kv(self.nu, tmp)
/home/harvey_hu/anaconda3/lib/python3.9/site-packages/numpy/core/fromnumeric.py:86: RuntimeWarning: invalid value encountered in reduce
  return ufunc.reduce(obj, axis, dtype, out, **passkwargs)
/home/harvey_hu/anaconda3/lib/python3.9/site-packages/sklearn/model_selection/_validation.py:770: UserWarning: Scoring failed. The score on this train-test partition for these parameters will be set to nan. Details: 
Traceback (most recent call last):
  File "/home/harvey_hu/anaconda3/lib/python3.9/site-packages/sklearn/model_selection/_validation.py", line 761, in _score
    scores = scorer(estimator, X_test, y_test)
  File "/home/harvey_hu/anaconda3/lib/python3.9/site-packages/sklearn/metrics/_scorer.py", line 418, in _passthrough_scorer
    return estimator.score(*args, **kwargs)
  File "/home/harvey_hu/anaconda3/lib/python3.9/site-packages/sklearn/base.py", line 706, in score
    return r2_score(y, y_pred, sample_weight=sample_weight)
  File "/home/harvey_hu/anaconda3/lib/python3.9/site-packages/sklearn/metrics/_regression.py", line 789, in r2_score
    y_type, y_true, y_pred, multioutput = _check_reg_targets(
  File "/home/harvey_hu/anaconda3/lib/python3.9/site-packages/sklearn/metrics/_regression.py", line 96, in _check_reg_targets
    y_pred = check_array(y_pred, ensure_2d=False, dtype=dtype)
  File "/home/harvey_hu/anaconda3/lib/python3.9/site-packages/sklearn/utils/validation.py", line 800, in check_array
    _assert_all_finite(array, allow_nan=force_all_finite == "allow-nan")
  File "/home/harvey_hu/anaconda3/lib/python3.9/site-packages/sklearn/utils/validation.py", line 114, in _assert_all_finite
    raise ValueError(
ValueError: Input contains NaN, infinity or a value too large for dtype('float64').

  warnings.warn(
/home/harvey_hu/anaconda3/lib/python3.9/site-packages/sklearn/model_selection/_validation.py:770: UserWarning: Scoring failed. The score on this train-test partition for these parameters will be set to nan. Details: 
Traceback (most recent call last):
  File "/home/harvey_hu/anaconda3/lib/python3.9/site-packages/sklearn/model_selection/_validation.py", line 761, in _score
    scores = scorer(estimator, X_test, y_test)
  File "/home/harvey_hu/anaconda3/lib/python3.9/site-packages/sklearn/metrics/_scorer.py", line 418, in _passthrough_scorer
    return estimator.score(*args, **kwargs)
  File "/home/harvey_hu/anaconda3/lib/python3.9/site-packages/sklearn/base.py", line 706, in score
    return r2_score(y, y_pred, sample_weight=sample_weight)
  File "/home/harvey_hu/anaconda3/lib/python3.9/site-packages/sklearn/metrics/_regression.py", line 789, in r2_score
    y_type, y_true, y_pred, multioutput = _check_reg_targets(
  File "/home/harvey_hu/anaconda3/lib/python3.9/site-packages/sklearn/metrics/_regression.py", line 96, in _check_reg_targets
    y_pred = check_array(y_pred, ensure_2d=False, dtype=dtype)
  File "/home/harvey_hu/anaconda3/lib/python3.9/site-packages/sklearn/utils/validation.py", line 800, in check_array
    _assert_all_finite(array, allow_nan=force_all_finite == "allow-nan")
  File "/home/harvey_hu/anaconda3/lib/python3.9/site-packages/sklearn/utils/validation.py", line 114, in _assert_all_finite
    raise ValueError(
ValueError: Input contains NaN, infinity or a value too large for dtype('float64').

  warnings.warn(
/home/harvey_hu/anaconda3/lib/python3.9/site-packages/sklearn/gaussian_process/kernels.py:1713: RuntimeWarning: invalid value encountered in multiply
  K *= kv(self.nu, tmp)
/home/harvey_hu/anaconda3/lib/python3.9/site-packages/sklearn/gaussian_process/kernels.py:1713: RuntimeWarning: invalid value encountered in multiply
  K *= kv(self.nu, tmp)
/home/harvey_hu/anaconda3/lib/python3.9/site-packages/sklearn/gaussian_process/kernels.py:1713: RuntimeWarning: invalid value encountered in multiply
  K *= kv(self.nu, tmp)
/home/harvey_hu/anaconda3/lib/python3.9/site-packages/sklearn/gaussian_process/kernels.py:1713: RuntimeWarning: invalid value encountered in multiply
  K *= kv(self.nu, tmp)
/home/harvey_hu/anaconda3/lib/python3.9/site-packages/sklearn/gaussian_process/kernels.py:1713: RuntimeWarning: invalid value encountered in multiply
  K *= kv(self.nu, tmp)
/home/harvey_hu/anaconda3/lib/python3.9/site-packages/sklearn/model_selection/_validation.py:770: UserWarning: Scoring failed. The score on this train-test partition for these parameters will be set to nan. Details: 
Traceback (most recent call last):
  File "/home/harvey_hu/anaconda3/lib/python3.9/site-packages/sklearn/model_selection/_validation.py", line 761, in _score
    scores = scorer(estimator, X_test, y_test)
  File "/home/harvey_hu/anaconda3/lib/python3.9/site-packages/sklearn/metrics/_scorer.py", line 418, in _passthrough_scorer
    return estimator.score(*args, **kwargs)
  File "/home/harvey_hu/anaconda3/lib/python3.9/site-packages/sklearn/base.py", line 706, in score
    return r2_score(y, y_pred, sample_weight=sample_weight)
  File "/home/harvey_hu/anaconda3/lib/python3.9/site-packages/sklearn/metrics/_regression.py", line 789, in r2_score
    y_type, y_true, y_pred, multioutput = _check_reg_targets(
  File "/home/harvey_hu/anaconda3/lib/python3.9/site-packages/sklearn/metrics/_regression.py", line 96, in _check_reg_targets
    y_pred = check_array(y_pred, ensure_2d=False, dtype=dtype)
  File "/home/harvey_hu/anaconda3/lib/python3.9/site-packages/sklearn/utils/validation.py", line 800, in check_array
    _assert_all_finite(array, allow_nan=force_all_finite == "allow-nan")
  File "/home/harvey_hu/anaconda3/lib/python3.9/site-packages/sklearn/utils/validation.py", line 114, in _assert_all_finite
    raise ValueError(
ValueError: Input contains NaN, infinity or a value too large for dtype('float64').

  warnings.warn(
/home/harvey_hu/anaconda3/lib/python3.9/site-packages/sklearn/gaussian_process/kernels.py:1713: RuntimeWarning: invalid value encountered in multiply
  K *= kv(self.nu, tmp)
/home/harvey_hu/anaconda3/lib/python3.9/site-packages/sklearn/gaussian_process/kernels.py:1713: RuntimeWarning: invalid value encountered in multiply
  K *= kv(self.nu, tmp)
/home/harvey_hu/anaconda3/lib/python3.9/site-packages/sklearn/gaussian_process/kernels.py:1713: RuntimeWarning: invalid value encountered in multiply
  K *= kv(self.nu, tmp)
/home/harvey_hu/anaconda3/lib/python3.9/site-packages/sklearn/model_selection/_validation.py:770: UserWarning: Scoring failed. The score on this train-test partition for these parameters will be set to nan. Details: 
Traceback (most recent call last):
  File "/home/harvey_hu/anaconda3/lib/python3.9/site-packages/sklearn/model_selection/_validation.py", line 761, in _score
    scores = scorer(estimator, X_test, y_test)
  File "/home/harvey_hu/anaconda3/lib/python3.9/site-packages/sklearn/metrics/_scorer.py", line 418, in _passthrough_scorer
    return estimator.score(*args, **kwargs)
  File "/home/harvey_hu/anaconda3/lib/python3.9/site-packages/sklearn/base.py", line 706, in score
    return r2_score(y, y_pred, sample_weight=sample_weight)
  File "/home/harvey_hu/anaconda3/lib/python3.9/site-packages/sklearn/metrics/_regression.py", line 789, in r2_score
    y_type, y_true, y_pred, multioutput = _check_reg_targets(
  File "/home/harvey_hu/anaconda3/lib/python3.9/site-packages/sklearn/metrics/_regression.py", line 96, in _check_reg_targets
    y_pred = check_array(y_pred, ensure_2d=False, dtype=dtype)
  File "/home/harvey_hu/anaconda3/lib/python3.9/site-packages/sklearn/utils/validation.py", line 800, in check_array
    _assert_all_finite(array, allow_nan=force_all_finite == "allow-nan")
  File "/home/harvey_hu/anaconda3/lib/python3.9/site-packages/sklearn/utils/validation.py", line 114, in _assert_all_finite
    raise ValueError(
ValueError: Input contains NaN, infinity or a value too large for dtype('float64').

  warnings.warn(
/home/harvey_hu/anaconda3/lib/python3.9/site-packages/sklearn/gaussian_process/kernels.py:1713: RuntimeWarning: invalid value encountered in multiply
  K *= kv(self.nu, tmp)
/home/harvey_hu/anaconda3/lib/python3.9/site-packages/sklearn/gaussian_process/kernels.py:1713: RuntimeWarning: invalid value encountered in multiply
  K *= kv(self.nu, tmp)
/home/harvey_hu/anaconda3/lib/python3.9/site-packages/sklearn/gaussian_process/kernels.py:1713: RuntimeWarning: invalid value encountered in multiply
  K *= kv(self.nu, tmp)
/home/harvey_hu/anaconda3/lib/python3.9/site-packages/sklearn/gaussian_process/kernels.py:1713: RuntimeWarning: invalid value encountered in multiply
  K *= kv(self.nu, tmp)
/home/harvey_hu/anaconda3/lib/python3.9/site-packages/sklearn/gaussian_process/kernels.py:1713: RuntimeWarning: invalid value encountered in multiply
  K *= kv(self.nu, tmp)
/home/harvey_hu/anaconda3/lib/python3.9/site-packages/sklearn/gaussian_process/kernels.py:1713: RuntimeWarning: invalid value encountered in multiply
  K *= kv(self.nu, tmp)
/home/harvey_hu/anaconda3/lib/python3.9/site-packages/sklearn/gaussian_process/kernels.py:1713: RuntimeWarning: invalid value encountered in multiply
  K *= kv(self.nu, tmp)
/home/harvey_hu/anaconda3/lib/python3.9/site-packages/sklearn/gaussian_process/kernels.py:1713: RuntimeWarning: invalid value encountered in multiply
  K *= kv(self.nu, tmp)
/home/harvey_hu/anaconda3/lib/python3.9/site-packages/sklearn/gaussian_process/kernels.py:1713: RuntimeWarning: invalid value encountered in multiply
  K *= kv(self.nu, tmp)
/home/harvey_hu/anaconda3/lib/python3.9/site-packages/sklearn/gaussian_process/kernels.py:1713: RuntimeWarning: invalid value encountered in multiply
  K *= kv(self.nu, tmp)
/home/harvey_hu/anaconda3/lib/python3.9/site-packages/sklearn/gaussian_process/kernels.py:1713: RuntimeWarning: invalid value encountered in multiply
  K *= kv(self.nu, tmp)
/home/harvey_hu/anaconda3/lib/python3.9/site-packages/sklearn/gaussian_process/kernels.py:1713: RuntimeWarning: invalid value encountered in multiply
  K *= kv(self.nu, tmp)
/home/harvey_hu/anaconda3/lib/python3.9/site-packages/sklearn/model_selection/_validation.py:372: FitFailedWarning: 
87 fits failed out of a total of 500.
The score on these train-test partitions for these parameters will be set to nan.
If these failures are not expected, you can try to debug them by setting error_score='raise'.

Below are more details about the failures:
--------------------------------------------------------------------------------
1 fits failed with the following error:
Traceback (most recent call last):
  File "/home/harvey_hu/anaconda3/lib/python3.9/site-packages/sklearn/model_selection/_validation.py", line 680, in _fit_and_score
    estimator.fit(X_train, y_train, **fit_params)
  File "/home/harvey_hu/anaconda3/lib/python3.9/site-packages/sklearn/gaussian_process/_gpr.py", line 310, in fit
    self.L_ = cholesky(K, lower=GPR_CHOLESKY_LOWER, check_finite=False)
  File "/home/harvey_hu/anaconda3/lib/python3.9/site-packages/scipy/linalg/_decomp_cholesky.py", line 88, in cholesky
    c, lower = _cholesky(a, lower=lower, overwrite_a=overwrite_a, clean=True,
  File "/home/harvey_hu/anaconda3/lib/python3.9/site-packages/scipy/linalg/_decomp_cholesky.py", line 37, in _cholesky
    raise LinAlgError("%d-th leading minor of the array is not positive "
numpy.linalg.LinAlgError: ("The kernel, Matern(length_scale=1.2, nu=60), is not returning a positive definite matrix. Try gradually increasing the 'alpha' parameter of your GaussianProcessRegressor estimator.", '416-th leading minor of the array is not positive definite')

--------------------------------------------------------------------------------
1 fits failed with the following error:
Traceback (most recent call last):
  File "/home/harvey_hu/anaconda3/lib/python3.9/site-packages/sklearn/model_selection/_validation.py", line 680, in _fit_and_score
    estimator.fit(X_train, y_train, **fit_params)
  File "/home/harvey_hu/anaconda3/lib/python3.9/site-packages/sklearn/gaussian_process/_gpr.py", line 310, in fit
    self.L_ = cholesky(K, lower=GPR_CHOLESKY_LOWER, check_finite=False)
  File "/home/harvey_hu/anaconda3/lib/python3.9/site-packages/scipy/linalg/_decomp_cholesky.py", line 88, in cholesky
    c, lower = _cholesky(a, lower=lower, overwrite_a=overwrite_a, clean=True,
  File "/home/harvey_hu/anaconda3/lib/python3.9/site-packages/scipy/linalg/_decomp_cholesky.py", line 37, in _cholesky
    raise LinAlgError("%d-th leading minor of the array is not positive "
numpy.linalg.LinAlgError: ("The kernel, Matern(length_scale=1.2, nu=60), is not returning a positive definite matrix. Try gradually increasing the 'alpha' parameter of your GaussianProcessRegressor estimator.", '417-th leading minor of the array is not positive definite')

--------------------------------------------------------------------------------
1 fits failed with the following error:
Traceback (most recent call last):
  File "/home/harvey_hu/anaconda3/lib/python3.9/site-packages/sklearn/model_selection/_validation.py", line 680, in _fit_and_score
    estimator.fit(X_train, y_train, **fit_params)
  File "/home/harvey_hu/anaconda3/lib/python3.9/site-packages/sklearn/gaussian_process/_gpr.py", line 310, in fit
    self.L_ = cholesky(K, lower=GPR_CHOLESKY_LOWER, check_finite=False)
  File "/home/harvey_hu/anaconda3/lib/python3.9/site-packages/scipy/linalg/_decomp_cholesky.py", line 88, in cholesky
    c, lower = _cholesky(a, lower=lower, overwrite_a=overwrite_a, clean=True,
  File "/home/harvey_hu/anaconda3/lib/python3.9/site-packages/scipy/linalg/_decomp_cholesky.py", line 37, in _cholesky
    raise LinAlgError("%d-th leading minor of the array is not positive "
numpy.linalg.LinAlgError: ("The kernel, Matern(length_scale=1.2, nu=60), is not returning a positive definite matrix. Try gradually increasing the 'alpha' parameter of your GaussianProcessRegressor estimator.", '498-th leading minor of the array is not positive definite')

--------------------------------------------------------------------------------
1 fits failed with the following error:
Traceback (most recent call last):
  File "/home/harvey_hu/anaconda3/lib/python3.9/site-packages/sklearn/model_selection/_validation.py", line 680, in _fit_and_score
    estimator.fit(X_train, y_train, **fit_params)
  File "/home/harvey_hu/anaconda3/lib/python3.9/site-packages/sklearn/gaussian_process/_gpr.py", line 310, in fit
    self.L_ = cholesky(K, lower=GPR_CHOLESKY_LOWER, check_finite=False)
  File "/home/harvey_hu/anaconda3/lib/python3.9/site-packages/scipy/linalg/_decomp_cholesky.py", line 88, in cholesky
    c, lower = _cholesky(a, lower=lower, overwrite_a=overwrite_a, clean=True,
  File "/home/harvey_hu/anaconda3/lib/python3.9/site-packages/scipy/linalg/_decomp_cholesky.py", line 37, in _cholesky
    raise LinAlgError("%d-th leading minor of the array is not positive "
numpy.linalg.LinAlgError: ("The kernel, Matern(length_scale=1.2, nu=60), is not returning a positive definite matrix. Try gradually increasing the 'alpha' parameter of your GaussianProcessRegressor estimator.", '603-th leading minor of the array is not positive definite')

--------------------------------------------------------------------------------
2 fits failed with the following error:
Traceback (most recent call last):
  File "/home/harvey_hu/anaconda3/lib/python3.9/site-packages/sklearn/model_selection/_validation.py", line 680, in _fit_and_score
    estimator.fit(X_train, y_train, **fit_params)
  File "/home/harvey_hu/anaconda3/lib/python3.9/site-packages/sklearn/gaussian_process/_gpr.py", line 310, in fit
    self.L_ = cholesky(K, lower=GPR_CHOLESKY_LOWER, check_finite=False)
  File "/home/harvey_hu/anaconda3/lib/python3.9/site-packages/scipy/linalg/_decomp_cholesky.py", line 88, in cholesky
    c, lower = _cholesky(a, lower=lower, overwrite_a=overwrite_a, clean=True,
  File "/home/harvey_hu/anaconda3/lib/python3.9/site-packages/scipy/linalg/_decomp_cholesky.py", line 37, in _cholesky
    raise LinAlgError("%d-th leading minor of the array is not positive "
numpy.linalg.LinAlgError: ("The kernel, Matern(length_scale=2.3, nu=54.4), is not returning a positive definite matrix. Try gradually increasing the 'alpha' parameter of your GaussianProcessRegressor estimator.", '498-th leading minor of the array is not positive definite')

--------------------------------------------------------------------------------
1 fits failed with the following error:
Traceback (most recent call last):
  File "/home/harvey_hu/anaconda3/lib/python3.9/site-packages/sklearn/model_selection/_validation.py", line 680, in _fit_and_score
    estimator.fit(X_train, y_train, **fit_params)
  File "/home/harvey_hu/anaconda3/lib/python3.9/site-packages/sklearn/gaussian_process/_gpr.py", line 310, in fit
    self.L_ = cholesky(K, lower=GPR_CHOLESKY_LOWER, check_finite=False)
  File "/home/harvey_hu/anaconda3/lib/python3.9/site-packages/scipy/linalg/_decomp_cholesky.py", line 88, in cholesky
    c, lower = _cholesky(a, lower=lower, overwrite_a=overwrite_a, clean=True,
  File "/home/harvey_hu/anaconda3/lib/python3.9/site-packages/scipy/linalg/_decomp_cholesky.py", line 37, in _cholesky
    raise LinAlgError("%d-th leading minor of the array is not positive "
numpy.linalg.LinAlgError: ("The kernel, Matern(length_scale=2.3, nu=54.4), is not returning a positive definite matrix. Try gradually increasing the 'alpha' parameter of your GaussianProcessRegressor estimator.", '684-th leading minor of the array is not positive definite')

--------------------------------------------------------------------------------
1 fits failed with the following error:
Traceback (most recent call last):
  File "/home/harvey_hu/anaconda3/lib/python3.9/site-packages/sklearn/model_selection/_validation.py", line 680, in _fit_and_score
    estimator.fit(X_train, y_train, **fit_params)
  File "/home/harvey_hu/anaconda3/lib/python3.9/site-packages/sklearn/gaussian_process/_gpr.py", line 310, in fit
    self.L_ = cholesky(K, lower=GPR_CHOLESKY_LOWER, check_finite=False)
  File "/home/harvey_hu/anaconda3/lib/python3.9/site-packages/scipy/linalg/_decomp_cholesky.py", line 88, in cholesky
    c, lower = _cholesky(a, lower=lower, overwrite_a=overwrite_a, clean=True,
  File "/home/harvey_hu/anaconda3/lib/python3.9/site-packages/scipy/linalg/_decomp_cholesky.py", line 37, in _cholesky
    raise LinAlgError("%d-th leading minor of the array is not positive "
numpy.linalg.LinAlgError: ("The kernel, Matern(length_scale=2.3, nu=60), is not returning a positive definite matrix. Try gradually increasing the 'alpha' parameter of your GaussianProcessRegressor estimator.", '416-th leading minor of the array is not positive definite')

--------------------------------------------------------------------------------
1 fits failed with the following error:
Traceback (most recent call last):
  File "/home/harvey_hu/anaconda3/lib/python3.9/site-packages/sklearn/model_selection/_validation.py", line 680, in _fit_and_score
    estimator.fit(X_train, y_train, **fit_params)
  File "/home/harvey_hu/anaconda3/lib/python3.9/site-packages/sklearn/gaussian_process/_gpr.py", line 310, in fit
    self.L_ = cholesky(K, lower=GPR_CHOLESKY_LOWER, check_finite=False)
  File "/home/harvey_hu/anaconda3/lib/python3.9/site-packages/scipy/linalg/_decomp_cholesky.py", line 88, in cholesky
    c, lower = _cholesky(a, lower=lower, overwrite_a=overwrite_a, clean=True,
  File "/home/harvey_hu/anaconda3/lib/python3.9/site-packages/scipy/linalg/_decomp_cholesky.py", line 37, in _cholesky
    raise LinAlgError("%d-th leading minor of the array is not positive "
numpy.linalg.LinAlgError: ("The kernel, Matern(length_scale=2.3, nu=60), is not returning a positive definite matrix. Try gradually increasing the 'alpha' parameter of your GaussianProcessRegressor estimator.", '417-th leading minor of the array is not positive definite')

--------------------------------------------------------------------------------
1 fits failed with the following error:
Traceback (most recent call last):
  File "/home/harvey_hu/anaconda3/lib/python3.9/site-packages/sklearn/model_selection/_validation.py", line 680, in _fit_and_score
    estimator.fit(X_train, y_train, **fit_params)
  File "/home/harvey_hu/anaconda3/lib/python3.9/site-packages/sklearn/gaussian_process/_gpr.py", line 310, in fit
    self.L_ = cholesky(K, lower=GPR_CHOLESKY_LOWER, check_finite=False)
  File "/home/harvey_hu/anaconda3/lib/python3.9/site-packages/scipy/linalg/_decomp_cholesky.py", line 88, in cholesky
    c, lower = _cholesky(a, lower=lower, overwrite_a=overwrite_a, clean=True,
  File "/home/harvey_hu/anaconda3/lib/python3.9/site-packages/scipy/linalg/_decomp_cholesky.py", line 37, in _cholesky
    raise LinAlgError("%d-th leading minor of the array is not positive "
numpy.linalg.LinAlgError: ("The kernel, Matern(length_scale=2.3, nu=60), is not returning a positive definite matrix. Try gradually increasing the 'alpha' parameter of your GaussianProcessRegressor estimator.", '428-th leading minor of the array is not positive definite')

--------------------------------------------------------------------------------
1 fits failed with the following error:
Traceback (most recent call last):
  File "/home/harvey_hu/anaconda3/lib/python3.9/site-packages/sklearn/model_selection/_validation.py", line 680, in _fit_and_score
    estimator.fit(X_train, y_train, **fit_params)
  File "/home/harvey_hu/anaconda3/lib/python3.9/site-packages/sklearn/gaussian_process/_gpr.py", line 310, in fit
    self.L_ = cholesky(K, lower=GPR_CHOLESKY_LOWER, check_finite=False)
  File "/home/harvey_hu/anaconda3/lib/python3.9/site-packages/scipy/linalg/_decomp_cholesky.py", line 88, in cholesky
    c, lower = _cholesky(a, lower=lower, overwrite_a=overwrite_a, clean=True,
  File "/home/harvey_hu/anaconda3/lib/python3.9/site-packages/scipy/linalg/_decomp_cholesky.py", line 37, in _cholesky
    raise LinAlgError("%d-th leading minor of the array is not positive "
numpy.linalg.LinAlgError: ("The kernel, Matern(length_scale=2.3, nu=60), is not returning a positive definite matrix. Try gradually increasing the 'alpha' parameter of your GaussianProcessRegressor estimator.", '720-th leading minor of the array is not positive definite')

--------------------------------------------------------------------------------
1 fits failed with the following error:
Traceback (most recent call last):
  File "/home/harvey_hu/anaconda3/lib/python3.9/site-packages/sklearn/model_selection/_validation.py", line 680, in _fit_and_score
    estimator.fit(X_train, y_train, **fit_params)
  File "/home/harvey_hu/anaconda3/lib/python3.9/site-packages/sklearn/gaussian_process/_gpr.py", line 310, in fit
    self.L_ = cholesky(K, lower=GPR_CHOLESKY_LOWER, check_finite=False)
  File "/home/harvey_hu/anaconda3/lib/python3.9/site-packages/scipy/linalg/_decomp_cholesky.py", line 88, in cholesky
    c, lower = _cholesky(a, lower=lower, overwrite_a=overwrite_a, clean=True,
  File "/home/harvey_hu/anaconda3/lib/python3.9/site-packages/scipy/linalg/_decomp_cholesky.py", line 37, in _cholesky
    raise LinAlgError("%d-th leading minor of the array is not positive "
numpy.linalg.LinAlgError: ("The kernel, Matern(length_scale=2.3, nu=60), is not returning a positive definite matrix. Try gradually increasing the 'alpha' parameter of your GaussianProcessRegressor estimator.", '603-th leading minor of the array is not positive definite')

--------------------------------------------------------------------------------
1 fits failed with the following error:
Traceback (most recent call last):
  File "/home/harvey_hu/anaconda3/lib/python3.9/site-packages/sklearn/model_selection/_validation.py", line 680, in _fit_and_score
    estimator.fit(X_train, y_train, **fit_params)
  File "/home/harvey_hu/anaconda3/lib/python3.9/site-packages/sklearn/gaussian_process/_gpr.py", line 310, in fit
    self.L_ = cholesky(K, lower=GPR_CHOLESKY_LOWER, check_finite=False)
  File "/home/harvey_hu/anaconda3/lib/python3.9/site-packages/scipy/linalg/_decomp_cholesky.py", line 88, in cholesky
    c, lower = _cholesky(a, lower=lower, overwrite_a=overwrite_a, clean=True,
  File "/home/harvey_hu/anaconda3/lib/python3.9/site-packages/scipy/linalg/_decomp_cholesky.py", line 37, in _cholesky
    raise LinAlgError("%d-th leading minor of the array is not positive "
numpy.linalg.LinAlgError: ("The kernel, Matern(length_scale=3.4, nu=54.4), is not returning a positive definite matrix. Try gradually increasing the 'alpha' parameter of your GaussianProcessRegressor estimator.", '416-th leading minor of the array is not positive definite')

--------------------------------------------------------------------------------
1 fits failed with the following error:
Traceback (most recent call last):
  File "/home/harvey_hu/anaconda3/lib/python3.9/site-packages/sklearn/model_selection/_validation.py", line 680, in _fit_and_score
    estimator.fit(X_train, y_train, **fit_params)
  File "/home/harvey_hu/anaconda3/lib/python3.9/site-packages/sklearn/gaussian_process/_gpr.py", line 310, in fit
    self.L_ = cholesky(K, lower=GPR_CHOLESKY_LOWER, check_finite=False)
  File "/home/harvey_hu/anaconda3/lib/python3.9/site-packages/scipy/linalg/_decomp_cholesky.py", line 88, in cholesky
    c, lower = _cholesky(a, lower=lower, overwrite_a=overwrite_a, clean=True,
  File "/home/harvey_hu/anaconda3/lib/python3.9/site-packages/scipy/linalg/_decomp_cholesky.py", line 37, in _cholesky
    raise LinAlgError("%d-th leading minor of the array is not positive "
numpy.linalg.LinAlgError: ("The kernel, Matern(length_scale=3.4, nu=54.4), is not returning a positive definite matrix. Try gradually increasing the 'alpha' parameter of your GaussianProcessRegressor estimator.", '417-th leading minor of the array is not positive definite')

--------------------------------------------------------------------------------
1 fits failed with the following error:
Traceback (most recent call last):
  File "/home/harvey_hu/anaconda3/lib/python3.9/site-packages/sklearn/model_selection/_validation.py", line 680, in _fit_and_score
    estimator.fit(X_train, y_train, **fit_params)
  File "/home/harvey_hu/anaconda3/lib/python3.9/site-packages/sklearn/gaussian_process/_gpr.py", line 310, in fit
    self.L_ = cholesky(K, lower=GPR_CHOLESKY_LOWER, check_finite=False)
  File "/home/harvey_hu/anaconda3/lib/python3.9/site-packages/scipy/linalg/_decomp_cholesky.py", line 88, in cholesky
    c, lower = _cholesky(a, lower=lower, overwrite_a=overwrite_a, clean=True,
  File "/home/harvey_hu/anaconda3/lib/python3.9/site-packages/scipy/linalg/_decomp_cholesky.py", line 37, in _cholesky
    raise LinAlgError("%d-th leading minor of the array is not positive "
numpy.linalg.LinAlgError: ("The kernel, Matern(length_scale=3.4, nu=54.4), is not returning a positive definite matrix. Try gradually increasing the 'alpha' parameter of your GaussianProcessRegressor estimator.", '498-th leading minor of the array is not positive definite')

--------------------------------------------------------------------------------
1 fits failed with the following error:
Traceback (most recent call last):
  File "/home/harvey_hu/anaconda3/lib/python3.9/site-packages/sklearn/model_selection/_validation.py", line 680, in _fit_and_score
    estimator.fit(X_train, y_train, **fit_params)
  File "/home/harvey_hu/anaconda3/lib/python3.9/site-packages/sklearn/gaussian_process/_gpr.py", line 310, in fit
    self.L_ = cholesky(K, lower=GPR_CHOLESKY_LOWER, check_finite=False)
  File "/home/harvey_hu/anaconda3/lib/python3.9/site-packages/scipy/linalg/_decomp_cholesky.py", line 88, in cholesky
    c, lower = _cholesky(a, lower=lower, overwrite_a=overwrite_a, clean=True,
  File "/home/harvey_hu/anaconda3/lib/python3.9/site-packages/scipy/linalg/_decomp_cholesky.py", line 37, in _cholesky
    raise LinAlgError("%d-th leading minor of the array is not positive "
numpy.linalg.LinAlgError: ("The kernel, Matern(length_scale=3.4, nu=54.4), is not returning a positive definite matrix. Try gradually increasing the 'alpha' parameter of your GaussianProcessRegressor estimator.", '603-th leading minor of the array is not positive definite')

--------------------------------------------------------------------------------
1 fits failed with the following error:
Traceback (most recent call last):
  File "/home/harvey_hu/anaconda3/lib/python3.9/site-packages/sklearn/model_selection/_validation.py", line 680, in _fit_and_score
    estimator.fit(X_train, y_train, **fit_params)
  File "/home/harvey_hu/anaconda3/lib/python3.9/site-packages/sklearn/gaussian_process/_gpr.py", line 310, in fit
    self.L_ = cholesky(K, lower=GPR_CHOLESKY_LOWER, check_finite=False)
  File "/home/harvey_hu/anaconda3/lib/python3.9/site-packages/scipy/linalg/_decomp_cholesky.py", line 88, in cholesky
    c, lower = _cholesky(a, lower=lower, overwrite_a=overwrite_a, clean=True,
  File "/home/harvey_hu/anaconda3/lib/python3.9/site-packages/scipy/linalg/_decomp_cholesky.py", line 37, in _cholesky
    raise LinAlgError("%d-th leading minor of the array is not positive "
numpy.linalg.LinAlgError: ("The kernel, Matern(length_scale=3.4, nu=60), is not returning a positive definite matrix. Try gradually increasing the 'alpha' parameter of your GaussianProcessRegressor estimator.", '416-th leading minor of the array is not positive definite')

--------------------------------------------------------------------------------
1 fits failed with the following error:
Traceback (most recent call last):
  File "/home/harvey_hu/anaconda3/lib/python3.9/site-packages/sklearn/model_selection/_validation.py", line 680, in _fit_and_score
    estimator.fit(X_train, y_train, **fit_params)
  File "/home/harvey_hu/anaconda3/lib/python3.9/site-packages/sklearn/gaussian_process/_gpr.py", line 310, in fit
    self.L_ = cholesky(K, lower=GPR_CHOLESKY_LOWER, check_finite=False)
  File "/home/harvey_hu/anaconda3/lib/python3.9/site-packages/scipy/linalg/_decomp_cholesky.py", line 88, in cholesky
    c, lower = _cholesky(a, lower=lower, overwrite_a=overwrite_a, clean=True,
  File "/home/harvey_hu/anaconda3/lib/python3.9/site-packages/scipy/linalg/_decomp_cholesky.py", line 37, in _cholesky
    raise LinAlgError("%d-th leading minor of the array is not positive "
numpy.linalg.LinAlgError: ("The kernel, Matern(length_scale=3.4, nu=60), is not returning a positive definite matrix. Try gradually increasing the 'alpha' parameter of your GaussianProcessRegressor estimator.", '315-th leading minor of the array is not positive definite')

--------------------------------------------------------------------------------
1 fits failed with the following error:
Traceback (most recent call last):
  File "/home/harvey_hu/anaconda3/lib/python3.9/site-packages/sklearn/model_selection/_validation.py", line 680, in _fit_and_score
    estimator.fit(X_train, y_train, **fit_params)
  File "/home/harvey_hu/anaconda3/lib/python3.9/site-packages/sklearn/gaussian_process/_gpr.py", line 310, in fit
    self.L_ = cholesky(K, lower=GPR_CHOLESKY_LOWER, check_finite=False)
  File "/home/harvey_hu/anaconda3/lib/python3.9/site-packages/scipy/linalg/_decomp_cholesky.py", line 88, in cholesky
    c, lower = _cholesky(a, lower=lower, overwrite_a=overwrite_a, clean=True,
  File "/home/harvey_hu/anaconda3/lib/python3.9/site-packages/scipy/linalg/_decomp_cholesky.py", line 37, in _cholesky
    raise LinAlgError("%d-th leading minor of the array is not positive "
numpy.linalg.LinAlgError: ("The kernel, Matern(length_scale=3.4, nu=60), is not returning a positive definite matrix. Try gradually increasing the 'alpha' parameter of your GaussianProcessRegressor estimator.", '417-th leading minor of the array is not positive definite')

--------------------------------------------------------------------------------
2 fits failed with the following error:
Traceback (most recent call last):
  File "/home/harvey_hu/anaconda3/lib/python3.9/site-packages/sklearn/model_selection/_validation.py", line 680, in _fit_and_score
    estimator.fit(X_train, y_train, **fit_params)
  File "/home/harvey_hu/anaconda3/lib/python3.9/site-packages/sklearn/gaussian_process/_gpr.py", line 310, in fit
    self.L_ = cholesky(K, lower=GPR_CHOLESKY_LOWER, check_finite=False)
  File "/home/harvey_hu/anaconda3/lib/python3.9/site-packages/scipy/linalg/_decomp_cholesky.py", line 88, in cholesky
    c, lower = _cholesky(a, lower=lower, overwrite_a=overwrite_a, clean=True,
  File "/home/harvey_hu/anaconda3/lib/python3.9/site-packages/scipy/linalg/_decomp_cholesky.py", line 37, in _cholesky
    raise LinAlgError("%d-th leading minor of the array is not positive "
numpy.linalg.LinAlgError: ("The kernel, Matern(length_scale=3.4, nu=60), is not returning a positive definite matrix. Try gradually increasing the 'alpha' parameter of your GaussianProcessRegressor estimator.", '501-th leading minor of the array is not positive definite')

--------------------------------------------------------------------------------
1 fits failed with the following error:
Traceback (most recent call last):
  File "/home/harvey_hu/anaconda3/lib/python3.9/site-packages/sklearn/model_selection/_validation.py", line 680, in _fit_and_score
    estimator.fit(X_train, y_train, **fit_params)
  File "/home/harvey_hu/anaconda3/lib/python3.9/site-packages/sklearn/gaussian_process/_gpr.py", line 310, in fit
    self.L_ = cholesky(K, lower=GPR_CHOLESKY_LOWER, check_finite=False)
  File "/home/harvey_hu/anaconda3/lib/python3.9/site-packages/scipy/linalg/_decomp_cholesky.py", line 88, in cholesky
    c, lower = _cholesky(a, lower=lower, overwrite_a=overwrite_a, clean=True,
  File "/home/harvey_hu/anaconda3/lib/python3.9/site-packages/scipy/linalg/_decomp_cholesky.py", line 37, in _cholesky
    raise LinAlgError("%d-th leading minor of the array is not positive "
numpy.linalg.LinAlgError: ("The kernel, Matern(length_scale=4.5, nu=54.4), is not returning a positive definite matrix. Try gradually increasing the 'alpha' parameter of your GaussianProcessRegressor estimator.", '416-th leading minor of the array is not positive definite')

--------------------------------------------------------------------------------
1 fits failed with the following error:
Traceback (most recent call last):
  File "/home/harvey_hu/anaconda3/lib/python3.9/site-packages/sklearn/model_selection/_validation.py", line 680, in _fit_and_score
    estimator.fit(X_train, y_train, **fit_params)
  File "/home/harvey_hu/anaconda3/lib/python3.9/site-packages/sklearn/gaussian_process/_gpr.py", line 310, in fit
    self.L_ = cholesky(K, lower=GPR_CHOLESKY_LOWER, check_finite=False)
  File "/home/harvey_hu/anaconda3/lib/python3.9/site-packages/scipy/linalg/_decomp_cholesky.py", line 88, in cholesky
    c, lower = _cholesky(a, lower=lower, overwrite_a=overwrite_a, clean=True,
  File "/home/harvey_hu/anaconda3/lib/python3.9/site-packages/scipy/linalg/_decomp_cholesky.py", line 37, in _cholesky
    raise LinAlgError("%d-th leading minor of the array is not positive "
numpy.linalg.LinAlgError: ("The kernel, Matern(length_scale=4.5, nu=54.4), is not returning a positive definite matrix. Try gradually increasing the 'alpha' parameter of your GaussianProcessRegressor estimator.", '417-th leading minor of the array is not positive definite')

--------------------------------------------------------------------------------
1 fits failed with the following error:
Traceback (most recent call last):
  File "/home/harvey_hu/anaconda3/lib/python3.9/site-packages/sklearn/model_selection/_validation.py", line 680, in _fit_and_score
    estimator.fit(X_train, y_train, **fit_params)
  File "/home/harvey_hu/anaconda3/lib/python3.9/site-packages/sklearn/gaussian_process/_gpr.py", line 310, in fit
    self.L_ = cholesky(K, lower=GPR_CHOLESKY_LOWER, check_finite=False)
  File "/home/harvey_hu/anaconda3/lib/python3.9/site-packages/scipy/linalg/_decomp_cholesky.py", line 88, in cholesky
    c, lower = _cholesky(a, lower=lower, overwrite_a=overwrite_a, clean=True,
  File "/home/harvey_hu/anaconda3/lib/python3.9/site-packages/scipy/linalg/_decomp_cholesky.py", line 37, in _cholesky
    raise LinAlgError("%d-th leading minor of the array is not positive "
numpy.linalg.LinAlgError: ("The kernel, Matern(length_scale=4.5, nu=54.4), is not returning a positive definite matrix. Try gradually increasing the 'alpha' parameter of your GaussianProcessRegressor estimator.", '498-th leading minor of the array is not positive definite')

--------------------------------------------------------------------------------
1 fits failed with the following error:
Traceback (most recent call last):
  File "/home/harvey_hu/anaconda3/lib/python3.9/site-packages/sklearn/model_selection/_validation.py", line 680, in _fit_and_score
    estimator.fit(X_train, y_train, **fit_params)
  File "/home/harvey_hu/anaconda3/lib/python3.9/site-packages/sklearn/gaussian_process/_gpr.py", line 310, in fit
    self.L_ = cholesky(K, lower=GPR_CHOLESKY_LOWER, check_finite=False)
  File "/home/harvey_hu/anaconda3/lib/python3.9/site-packages/scipy/linalg/_decomp_cholesky.py", line 88, in cholesky
    c, lower = _cholesky(a, lower=lower, overwrite_a=overwrite_a, clean=True,
  File "/home/harvey_hu/anaconda3/lib/python3.9/site-packages/scipy/linalg/_decomp_cholesky.py", line 37, in _cholesky
    raise LinAlgError("%d-th leading minor of the array is not positive "
numpy.linalg.LinAlgError: ("The kernel, Matern(length_scale=4.5, nu=54.4), is not returning a positive definite matrix. Try gradually increasing the 'alpha' parameter of your GaussianProcessRegressor estimator.", '720-th leading minor of the array is not positive definite')

--------------------------------------------------------------------------------
1 fits failed with the following error:
Traceback (most recent call last):
  File "/home/harvey_hu/anaconda3/lib/python3.9/site-packages/sklearn/model_selection/_validation.py", line 680, in _fit_and_score
    estimator.fit(X_train, y_train, **fit_params)
  File "/home/harvey_hu/anaconda3/lib/python3.9/site-packages/sklearn/gaussian_process/_gpr.py", line 310, in fit
    self.L_ = cholesky(K, lower=GPR_CHOLESKY_LOWER, check_finite=False)
  File "/home/harvey_hu/anaconda3/lib/python3.9/site-packages/scipy/linalg/_decomp_cholesky.py", line 88, in cholesky
    c, lower = _cholesky(a, lower=lower, overwrite_a=overwrite_a, clean=True,
  File "/home/harvey_hu/anaconda3/lib/python3.9/site-packages/scipy/linalg/_decomp_cholesky.py", line 37, in _cholesky
    raise LinAlgError("%d-th leading minor of the array is not positive "
numpy.linalg.LinAlgError: ("The kernel, Matern(length_scale=4.5, nu=54.4), is not returning a positive definite matrix. Try gradually increasing the 'alpha' parameter of your GaussianProcessRegressor estimator.", '603-th leading minor of the array is not positive definite')

--------------------------------------------------------------------------------
1 fits failed with the following error:
Traceback (most recent call last):
  File "/home/harvey_hu/anaconda3/lib/python3.9/site-packages/sklearn/model_selection/_validation.py", line 680, in _fit_and_score
    estimator.fit(X_train, y_train, **fit_params)
  File "/home/harvey_hu/anaconda3/lib/python3.9/site-packages/sklearn/gaussian_process/_gpr.py", line 310, in fit
    self.L_ = cholesky(K, lower=GPR_CHOLESKY_LOWER, check_finite=False)
  File "/home/harvey_hu/anaconda3/lib/python3.9/site-packages/scipy/linalg/_decomp_cholesky.py", line 88, in cholesky
    c, lower = _cholesky(a, lower=lower, overwrite_a=overwrite_a, clean=True,
  File "/home/harvey_hu/anaconda3/lib/python3.9/site-packages/scipy/linalg/_decomp_cholesky.py", line 37, in _cholesky
    raise LinAlgError("%d-th leading minor of the array is not positive "
numpy.linalg.LinAlgError: ("The kernel, Matern(length_scale=4.5, nu=60), is not returning a positive definite matrix. Try gradually increasing the 'alpha' parameter of your GaussianProcessRegressor estimator.", '416-th leading minor of the array is not positive definite')

--------------------------------------------------------------------------------
1 fits failed with the following error:
Traceback (most recent call last):
  File "/home/harvey_hu/anaconda3/lib/python3.9/site-packages/sklearn/model_selection/_validation.py", line 680, in _fit_and_score
    estimator.fit(X_train, y_train, **fit_params)
  File "/home/harvey_hu/anaconda3/lib/python3.9/site-packages/sklearn/gaussian_process/_gpr.py", line 310, in fit
    self.L_ = cholesky(K, lower=GPR_CHOLESKY_LOWER, check_finite=False)
  File "/home/harvey_hu/anaconda3/lib/python3.9/site-packages/scipy/linalg/_decomp_cholesky.py", line 88, in cholesky
    c, lower = _cholesky(a, lower=lower, overwrite_a=overwrite_a, clean=True,
  File "/home/harvey_hu/anaconda3/lib/python3.9/site-packages/scipy/linalg/_decomp_cholesky.py", line 37, in _cholesky
    raise LinAlgError("%d-th leading minor of the array is not positive "
numpy.linalg.LinAlgError: ("The kernel, Matern(length_scale=4.5, nu=60), is not returning a positive definite matrix. Try gradually increasing the 'alpha' parameter of your GaussianProcessRegressor estimator.", '315-th leading minor of the array is not positive definite')

--------------------------------------------------------------------------------
1 fits failed with the following error:
Traceback (most recent call last):
  File "/home/harvey_hu/anaconda3/lib/python3.9/site-packages/sklearn/model_selection/_validation.py", line 680, in _fit_and_score
    estimator.fit(X_train, y_train, **fit_params)
  File "/home/harvey_hu/anaconda3/lib/python3.9/site-packages/sklearn/gaussian_process/_gpr.py", line 310, in fit
    self.L_ = cholesky(K, lower=GPR_CHOLESKY_LOWER, check_finite=False)
  File "/home/harvey_hu/anaconda3/lib/python3.9/site-packages/scipy/linalg/_decomp_cholesky.py", line 88, in cholesky
    c, lower = _cholesky(a, lower=lower, overwrite_a=overwrite_a, clean=True,
  File "/home/harvey_hu/anaconda3/lib/python3.9/site-packages/scipy/linalg/_decomp_cholesky.py", line 37, in _cholesky
    raise LinAlgError("%d-th leading minor of the array is not positive "
numpy.linalg.LinAlgError: ("The kernel, Matern(length_scale=4.5, nu=60), is not returning a positive definite matrix. Try gradually increasing the 'alpha' parameter of your GaussianProcessRegressor estimator.", '417-th leading minor of the array is not positive definite')

--------------------------------------------------------------------------------
2 fits failed with the following error:
Traceback (most recent call last):
  File "/home/harvey_hu/anaconda3/lib/python3.9/site-packages/sklearn/model_selection/_validation.py", line 680, in _fit_and_score
    estimator.fit(X_train, y_train, **fit_params)
  File "/home/harvey_hu/anaconda3/lib/python3.9/site-packages/sklearn/gaussian_process/_gpr.py", line 310, in fit
    self.L_ = cholesky(K, lower=GPR_CHOLESKY_LOWER, check_finite=False)
  File "/home/harvey_hu/anaconda3/lib/python3.9/site-packages/scipy/linalg/_decomp_cholesky.py", line 88, in cholesky
    c, lower = _cholesky(a, lower=lower, overwrite_a=overwrite_a, clean=True,
  File "/home/harvey_hu/anaconda3/lib/python3.9/site-packages/scipy/linalg/_decomp_cholesky.py", line 37, in _cholesky
    raise LinAlgError("%d-th leading minor of the array is not positive "
numpy.linalg.LinAlgError: ("The kernel, Matern(length_scale=4.5, nu=60), is not returning a positive definite matrix. Try gradually increasing the 'alpha' parameter of your GaussianProcessRegressor estimator.", '501-th leading minor of the array is not positive definite')

--------------------------------------------------------------------------------
1 fits failed with the following error:
Traceback (most recent call last):
  File "/home/harvey_hu/anaconda3/lib/python3.9/site-packages/sklearn/model_selection/_validation.py", line 680, in _fit_and_score
    estimator.fit(X_train, y_train, **fit_params)
  File "/home/harvey_hu/anaconda3/lib/python3.9/site-packages/sklearn/gaussian_process/_gpr.py", line 310, in fit
    self.L_ = cholesky(K, lower=GPR_CHOLESKY_LOWER, check_finite=False)
  File "/home/harvey_hu/anaconda3/lib/python3.9/site-packages/scipy/linalg/_decomp_cholesky.py", line 88, in cholesky
    c, lower = _cholesky(a, lower=lower, overwrite_a=overwrite_a, clean=True,
  File "/home/harvey_hu/anaconda3/lib/python3.9/site-packages/scipy/linalg/_decomp_cholesky.py", line 37, in _cholesky
    raise LinAlgError("%d-th leading minor of the array is not positive "
numpy.linalg.LinAlgError: ("The kernel, Matern(length_scale=5.6, nu=54.4), is not returning a positive definite matrix. Try gradually increasing the 'alpha' parameter of your GaussianProcessRegressor estimator.", '416-th leading minor of the array is not positive definite')

--------------------------------------------------------------------------------
1 fits failed with the following error:
Traceback (most recent call last):
  File "/home/harvey_hu/anaconda3/lib/python3.9/site-packages/sklearn/model_selection/_validation.py", line 680, in _fit_and_score
    estimator.fit(X_train, y_train, **fit_params)
  File "/home/harvey_hu/anaconda3/lib/python3.9/site-packages/sklearn/gaussian_process/_gpr.py", line 310, in fit
    self.L_ = cholesky(K, lower=GPR_CHOLESKY_LOWER, check_finite=False)
  File "/home/harvey_hu/anaconda3/lib/python3.9/site-packages/scipy/linalg/_decomp_cholesky.py", line 88, in cholesky
    c, lower = _cholesky(a, lower=lower, overwrite_a=overwrite_a, clean=True,
  File "/home/harvey_hu/anaconda3/lib/python3.9/site-packages/scipy/linalg/_decomp_cholesky.py", line 37, in _cholesky
    raise LinAlgError("%d-th leading minor of the array is not positive "
numpy.linalg.LinAlgError: ("The kernel, Matern(length_scale=5.6, nu=54.4), is not returning a positive definite matrix. Try gradually increasing the 'alpha' parameter of your GaussianProcessRegressor estimator.", '417-th leading minor of the array is not positive definite')

--------------------------------------------------------------------------------
1 fits failed with the following error:
Traceback (most recent call last):
  File "/home/harvey_hu/anaconda3/lib/python3.9/site-packages/sklearn/model_selection/_validation.py", line 680, in _fit_and_score
    estimator.fit(X_train, y_train, **fit_params)
  File "/home/harvey_hu/anaconda3/lib/python3.9/site-packages/sklearn/gaussian_process/_gpr.py", line 310, in fit
    self.L_ = cholesky(K, lower=GPR_CHOLESKY_LOWER, check_finite=False)
  File "/home/harvey_hu/anaconda3/lib/python3.9/site-packages/scipy/linalg/_decomp_cholesky.py", line 88, in cholesky
    c, lower = _cholesky(a, lower=lower, overwrite_a=overwrite_a, clean=True,
  File "/home/harvey_hu/anaconda3/lib/python3.9/site-packages/scipy/linalg/_decomp_cholesky.py", line 37, in _cholesky
    raise LinAlgError("%d-th leading minor of the array is not positive "
numpy.linalg.LinAlgError: ("The kernel, Matern(length_scale=5.6, nu=54.4), is not returning a positive definite matrix. Try gradually increasing the 'alpha' parameter of your GaussianProcessRegressor estimator.", '428-th leading minor of the array is not positive definite')

--------------------------------------------------------------------------------
1 fits failed with the following error:
Traceback (most recent call last):
  File "/home/harvey_hu/anaconda3/lib/python3.9/site-packages/sklearn/model_selection/_validation.py", line 680, in _fit_and_score
    estimator.fit(X_train, y_train, **fit_params)
  File "/home/harvey_hu/anaconda3/lib/python3.9/site-packages/sklearn/gaussian_process/_gpr.py", line 310, in fit
    self.L_ = cholesky(K, lower=GPR_CHOLESKY_LOWER, check_finite=False)
  File "/home/harvey_hu/anaconda3/lib/python3.9/site-packages/scipy/linalg/_decomp_cholesky.py", line 88, in cholesky
    c, lower = _cholesky(a, lower=lower, overwrite_a=overwrite_a, clean=True,
  File "/home/harvey_hu/anaconda3/lib/python3.9/site-packages/scipy/linalg/_decomp_cholesky.py", line 37, in _cholesky
    raise LinAlgError("%d-th leading minor of the array is not positive "
numpy.linalg.LinAlgError: ("The kernel, Matern(length_scale=5.6, nu=54.4), is not returning a positive definite matrix. Try gradually increasing the 'alpha' parameter of your GaussianProcessRegressor estimator.", '720-th leading minor of the array is not positive definite')

--------------------------------------------------------------------------------
1 fits failed with the following error:
Traceback (most recent call last):
  File "/home/harvey_hu/anaconda3/lib/python3.9/site-packages/sklearn/model_selection/_validation.py", line 680, in _fit_and_score
    estimator.fit(X_train, y_train, **fit_params)
  File "/home/harvey_hu/anaconda3/lib/python3.9/site-packages/sklearn/gaussian_process/_gpr.py", line 310, in fit
    self.L_ = cholesky(K, lower=GPR_CHOLESKY_LOWER, check_finite=False)
  File "/home/harvey_hu/anaconda3/lib/python3.9/site-packages/scipy/linalg/_decomp_cholesky.py", line 88, in cholesky
    c, lower = _cholesky(a, lower=lower, overwrite_a=overwrite_a, clean=True,
  File "/home/harvey_hu/anaconda3/lib/python3.9/site-packages/scipy/linalg/_decomp_cholesky.py", line 37, in _cholesky
    raise LinAlgError("%d-th leading minor of the array is not positive "
numpy.linalg.LinAlgError: ("The kernel, Matern(length_scale=5.6, nu=54.4), is not returning a positive definite matrix. Try gradually increasing the 'alpha' parameter of your GaussianProcessRegressor estimator.", '603-th leading minor of the array is not positive definite')

--------------------------------------------------------------------------------
1 fits failed with the following error:
Traceback (most recent call last):
  File "/home/harvey_hu/anaconda3/lib/python3.9/site-packages/sklearn/model_selection/_validation.py", line 680, in _fit_and_score
    estimator.fit(X_train, y_train, **fit_params)
  File "/home/harvey_hu/anaconda3/lib/python3.9/site-packages/sklearn/gaussian_process/_gpr.py", line 310, in fit
    self.L_ = cholesky(K, lower=GPR_CHOLESKY_LOWER, check_finite=False)
  File "/home/harvey_hu/anaconda3/lib/python3.9/site-packages/scipy/linalg/_decomp_cholesky.py", line 88, in cholesky
    c, lower = _cholesky(a, lower=lower, overwrite_a=overwrite_a, clean=True,
  File "/home/harvey_hu/anaconda3/lib/python3.9/site-packages/scipy/linalg/_decomp_cholesky.py", line 37, in _cholesky
    raise LinAlgError("%d-th leading minor of the array is not positive "
numpy.linalg.LinAlgError: ("The kernel, Matern(length_scale=5.6, nu=60), is not returning a positive definite matrix. Try gradually increasing the 'alpha' parameter of your GaussianProcessRegressor estimator.", '416-th leading minor of the array is not positive definite')

--------------------------------------------------------------------------------
1 fits failed with the following error:
Traceback (most recent call last):
  File "/home/harvey_hu/anaconda3/lib/python3.9/site-packages/sklearn/model_selection/_validation.py", line 680, in _fit_and_score
    estimator.fit(X_train, y_train, **fit_params)
  File "/home/harvey_hu/anaconda3/lib/python3.9/site-packages/sklearn/gaussian_process/_gpr.py", line 310, in fit
    self.L_ = cholesky(K, lower=GPR_CHOLESKY_LOWER, check_finite=False)
  File "/home/harvey_hu/anaconda3/lib/python3.9/site-packages/scipy/linalg/_decomp_cholesky.py", line 88, in cholesky
    c, lower = _cholesky(a, lower=lower, overwrite_a=overwrite_a, clean=True,
  File "/home/harvey_hu/anaconda3/lib/python3.9/site-packages/scipy/linalg/_decomp_cholesky.py", line 37, in _cholesky
    raise LinAlgError("%d-th leading minor of the array is not positive "
numpy.linalg.LinAlgError: ("The kernel, Matern(length_scale=5.6, nu=60), is not returning a positive definite matrix. Try gradually increasing the 'alpha' parameter of your GaussianProcessRegressor estimator.", '315-th leading minor of the array is not positive definite')

--------------------------------------------------------------------------------
1 fits failed with the following error:
Traceback (most recent call last):
  File "/home/harvey_hu/anaconda3/lib/python3.9/site-packages/sklearn/model_selection/_validation.py", line 680, in _fit_and_score
    estimator.fit(X_train, y_train, **fit_params)
  File "/home/harvey_hu/anaconda3/lib/python3.9/site-packages/sklearn/gaussian_process/_gpr.py", line 310, in fit
    self.L_ = cholesky(K, lower=GPR_CHOLESKY_LOWER, check_finite=False)
  File "/home/harvey_hu/anaconda3/lib/python3.9/site-packages/scipy/linalg/_decomp_cholesky.py", line 88, in cholesky
    c, lower = _cholesky(a, lower=lower, overwrite_a=overwrite_a, clean=True,
  File "/home/harvey_hu/anaconda3/lib/python3.9/site-packages/scipy/linalg/_decomp_cholesky.py", line 37, in _cholesky
    raise LinAlgError("%d-th leading minor of the array is not positive "
numpy.linalg.LinAlgError: ("The kernel, Matern(length_scale=5.6, nu=60), is not returning a positive definite matrix. Try gradually increasing the 'alpha' parameter of your GaussianProcessRegressor estimator.", '417-th leading minor of the array is not positive definite')

--------------------------------------------------------------------------------
2 fits failed with the following error:
Traceback (most recent call last):
  File "/home/harvey_hu/anaconda3/lib/python3.9/site-packages/sklearn/model_selection/_validation.py", line 680, in _fit_and_score
    estimator.fit(X_train, y_train, **fit_params)
  File "/home/harvey_hu/anaconda3/lib/python3.9/site-packages/sklearn/gaussian_process/_gpr.py", line 310, in fit
    self.L_ = cholesky(K, lower=GPR_CHOLESKY_LOWER, check_finite=False)
  File "/home/harvey_hu/anaconda3/lib/python3.9/site-packages/scipy/linalg/_decomp_cholesky.py", line 88, in cholesky
    c, lower = _cholesky(a, lower=lower, overwrite_a=overwrite_a, clean=True,
  File "/home/harvey_hu/anaconda3/lib/python3.9/site-packages/scipy/linalg/_decomp_cholesky.py", line 37, in _cholesky
    raise LinAlgError("%d-th leading minor of the array is not positive "
numpy.linalg.LinAlgError: ("The kernel, Matern(length_scale=5.6, nu=60), is not returning a positive definite matrix. Try gradually increasing the 'alpha' parameter of your GaussianProcessRegressor estimator.", '501-th leading minor of the array is not positive definite')

--------------------------------------------------------------------------------
1 fits failed with the following error:
Traceback (most recent call last):
  File "/home/harvey_hu/anaconda3/lib/python3.9/site-packages/sklearn/model_selection/_validation.py", line 680, in _fit_and_score
    estimator.fit(X_train, y_train, **fit_params)
  File "/home/harvey_hu/anaconda3/lib/python3.9/site-packages/sklearn/gaussian_process/_gpr.py", line 310, in fit
    self.L_ = cholesky(K, lower=GPR_CHOLESKY_LOWER, check_finite=False)
  File "/home/harvey_hu/anaconda3/lib/python3.9/site-packages/scipy/linalg/_decomp_cholesky.py", line 88, in cholesky
    c, lower = _cholesky(a, lower=lower, overwrite_a=overwrite_a, clean=True,
  File "/home/harvey_hu/anaconda3/lib/python3.9/site-packages/scipy/linalg/_decomp_cholesky.py", line 37, in _cholesky
    raise LinAlgError("%d-th leading minor of the array is not positive "
numpy.linalg.LinAlgError: ("The kernel, Matern(length_scale=6.7, nu=54.4), is not returning a positive definite matrix. Try gradually increasing the 'alpha' parameter of your GaussianProcessRegressor estimator.", '416-th leading minor of the array is not positive definite')

--------------------------------------------------------------------------------
1 fits failed with the following error:
Traceback (most recent call last):
  File "/home/harvey_hu/anaconda3/lib/python3.9/site-packages/sklearn/model_selection/_validation.py", line 680, in _fit_and_score
    estimator.fit(X_train, y_train, **fit_params)
  File "/home/harvey_hu/anaconda3/lib/python3.9/site-packages/sklearn/gaussian_process/_gpr.py", line 310, in fit
    self.L_ = cholesky(K, lower=GPR_CHOLESKY_LOWER, check_finite=False)
  File "/home/harvey_hu/anaconda3/lib/python3.9/site-packages/scipy/linalg/_decomp_cholesky.py", line 88, in cholesky
    c, lower = _cholesky(a, lower=lower, overwrite_a=overwrite_a, clean=True,
  File "/home/harvey_hu/anaconda3/lib/python3.9/site-packages/scipy/linalg/_decomp_cholesky.py", line 37, in _cholesky
    raise LinAlgError("%d-th leading minor of the array is not positive "
numpy.linalg.LinAlgError: ("The kernel, Matern(length_scale=6.7, nu=54.4), is not returning a positive definite matrix. Try gradually increasing the 'alpha' parameter of your GaussianProcessRegressor estimator.", '417-th leading minor of the array is not positive definite')

--------------------------------------------------------------------------------
1 fits failed with the following error:
Traceback (most recent call last):
  File "/home/harvey_hu/anaconda3/lib/python3.9/site-packages/sklearn/model_selection/_validation.py", line 680, in _fit_and_score
    estimator.fit(X_train, y_train, **fit_params)
  File "/home/harvey_hu/anaconda3/lib/python3.9/site-packages/sklearn/gaussian_process/_gpr.py", line 310, in fit
    self.L_ = cholesky(K, lower=GPR_CHOLESKY_LOWER, check_finite=False)
  File "/home/harvey_hu/anaconda3/lib/python3.9/site-packages/scipy/linalg/_decomp_cholesky.py", line 88, in cholesky
    c, lower = _cholesky(a, lower=lower, overwrite_a=overwrite_a, clean=True,
  File "/home/harvey_hu/anaconda3/lib/python3.9/site-packages/scipy/linalg/_decomp_cholesky.py", line 37, in _cholesky
    raise LinAlgError("%d-th leading minor of the array is not positive "
numpy.linalg.LinAlgError: ("The kernel, Matern(length_scale=6.7, nu=54.4), is not returning a positive definite matrix. Try gradually increasing the 'alpha' parameter of your GaussianProcessRegressor estimator.", '428-th leading minor of the array is not positive definite')

--------------------------------------------------------------------------------
1 fits failed with the following error:
Traceback (most recent call last):
  File "/home/harvey_hu/anaconda3/lib/python3.9/site-packages/sklearn/model_selection/_validation.py", line 680, in _fit_and_score
    estimator.fit(X_train, y_train, **fit_params)
  File "/home/harvey_hu/anaconda3/lib/python3.9/site-packages/sklearn/gaussian_process/_gpr.py", line 310, in fit
    self.L_ = cholesky(K, lower=GPR_CHOLESKY_LOWER, check_finite=False)
  File "/home/harvey_hu/anaconda3/lib/python3.9/site-packages/scipy/linalg/_decomp_cholesky.py", line 88, in cholesky
    c, lower = _cholesky(a, lower=lower, overwrite_a=overwrite_a, clean=True,
  File "/home/harvey_hu/anaconda3/lib/python3.9/site-packages/scipy/linalg/_decomp_cholesky.py", line 37, in _cholesky
    raise LinAlgError("%d-th leading minor of the array is not positive "
numpy.linalg.LinAlgError: ("The kernel, Matern(length_scale=6.7, nu=54.4), is not returning a positive definite matrix. Try gradually increasing the 'alpha' parameter of your GaussianProcessRegressor estimator.", '720-th leading minor of the array is not positive definite')

--------------------------------------------------------------------------------
1 fits failed with the following error:
Traceback (most recent call last):
  File "/home/harvey_hu/anaconda3/lib/python3.9/site-packages/sklearn/model_selection/_validation.py", line 680, in _fit_and_score
    estimator.fit(X_train, y_train, **fit_params)
  File "/home/harvey_hu/anaconda3/lib/python3.9/site-packages/sklearn/gaussian_process/_gpr.py", line 310, in fit
    self.L_ = cholesky(K, lower=GPR_CHOLESKY_LOWER, check_finite=False)
  File "/home/harvey_hu/anaconda3/lib/python3.9/site-packages/scipy/linalg/_decomp_cholesky.py", line 88, in cholesky
    c, lower = _cholesky(a, lower=lower, overwrite_a=overwrite_a, clean=True,
  File "/home/harvey_hu/anaconda3/lib/python3.9/site-packages/scipy/linalg/_decomp_cholesky.py", line 37, in _cholesky
    raise LinAlgError("%d-th leading minor of the array is not positive "
numpy.linalg.LinAlgError: ("The kernel, Matern(length_scale=6.7, nu=54.4), is not returning a positive definite matrix. Try gradually increasing the 'alpha' parameter of your GaussianProcessRegressor estimator.", '603-th leading minor of the array is not positive definite')

--------------------------------------------------------------------------------
1 fits failed with the following error:
Traceback (most recent call last):
  File "/home/harvey_hu/anaconda3/lib/python3.9/site-packages/sklearn/model_selection/_validation.py", line 680, in _fit_and_score
    estimator.fit(X_train, y_train, **fit_params)
  File "/home/harvey_hu/anaconda3/lib/python3.9/site-packages/sklearn/gaussian_process/_gpr.py", line 310, in fit
    self.L_ = cholesky(K, lower=GPR_CHOLESKY_LOWER, check_finite=False)
  File "/home/harvey_hu/anaconda3/lib/python3.9/site-packages/scipy/linalg/_decomp_cholesky.py", line 88, in cholesky
    c, lower = _cholesky(a, lower=lower, overwrite_a=overwrite_a, clean=True,
  File "/home/harvey_hu/anaconda3/lib/python3.9/site-packages/scipy/linalg/_decomp_cholesky.py", line 37, in _cholesky
    raise LinAlgError("%d-th leading minor of the array is not positive "
numpy.linalg.LinAlgError: ("The kernel, Matern(length_scale=6.7, nu=60), is not returning a positive definite matrix. Try gradually increasing the 'alpha' parameter of your GaussianProcessRegressor estimator.", '416-th leading minor of the array is not positive definite')

--------------------------------------------------------------------------------
1 fits failed with the following error:
Traceback (most recent call last):
  File "/home/harvey_hu/anaconda3/lib/python3.9/site-packages/sklearn/model_selection/_validation.py", line 680, in _fit_and_score
    estimator.fit(X_train, y_train, **fit_params)
  File "/home/harvey_hu/anaconda3/lib/python3.9/site-packages/sklearn/gaussian_process/_gpr.py", line 310, in fit
    self.L_ = cholesky(K, lower=GPR_CHOLESKY_LOWER, check_finite=False)
  File "/home/harvey_hu/anaconda3/lib/python3.9/site-packages/scipy/linalg/_decomp_cholesky.py", line 88, in cholesky
    c, lower = _cholesky(a, lower=lower, overwrite_a=overwrite_a, clean=True,
  File "/home/harvey_hu/anaconda3/lib/python3.9/site-packages/scipy/linalg/_decomp_cholesky.py", line 37, in _cholesky
    raise LinAlgError("%d-th leading minor of the array is not positive "
numpy.linalg.LinAlgError: ("The kernel, Matern(length_scale=6.7, nu=60), is not returning a positive definite matrix. Try gradually increasing the 'alpha' parameter of your GaussianProcessRegressor estimator.", '315-th leading minor of the array is not positive definite')

--------------------------------------------------------------------------------
1 fits failed with the following error:
Traceback (most recent call last):
  File "/home/harvey_hu/anaconda3/lib/python3.9/site-packages/sklearn/model_selection/_validation.py", line 680, in _fit_and_score
    estimator.fit(X_train, y_train, **fit_params)
  File "/home/harvey_hu/anaconda3/lib/python3.9/site-packages/sklearn/gaussian_process/_gpr.py", line 310, in fit
    self.L_ = cholesky(K, lower=GPR_CHOLESKY_LOWER, check_finite=False)
  File "/home/harvey_hu/anaconda3/lib/python3.9/site-packages/scipy/linalg/_decomp_cholesky.py", line 88, in cholesky
    c, lower = _cholesky(a, lower=lower, overwrite_a=overwrite_a, clean=True,
  File "/home/harvey_hu/anaconda3/lib/python3.9/site-packages/scipy/linalg/_decomp_cholesky.py", line 37, in _cholesky
    raise LinAlgError("%d-th leading minor of the array is not positive "
numpy.linalg.LinAlgError: ("The kernel, Matern(length_scale=6.7, nu=60), is not returning a positive definite matrix. Try gradually increasing the 'alpha' parameter of your GaussianProcessRegressor estimator.", '417-th leading minor of the array is not positive definite')

--------------------------------------------------------------------------------
2 fits failed with the following error:
Traceback (most recent call last):
  File "/home/harvey_hu/anaconda3/lib/python3.9/site-packages/sklearn/model_selection/_validation.py", line 680, in _fit_and_score
    estimator.fit(X_train, y_train, **fit_params)
  File "/home/harvey_hu/anaconda3/lib/python3.9/site-packages/sklearn/gaussian_process/_gpr.py", line 310, in fit
    self.L_ = cholesky(K, lower=GPR_CHOLESKY_LOWER, check_finite=False)
  File "/home/harvey_hu/anaconda3/lib/python3.9/site-packages/scipy/linalg/_decomp_cholesky.py", line 88, in cholesky
    c, lower = _cholesky(a, lower=lower, overwrite_a=overwrite_a, clean=True,
  File "/home/harvey_hu/anaconda3/lib/python3.9/site-packages/scipy/linalg/_decomp_cholesky.py", line 37, in _cholesky
    raise LinAlgError("%d-th leading minor of the array is not positive "
numpy.linalg.LinAlgError: ("The kernel, Matern(length_scale=6.7, nu=60), is not returning a positive definite matrix. Try gradually increasing the 'alpha' parameter of your GaussianProcessRegressor estimator.", '501-th leading minor of the array is not positive definite')

--------------------------------------------------------------------------------
1 fits failed with the following error:
Traceback (most recent call last):
  File "/home/harvey_hu/anaconda3/lib/python3.9/site-packages/sklearn/model_selection/_validation.py", line 680, in _fit_and_score
    estimator.fit(X_train, y_train, **fit_params)
  File "/home/harvey_hu/anaconda3/lib/python3.9/site-packages/sklearn/gaussian_process/_gpr.py", line 310, in fit
    self.L_ = cholesky(K, lower=GPR_CHOLESKY_LOWER, check_finite=False)
  File "/home/harvey_hu/anaconda3/lib/python3.9/site-packages/scipy/linalg/_decomp_cholesky.py", line 88, in cholesky
    c, lower = _cholesky(a, lower=lower, overwrite_a=overwrite_a, clean=True,
  File "/home/harvey_hu/anaconda3/lib/python3.9/site-packages/scipy/linalg/_decomp_cholesky.py", line 37, in _cholesky
    raise LinAlgError("%d-th leading minor of the array is not positive "
numpy.linalg.LinAlgError: ("The kernel, Matern(length_scale=7.8, nu=54.4), is not returning a positive definite matrix. Try gradually increasing the 'alpha' parameter of your GaussianProcessRegressor estimator.", '416-th leading minor of the array is not positive definite')

--------------------------------------------------------------------------------
1 fits failed with the following error:
Traceback (most recent call last):
  File "/home/harvey_hu/anaconda3/lib/python3.9/site-packages/sklearn/model_selection/_validation.py", line 680, in _fit_and_score
    estimator.fit(X_train, y_train, **fit_params)
  File "/home/harvey_hu/anaconda3/lib/python3.9/site-packages/sklearn/gaussian_process/_gpr.py", line 310, in fit
    self.L_ = cholesky(K, lower=GPR_CHOLESKY_LOWER, check_finite=False)
  File "/home/harvey_hu/anaconda3/lib/python3.9/site-packages/scipy/linalg/_decomp_cholesky.py", line 88, in cholesky
    c, lower = _cholesky(a, lower=lower, overwrite_a=overwrite_a, clean=True,
  File "/home/harvey_hu/anaconda3/lib/python3.9/site-packages/scipy/linalg/_decomp_cholesky.py", line 37, in _cholesky
    raise LinAlgError("%d-th leading minor of the array is not positive "
numpy.linalg.LinAlgError: ("The kernel, Matern(length_scale=7.8, nu=54.4), is not returning a positive definite matrix. Try gradually increasing the 'alpha' parameter of your GaussianProcessRegressor estimator.", '417-th leading minor of the array is not positive definite')

--------------------------------------------------------------------------------
1 fits failed with the following error:
Traceback (most recent call last):
  File "/home/harvey_hu/anaconda3/lib/python3.9/site-packages/sklearn/model_selection/_validation.py", line 680, in _fit_and_score
    estimator.fit(X_train, y_train, **fit_params)
  File "/home/harvey_hu/anaconda3/lib/python3.9/site-packages/sklearn/gaussian_process/_gpr.py", line 310, in fit
    self.L_ = cholesky(K, lower=GPR_CHOLESKY_LOWER, check_finite=False)
  File "/home/harvey_hu/anaconda3/lib/python3.9/site-packages/scipy/linalg/_decomp_cholesky.py", line 88, in cholesky
    c, lower = _cholesky(a, lower=lower, overwrite_a=overwrite_a, clean=True,
  File "/home/harvey_hu/anaconda3/lib/python3.9/site-packages/scipy/linalg/_decomp_cholesky.py", line 37, in _cholesky
    raise LinAlgError("%d-th leading minor of the array is not positive "
numpy.linalg.LinAlgError: ("The kernel, Matern(length_scale=7.8, nu=54.4), is not returning a positive definite matrix. Try gradually increasing the 'alpha' parameter of your GaussianProcessRegressor estimator.", '428-th leading minor of the array is not positive definite')

--------------------------------------------------------------------------------
1 fits failed with the following error:
Traceback (most recent call last):
  File "/home/harvey_hu/anaconda3/lib/python3.9/site-packages/sklearn/model_selection/_validation.py", line 680, in _fit_and_score
    estimator.fit(X_train, y_train, **fit_params)
  File "/home/harvey_hu/anaconda3/lib/python3.9/site-packages/sklearn/gaussian_process/_gpr.py", line 310, in fit
    self.L_ = cholesky(K, lower=GPR_CHOLESKY_LOWER, check_finite=False)
  File "/home/harvey_hu/anaconda3/lib/python3.9/site-packages/scipy/linalg/_decomp_cholesky.py", line 88, in cholesky
    c, lower = _cholesky(a, lower=lower, overwrite_a=overwrite_a, clean=True,
  File "/home/harvey_hu/anaconda3/lib/python3.9/site-packages/scipy/linalg/_decomp_cholesky.py", line 37, in _cholesky
    raise LinAlgError("%d-th leading minor of the array is not positive "
numpy.linalg.LinAlgError: ("The kernel, Matern(length_scale=7.8, nu=54.4), is not returning a positive definite matrix. Try gradually increasing the 'alpha' parameter of your GaussianProcessRegressor estimator.", '720-th leading minor of the array is not positive definite')

--------------------------------------------------------------------------------
1 fits failed with the following error:
Traceback (most recent call last):
  File "/home/harvey_hu/anaconda3/lib/python3.9/site-packages/sklearn/model_selection/_validation.py", line 680, in _fit_and_score
    estimator.fit(X_train, y_train, **fit_params)
  File "/home/harvey_hu/anaconda3/lib/python3.9/site-packages/sklearn/gaussian_process/_gpr.py", line 310, in fit
    self.L_ = cholesky(K, lower=GPR_CHOLESKY_LOWER, check_finite=False)
  File "/home/harvey_hu/anaconda3/lib/python3.9/site-packages/scipy/linalg/_decomp_cholesky.py", line 88, in cholesky
    c, lower = _cholesky(a, lower=lower, overwrite_a=overwrite_a, clean=True,
  File "/home/harvey_hu/anaconda3/lib/python3.9/site-packages/scipy/linalg/_decomp_cholesky.py", line 37, in _cholesky
    raise LinAlgError("%d-th leading minor of the array is not positive "
numpy.linalg.LinAlgError: ("The kernel, Matern(length_scale=7.8, nu=54.4), is not returning a positive definite matrix. Try gradually increasing the 'alpha' parameter of your GaussianProcessRegressor estimator.", '603-th leading minor of the array is not positive definite')

--------------------------------------------------------------------------------
1 fits failed with the following error:
Traceback (most recent call last):
  File "/home/harvey_hu/anaconda3/lib/python3.9/site-packages/sklearn/model_selection/_validation.py", line 680, in _fit_and_score
    estimator.fit(X_train, y_train, **fit_params)
  File "/home/harvey_hu/anaconda3/lib/python3.9/site-packages/sklearn/gaussian_process/_gpr.py", line 310, in fit
    self.L_ = cholesky(K, lower=GPR_CHOLESKY_LOWER, check_finite=False)
  File "/home/harvey_hu/anaconda3/lib/python3.9/site-packages/scipy/linalg/_decomp_cholesky.py", line 88, in cholesky
    c, lower = _cholesky(a, lower=lower, overwrite_a=overwrite_a, clean=True,
  File "/home/harvey_hu/anaconda3/lib/python3.9/site-packages/scipy/linalg/_decomp_cholesky.py", line 37, in _cholesky
    raise LinAlgError("%d-th leading minor of the array is not positive "
numpy.linalg.LinAlgError: ("The kernel, Matern(length_scale=7.8, nu=60), is not returning a positive definite matrix. Try gradually increasing the 'alpha' parameter of your GaussianProcessRegressor estimator.", '416-th leading minor of the array is not positive definite')

--------------------------------------------------------------------------------
1 fits failed with the following error:
Traceback (most recent call last):
  File "/home/harvey_hu/anaconda3/lib/python3.9/site-packages/sklearn/model_selection/_validation.py", line 680, in _fit_and_score
    estimator.fit(X_train, y_train, **fit_params)
  File "/home/harvey_hu/anaconda3/lib/python3.9/site-packages/sklearn/gaussian_process/_gpr.py", line 310, in fit
    self.L_ = cholesky(K, lower=GPR_CHOLESKY_LOWER, check_finite=False)
  File "/home/harvey_hu/anaconda3/lib/python3.9/site-packages/scipy/linalg/_decomp_cholesky.py", line 88, in cholesky
    c, lower = _cholesky(a, lower=lower, overwrite_a=overwrite_a, clean=True,
  File "/home/harvey_hu/anaconda3/lib/python3.9/site-packages/scipy/linalg/_decomp_cholesky.py", line 37, in _cholesky
    raise LinAlgError("%d-th leading minor of the array is not positive "
numpy.linalg.LinAlgError: ("The kernel, Matern(length_scale=7.8, nu=60), is not returning a positive definite matrix. Try gradually increasing the 'alpha' parameter of your GaussianProcessRegressor estimator.", '239-th leading minor of the array is not positive definite')

--------------------------------------------------------------------------------
1 fits failed with the following error:
Traceback (most recent call last):
  File "/home/harvey_hu/anaconda3/lib/python3.9/site-packages/sklearn/model_selection/_validation.py", line 680, in _fit_and_score
    estimator.fit(X_train, y_train, **fit_params)
  File "/home/harvey_hu/anaconda3/lib/python3.9/site-packages/sklearn/gaussian_process/_gpr.py", line 310, in fit
    self.L_ = cholesky(K, lower=GPR_CHOLESKY_LOWER, check_finite=False)
  File "/home/harvey_hu/anaconda3/lib/python3.9/site-packages/scipy/linalg/_decomp_cholesky.py", line 88, in cholesky
    c, lower = _cholesky(a, lower=lower, overwrite_a=overwrite_a, clean=True,
  File "/home/harvey_hu/anaconda3/lib/python3.9/site-packages/scipy/linalg/_decomp_cholesky.py", line 37, in _cholesky
    raise LinAlgError("%d-th leading minor of the array is not positive "
numpy.linalg.LinAlgError: ("The kernel, Matern(length_scale=7.8, nu=60), is not returning a positive definite matrix. Try gradually increasing the 'alpha' parameter of your GaussianProcessRegressor estimator.", '417-th leading minor of the array is not positive definite')

--------------------------------------------------------------------------------
2 fits failed with the following error:
Traceback (most recent call last):
  File "/home/harvey_hu/anaconda3/lib/python3.9/site-packages/sklearn/model_selection/_validation.py", line 680, in _fit_and_score
    estimator.fit(X_train, y_train, **fit_params)
  File "/home/harvey_hu/anaconda3/lib/python3.9/site-packages/sklearn/gaussian_process/_gpr.py", line 310, in fit
    self.L_ = cholesky(K, lower=GPR_CHOLESKY_LOWER, check_finite=False)
  File "/home/harvey_hu/anaconda3/lib/python3.9/site-packages/scipy/linalg/_decomp_cholesky.py", line 88, in cholesky
    c, lower = _cholesky(a, lower=lower, overwrite_a=overwrite_a, clean=True,
  File "/home/harvey_hu/anaconda3/lib/python3.9/site-packages/scipy/linalg/_decomp_cholesky.py", line 37, in _cholesky
    raise LinAlgError("%d-th leading minor of the array is not positive "
numpy.linalg.LinAlgError: ("The kernel, Matern(length_scale=7.8, nu=60), is not returning a positive definite matrix. Try gradually increasing the 'alpha' parameter of your GaussianProcessRegressor estimator.", '425-th leading minor of the array is not positive definite')

--------------------------------------------------------------------------------
2 fits failed with the following error:
Traceback (most recent call last):
  File "/home/harvey_hu/anaconda3/lib/python3.9/site-packages/sklearn/model_selection/_validation.py", line 680, in _fit_and_score
    estimator.fit(X_train, y_train, **fit_params)
  File "/home/harvey_hu/anaconda3/lib/python3.9/site-packages/sklearn/gaussian_process/_gpr.py", line 310, in fit
    self.L_ = cholesky(K, lower=GPR_CHOLESKY_LOWER, check_finite=False)
  File "/home/harvey_hu/anaconda3/lib/python3.9/site-packages/scipy/linalg/_decomp_cholesky.py", line 88, in cholesky
    c, lower = _cholesky(a, lower=lower, overwrite_a=overwrite_a, clean=True,
  File "/home/harvey_hu/anaconda3/lib/python3.9/site-packages/scipy/linalg/_decomp_cholesky.py", line 37, in _cholesky
    raise LinAlgError("%d-th leading minor of the array is not positive "
numpy.linalg.LinAlgError: ("The kernel, Matern(length_scale=8.9, nu=48.9), is not returning a positive definite matrix. Try gradually increasing the 'alpha' parameter of your GaussianProcessRegressor estimator.", '498-th leading minor of the array is not positive definite')

--------------------------------------------------------------------------------
1 fits failed with the following error:
Traceback (most recent call last):
  File "/home/harvey_hu/anaconda3/lib/python3.9/site-packages/sklearn/model_selection/_validation.py", line 680, in _fit_and_score
    estimator.fit(X_train, y_train, **fit_params)
  File "/home/harvey_hu/anaconda3/lib/python3.9/site-packages/sklearn/gaussian_process/_gpr.py", line 310, in fit
    self.L_ = cholesky(K, lower=GPR_CHOLESKY_LOWER, check_finite=False)
  File "/home/harvey_hu/anaconda3/lib/python3.9/site-packages/scipy/linalg/_decomp_cholesky.py", line 88, in cholesky
    c, lower = _cholesky(a, lower=lower, overwrite_a=overwrite_a, clean=True,
  File "/home/harvey_hu/anaconda3/lib/python3.9/site-packages/scipy/linalg/_decomp_cholesky.py", line 37, in _cholesky
    raise LinAlgError("%d-th leading minor of the array is not positive "
numpy.linalg.LinAlgError: ("The kernel, Matern(length_scale=8.9, nu=48.9), is not returning a positive definite matrix. Try gradually increasing the 'alpha' parameter of your GaussianProcessRegressor estimator.", '684-th leading minor of the array is not positive definite')

--------------------------------------------------------------------------------
1 fits failed with the following error:
Traceback (most recent call last):
  File "/home/harvey_hu/anaconda3/lib/python3.9/site-packages/sklearn/model_selection/_validation.py", line 680, in _fit_and_score
    estimator.fit(X_train, y_train, **fit_params)
  File "/home/harvey_hu/anaconda3/lib/python3.9/site-packages/sklearn/gaussian_process/_gpr.py", line 310, in fit
    self.L_ = cholesky(K, lower=GPR_CHOLESKY_LOWER, check_finite=False)
  File "/home/harvey_hu/anaconda3/lib/python3.9/site-packages/scipy/linalg/_decomp_cholesky.py", line 88, in cholesky
    c, lower = _cholesky(a, lower=lower, overwrite_a=overwrite_a, clean=True,
  File "/home/harvey_hu/anaconda3/lib/python3.9/site-packages/scipy/linalg/_decomp_cholesky.py", line 37, in _cholesky
    raise LinAlgError("%d-th leading minor of the array is not positive "
numpy.linalg.LinAlgError: ("The kernel, Matern(length_scale=8.9, nu=54.4), is not returning a positive definite matrix. Try gradually increasing the 'alpha' parameter of your GaussianProcessRegressor estimator.", '416-th leading minor of the array is not positive definite')

--------------------------------------------------------------------------------
1 fits failed with the following error:
Traceback (most recent call last):
  File "/home/harvey_hu/anaconda3/lib/python3.9/site-packages/sklearn/model_selection/_validation.py", line 680, in _fit_and_score
    estimator.fit(X_train, y_train, **fit_params)
  File "/home/harvey_hu/anaconda3/lib/python3.9/site-packages/sklearn/gaussian_process/_gpr.py", line 310, in fit
    self.L_ = cholesky(K, lower=GPR_CHOLESKY_LOWER, check_finite=False)
  File "/home/harvey_hu/anaconda3/lib/python3.9/site-packages/scipy/linalg/_decomp_cholesky.py", line 88, in cholesky
    c, lower = _cholesky(a, lower=lower, overwrite_a=overwrite_a, clean=True,
  File "/home/harvey_hu/anaconda3/lib/python3.9/site-packages/scipy/linalg/_decomp_cholesky.py", line 37, in _cholesky
    raise LinAlgError("%d-th leading minor of the array is not positive "
numpy.linalg.LinAlgError: ("The kernel, Matern(length_scale=8.9, nu=54.4), is not returning a positive definite matrix. Try gradually increasing the 'alpha' parameter of your GaussianProcessRegressor estimator.", '417-th leading minor of the array is not positive definite')

--------------------------------------------------------------------------------
1 fits failed with the following error:
Traceback (most recent call last):
  File "/home/harvey_hu/anaconda3/lib/python3.9/site-packages/sklearn/model_selection/_validation.py", line 680, in _fit_and_score
    estimator.fit(X_train, y_train, **fit_params)
  File "/home/harvey_hu/anaconda3/lib/python3.9/site-packages/sklearn/gaussian_process/_gpr.py", line 310, in fit
    self.L_ = cholesky(K, lower=GPR_CHOLESKY_LOWER, check_finite=False)
  File "/home/harvey_hu/anaconda3/lib/python3.9/site-packages/scipy/linalg/_decomp_cholesky.py", line 88, in cholesky
    c, lower = _cholesky(a, lower=lower, overwrite_a=overwrite_a, clean=True,
  File "/home/harvey_hu/anaconda3/lib/python3.9/site-packages/scipy/linalg/_decomp_cholesky.py", line 37, in _cholesky
    raise LinAlgError("%d-th leading minor of the array is not positive "
numpy.linalg.LinAlgError: ("The kernel, Matern(length_scale=8.9, nu=54.4), is not returning a positive definite matrix. Try gradually increasing the 'alpha' parameter of your GaussianProcessRegressor estimator.", '428-th leading minor of the array is not positive definite')

--------------------------------------------------------------------------------
1 fits failed with the following error:
Traceback (most recent call last):
  File "/home/harvey_hu/anaconda3/lib/python3.9/site-packages/sklearn/model_selection/_validation.py", line 680, in _fit_and_score
    estimator.fit(X_train, y_train, **fit_params)
  File "/home/harvey_hu/anaconda3/lib/python3.9/site-packages/sklearn/gaussian_process/_gpr.py", line 310, in fit
    self.L_ = cholesky(K, lower=GPR_CHOLESKY_LOWER, check_finite=False)
  File "/home/harvey_hu/anaconda3/lib/python3.9/site-packages/scipy/linalg/_decomp_cholesky.py", line 88, in cholesky
    c, lower = _cholesky(a, lower=lower, overwrite_a=overwrite_a, clean=True,
  File "/home/harvey_hu/anaconda3/lib/python3.9/site-packages/scipy/linalg/_decomp_cholesky.py", line 37, in _cholesky
    raise LinAlgError("%d-th leading minor of the array is not positive "
numpy.linalg.LinAlgError: ("The kernel, Matern(length_scale=8.9, nu=54.4), is not returning a positive definite matrix. Try gradually increasing the 'alpha' parameter of your GaussianProcessRegressor estimator.", '720-th leading minor of the array is not positive definite')

--------------------------------------------------------------------------------
1 fits failed with the following error:
Traceback (most recent call last):
  File "/home/harvey_hu/anaconda3/lib/python3.9/site-packages/sklearn/model_selection/_validation.py", line 680, in _fit_and_score
    estimator.fit(X_train, y_train, **fit_params)
  File "/home/harvey_hu/anaconda3/lib/python3.9/site-packages/sklearn/gaussian_process/_gpr.py", line 310, in fit
    self.L_ = cholesky(K, lower=GPR_CHOLESKY_LOWER, check_finite=False)
  File "/home/harvey_hu/anaconda3/lib/python3.9/site-packages/scipy/linalg/_decomp_cholesky.py", line 88, in cholesky
    c, lower = _cholesky(a, lower=lower, overwrite_a=overwrite_a, clean=True,
  File "/home/harvey_hu/anaconda3/lib/python3.9/site-packages/scipy/linalg/_decomp_cholesky.py", line 37, in _cholesky
    raise LinAlgError("%d-th leading minor of the array is not positive "
numpy.linalg.LinAlgError: ("The kernel, Matern(length_scale=8.9, nu=54.4), is not returning a positive definite matrix. Try gradually increasing the 'alpha' parameter of your GaussianProcessRegressor estimator.", '603-th leading minor of the array is not positive definite')

--------------------------------------------------------------------------------
1 fits failed with the following error:
Traceback (most recent call last):
  File "/home/harvey_hu/anaconda3/lib/python3.9/site-packages/sklearn/model_selection/_validation.py", line 680, in _fit_and_score
    estimator.fit(X_train, y_train, **fit_params)
  File "/home/harvey_hu/anaconda3/lib/python3.9/site-packages/sklearn/gaussian_process/_gpr.py", line 310, in fit
    self.L_ = cholesky(K, lower=GPR_CHOLESKY_LOWER, check_finite=False)
  File "/home/harvey_hu/anaconda3/lib/python3.9/site-packages/scipy/linalg/_decomp_cholesky.py", line 88, in cholesky
    c, lower = _cholesky(a, lower=lower, overwrite_a=overwrite_a, clean=True,
  File "/home/harvey_hu/anaconda3/lib/python3.9/site-packages/scipy/linalg/_decomp_cholesky.py", line 37, in _cholesky
    raise LinAlgError("%d-th leading minor of the array is not positive "
numpy.linalg.LinAlgError: ("The kernel, Matern(length_scale=8.9, nu=60), is not returning a positive definite matrix. Try gradually increasing the 'alpha' parameter of your GaussianProcessRegressor estimator.", '416-th leading minor of the array is not positive definite')

--------------------------------------------------------------------------------
1 fits failed with the following error:
Traceback (most recent call last):
  File "/home/harvey_hu/anaconda3/lib/python3.9/site-packages/sklearn/model_selection/_validation.py", line 680, in _fit_and_score
    estimator.fit(X_train, y_train, **fit_params)
  File "/home/harvey_hu/anaconda3/lib/python3.9/site-packages/sklearn/gaussian_process/_gpr.py", line 310, in fit
    self.L_ = cholesky(K, lower=GPR_CHOLESKY_LOWER, check_finite=False)
  File "/home/harvey_hu/anaconda3/lib/python3.9/site-packages/scipy/linalg/_decomp_cholesky.py", line 88, in cholesky
    c, lower = _cholesky(a, lower=lower, overwrite_a=overwrite_a, clean=True,
  File "/home/harvey_hu/anaconda3/lib/python3.9/site-packages/scipy/linalg/_decomp_cholesky.py", line 37, in _cholesky
    raise LinAlgError("%d-th leading minor of the array is not positive "
numpy.linalg.LinAlgError: ("The kernel, Matern(length_scale=8.9, nu=60), is not returning a positive definite matrix. Try gradually increasing the 'alpha' parameter of your GaussianProcessRegressor estimator.", '239-th leading minor of the array is not positive definite')

--------------------------------------------------------------------------------
1 fits failed with the following error:
Traceback (most recent call last):
  File "/home/harvey_hu/anaconda3/lib/python3.9/site-packages/sklearn/model_selection/_validation.py", line 680, in _fit_and_score
    estimator.fit(X_train, y_train, **fit_params)
  File "/home/harvey_hu/anaconda3/lib/python3.9/site-packages/sklearn/gaussian_process/_gpr.py", line 310, in fit
    self.L_ = cholesky(K, lower=GPR_CHOLESKY_LOWER, check_finite=False)
  File "/home/harvey_hu/anaconda3/lib/python3.9/site-packages/scipy/linalg/_decomp_cholesky.py", line 88, in cholesky
    c, lower = _cholesky(a, lower=lower, overwrite_a=overwrite_a, clean=True,
  File "/home/harvey_hu/anaconda3/lib/python3.9/site-packages/scipy/linalg/_decomp_cholesky.py", line 37, in _cholesky
    raise LinAlgError("%d-th leading minor of the array is not positive "
numpy.linalg.LinAlgError: ("The kernel, Matern(length_scale=8.9, nu=60), is not returning a positive definite matrix. Try gradually increasing the 'alpha' parameter of your GaussianProcessRegressor estimator.", '417-th leading minor of the array is not positive definite')

--------------------------------------------------------------------------------
2 fits failed with the following error:
Traceback (most recent call last):
  File "/home/harvey_hu/anaconda3/lib/python3.9/site-packages/sklearn/model_selection/_validation.py", line 680, in _fit_and_score
    estimator.fit(X_train, y_train, **fit_params)
  File "/home/harvey_hu/anaconda3/lib/python3.9/site-packages/sklearn/gaussian_process/_gpr.py", line 310, in fit
    self.L_ = cholesky(K, lower=GPR_CHOLESKY_LOWER, check_finite=False)
  File "/home/harvey_hu/anaconda3/lib/python3.9/site-packages/scipy/linalg/_decomp_cholesky.py", line 88, in cholesky
    c, lower = _cholesky(a, lower=lower, overwrite_a=overwrite_a, clean=True,
  File "/home/harvey_hu/anaconda3/lib/python3.9/site-packages/scipy/linalg/_decomp_cholesky.py", line 37, in _cholesky
    raise LinAlgError("%d-th leading minor of the array is not positive "
numpy.linalg.LinAlgError: ("The kernel, Matern(length_scale=8.9, nu=60), is not returning a positive definite matrix. Try gradually increasing the 'alpha' parameter of your GaussianProcessRegressor estimator.", '425-th leading minor of the array is not positive definite')

--------------------------------------------------------------------------------
2 fits failed with the following error:
Traceback (most recent call last):
  File "/home/harvey_hu/anaconda3/lib/python3.9/site-packages/sklearn/model_selection/_validation.py", line 680, in _fit_and_score
    estimator.fit(X_train, y_train, **fit_params)
  File "/home/harvey_hu/anaconda3/lib/python3.9/site-packages/sklearn/gaussian_process/_gpr.py", line 310, in fit
    self.L_ = cholesky(K, lower=GPR_CHOLESKY_LOWER, check_finite=False)
  File "/home/harvey_hu/anaconda3/lib/python3.9/site-packages/scipy/linalg/_decomp_cholesky.py", line 88, in cholesky
    c, lower = _cholesky(a, lower=lower, overwrite_a=overwrite_a, clean=True,
  File "/home/harvey_hu/anaconda3/lib/python3.9/site-packages/scipy/linalg/_decomp_cholesky.py", line 37, in _cholesky
    raise LinAlgError("%d-th leading minor of the array is not positive "
numpy.linalg.LinAlgError: ("The kernel, Matern(length_scale=10, nu=48.9), is not returning a positive definite matrix. Try gradually increasing the 'alpha' parameter of your GaussianProcessRegressor estimator.", '498-th leading minor of the array is not positive definite')

--------------------------------------------------------------------------------
1 fits failed with the following error:
Traceback (most recent call last):
  File "/home/harvey_hu/anaconda3/lib/python3.9/site-packages/sklearn/model_selection/_validation.py", line 680, in _fit_and_score
    estimator.fit(X_train, y_train, **fit_params)
  File "/home/harvey_hu/anaconda3/lib/python3.9/site-packages/sklearn/gaussian_process/_gpr.py", line 310, in fit
    self.L_ = cholesky(K, lower=GPR_CHOLESKY_LOWER, check_finite=False)
  File "/home/harvey_hu/anaconda3/lib/python3.9/site-packages/scipy/linalg/_decomp_cholesky.py", line 88, in cholesky
    c, lower = _cholesky(a, lower=lower, overwrite_a=overwrite_a, clean=True,
  File "/home/harvey_hu/anaconda3/lib/python3.9/site-packages/scipy/linalg/_decomp_cholesky.py", line 37, in _cholesky
    raise LinAlgError("%d-th leading minor of the array is not positive "
numpy.linalg.LinAlgError: ("The kernel, Matern(length_scale=10, nu=48.9), is not returning a positive definite matrix. Try gradually increasing the 'alpha' parameter of your GaussianProcessRegressor estimator.", '684-th leading minor of the array is not positive definite')

--------------------------------------------------------------------------------
1 fits failed with the following error:
Traceback (most recent call last):
  File "/home/harvey_hu/anaconda3/lib/python3.9/site-packages/sklearn/model_selection/_validation.py", line 680, in _fit_and_score
    estimator.fit(X_train, y_train, **fit_params)
  File "/home/harvey_hu/anaconda3/lib/python3.9/site-packages/sklearn/gaussian_process/_gpr.py", line 310, in fit
    self.L_ = cholesky(K, lower=GPR_CHOLESKY_LOWER, check_finite=False)
  File "/home/harvey_hu/anaconda3/lib/python3.9/site-packages/scipy/linalg/_decomp_cholesky.py", line 88, in cholesky
    c, lower = _cholesky(a, lower=lower, overwrite_a=overwrite_a, clean=True,
  File "/home/harvey_hu/anaconda3/lib/python3.9/site-packages/scipy/linalg/_decomp_cholesky.py", line 37, in _cholesky
    raise LinAlgError("%d-th leading minor of the array is not positive "
numpy.linalg.LinAlgError: ("The kernel, Matern(length_scale=10, nu=54.4), is not returning a positive definite matrix. Try gradually increasing the 'alpha' parameter of your GaussianProcessRegressor estimator.", '416-th leading minor of the array is not positive definite')

--------------------------------------------------------------------------------
2 fits failed with the following error:
Traceback (most recent call last):
  File "/home/harvey_hu/anaconda3/lib/python3.9/site-packages/sklearn/model_selection/_validation.py", line 680, in _fit_and_score
    estimator.fit(X_train, y_train, **fit_params)
  File "/home/harvey_hu/anaconda3/lib/python3.9/site-packages/sklearn/gaussian_process/_gpr.py", line 310, in fit
    self.L_ = cholesky(K, lower=GPR_CHOLESKY_LOWER, check_finite=False)
  File "/home/harvey_hu/anaconda3/lib/python3.9/site-packages/scipy/linalg/_decomp_cholesky.py", line 88, in cholesky
    c, lower = _cholesky(a, lower=lower, overwrite_a=overwrite_a, clean=True,
  File "/home/harvey_hu/anaconda3/lib/python3.9/site-packages/scipy/linalg/_decomp_cholesky.py", line 37, in _cholesky
    raise LinAlgError("%d-th leading minor of the array is not positive "
numpy.linalg.LinAlgError: ("The kernel, Matern(length_scale=10, nu=54.4), is not returning a positive definite matrix. Try gradually increasing the 'alpha' parameter of your GaussianProcessRegressor estimator.", '417-th leading minor of the array is not positive definite')

--------------------------------------------------------------------------------
1 fits failed with the following error:
Traceback (most recent call last):
  File "/home/harvey_hu/anaconda3/lib/python3.9/site-packages/sklearn/model_selection/_validation.py", line 680, in _fit_and_score
    estimator.fit(X_train, y_train, **fit_params)
  File "/home/harvey_hu/anaconda3/lib/python3.9/site-packages/sklearn/gaussian_process/_gpr.py", line 310, in fit
    self.L_ = cholesky(K, lower=GPR_CHOLESKY_LOWER, check_finite=False)
  File "/home/harvey_hu/anaconda3/lib/python3.9/site-packages/scipy/linalg/_decomp_cholesky.py", line 88, in cholesky
    c, lower = _cholesky(a, lower=lower, overwrite_a=overwrite_a, clean=True,
  File "/home/harvey_hu/anaconda3/lib/python3.9/site-packages/scipy/linalg/_decomp_cholesky.py", line 37, in _cholesky
    raise LinAlgError("%d-th leading minor of the array is not positive "
numpy.linalg.LinAlgError: ("The kernel, Matern(length_scale=10, nu=54.4), is not returning a positive definite matrix. Try gradually increasing the 'alpha' parameter of your GaussianProcessRegressor estimator.", '720-th leading minor of the array is not positive definite')

--------------------------------------------------------------------------------
1 fits failed with the following error:
Traceback (most recent call last):
  File "/home/harvey_hu/anaconda3/lib/python3.9/site-packages/sklearn/model_selection/_validation.py", line 680, in _fit_and_score
    estimator.fit(X_train, y_train, **fit_params)
  File "/home/harvey_hu/anaconda3/lib/python3.9/site-packages/sklearn/gaussian_process/_gpr.py", line 310, in fit
    self.L_ = cholesky(K, lower=GPR_CHOLESKY_LOWER, check_finite=False)
  File "/home/harvey_hu/anaconda3/lib/python3.9/site-packages/scipy/linalg/_decomp_cholesky.py", line 88, in cholesky
    c, lower = _cholesky(a, lower=lower, overwrite_a=overwrite_a, clean=True,
  File "/home/harvey_hu/anaconda3/lib/python3.9/site-packages/scipy/linalg/_decomp_cholesky.py", line 37, in _cholesky
    raise LinAlgError("%d-th leading minor of the array is not positive "
numpy.linalg.LinAlgError: ("The kernel, Matern(length_scale=10, nu=54.4), is not returning a positive definite matrix. Try gradually increasing the 'alpha' parameter of your GaussianProcessRegressor estimator.", '603-th leading minor of the array is not positive definite')

--------------------------------------------------------------------------------
1 fits failed with the following error:
Traceback (most recent call last):
  File "/home/harvey_hu/anaconda3/lib/python3.9/site-packages/sklearn/model_selection/_validation.py", line 680, in _fit_and_score
    estimator.fit(X_train, y_train, **fit_params)
  File "/home/harvey_hu/anaconda3/lib/python3.9/site-packages/sklearn/gaussian_process/_gpr.py", line 310, in fit
    self.L_ = cholesky(K, lower=GPR_CHOLESKY_LOWER, check_finite=False)
  File "/home/harvey_hu/anaconda3/lib/python3.9/site-packages/scipy/linalg/_decomp_cholesky.py", line 88, in cholesky
    c, lower = _cholesky(a, lower=lower, overwrite_a=overwrite_a, clean=True,
  File "/home/harvey_hu/anaconda3/lib/python3.9/site-packages/scipy/linalg/_decomp_cholesky.py", line 37, in _cholesky
    raise LinAlgError("%d-th leading minor of the array is not positive "
numpy.linalg.LinAlgError: ("The kernel, Matern(length_scale=10, nu=60), is not returning a positive definite matrix. Try gradually increasing the 'alpha' parameter of your GaussianProcessRegressor estimator.", '416-th leading minor of the array is not positive definite')

--------------------------------------------------------------------------------
1 fits failed with the following error:
Traceback (most recent call last):
  File "/home/harvey_hu/anaconda3/lib/python3.9/site-packages/sklearn/model_selection/_validation.py", line 680, in _fit_and_score
    estimator.fit(X_train, y_train, **fit_params)
  File "/home/harvey_hu/anaconda3/lib/python3.9/site-packages/sklearn/gaussian_process/_gpr.py", line 310, in fit
    self.L_ = cholesky(K, lower=GPR_CHOLESKY_LOWER, check_finite=False)
  File "/home/harvey_hu/anaconda3/lib/python3.9/site-packages/scipy/linalg/_decomp_cholesky.py", line 88, in cholesky
    c, lower = _cholesky(a, lower=lower, overwrite_a=overwrite_a, clean=True,
  File "/home/harvey_hu/anaconda3/lib/python3.9/site-packages/scipy/linalg/_decomp_cholesky.py", line 37, in _cholesky
    raise LinAlgError("%d-th leading minor of the array is not positive "
numpy.linalg.LinAlgError: ("The kernel, Matern(length_scale=10, nu=60), is not returning a positive definite matrix. Try gradually increasing the 'alpha' parameter of your GaussianProcessRegressor estimator.", '239-th leading minor of the array is not positive definite')

--------------------------------------------------------------------------------
1 fits failed with the following error:
Traceback (most recent call last):
  File "/home/harvey_hu/anaconda3/lib/python3.9/site-packages/sklearn/model_selection/_validation.py", line 680, in _fit_and_score
    estimator.fit(X_train, y_train, **fit_params)
  File "/home/harvey_hu/anaconda3/lib/python3.9/site-packages/sklearn/gaussian_process/_gpr.py", line 310, in fit
    self.L_ = cholesky(K, lower=GPR_CHOLESKY_LOWER, check_finite=False)
  File "/home/harvey_hu/anaconda3/lib/python3.9/site-packages/scipy/linalg/_decomp_cholesky.py", line 88, in cholesky
    c, lower = _cholesky(a, lower=lower, overwrite_a=overwrite_a, clean=True,
  File "/home/harvey_hu/anaconda3/lib/python3.9/site-packages/scipy/linalg/_decomp_cholesky.py", line 37, in _cholesky
    raise LinAlgError("%d-th leading minor of the array is not positive "
numpy.linalg.LinAlgError: ("The kernel, Matern(length_scale=10, nu=60), is not returning a positive definite matrix. Try gradually increasing the 'alpha' parameter of your GaussianProcessRegressor estimator.", '417-th leading minor of the array is not positive definite')

--------------------------------------------------------------------------------
2 fits failed with the following error:
Traceback (most recent call last):
  File "/home/harvey_hu/anaconda3/lib/python3.9/site-packages/sklearn/model_selection/_validation.py", line 680, in _fit_and_score
    estimator.fit(X_train, y_train, **fit_params)
  File "/home/harvey_hu/anaconda3/lib/python3.9/site-packages/sklearn/gaussian_process/_gpr.py", line 310, in fit
    self.L_ = cholesky(K, lower=GPR_CHOLESKY_LOWER, check_finite=False)
  File "/home/harvey_hu/anaconda3/lib/python3.9/site-packages/scipy/linalg/_decomp_cholesky.py", line 88, in cholesky
    c, lower = _cholesky(a, lower=lower, overwrite_a=overwrite_a, clean=True,
  File "/home/harvey_hu/anaconda3/lib/python3.9/site-packages/scipy/linalg/_decomp_cholesky.py", line 37, in _cholesky
    raise LinAlgError("%d-th leading minor of the array is not positive "
numpy.linalg.LinAlgError: ("The kernel, Matern(length_scale=10, nu=60), is not returning a positive definite matrix. Try gradually increasing the 'alpha' parameter of your GaussianProcessRegressor estimator.", '425-th leading minor of the array is not positive definite')

  warnings.warn(some_fits_failed_message, FitFailedWarning)
/home/harvey_hu/anaconda3/lib/python3.9/site-packages/sklearn/model_selection/_search.py:969: UserWarning: One or more of the test scores are non-finite: [0.50093086 0.48456891 0.4748457  0.46842644 0.46388571 0.46051037
 0.45790566 0.4558361  0.45415286 0.45275742 0.50001214 0.50024588
 0.49982346 0.4994007  0.49905838 0.49878793 0.49857235 0.49839774
 0.49825399        nan 0.44233822 0.43397478 0.43041046 0.42844817
 0.42720845 0.42635492 0.42573169 0.42525673        nan        nan
 0.39654586 0.39320302 0.39184833 0.39110614 0.39063561 0.39031002
 0.39007111 0.38988823        nan        nan 0.37669291 0.37219432
 0.36995795 0.3686183  0.36772617 0.36708947 0.36661228 0.36624135
        nan        nan 0.34409546 0.33548229 0.33134422 0.32892027
 0.32732968 0.32620617 0.3253705  0.3247247         nan        nan
 0.30067042 0.28991676 0.2850147  0.28221689 0.28040928 0.27914565
 0.27821271 0.27749572        nan        nan 0.25945437 0.24929226
 0.24484009 0.24234642 0.24075303 0.23964724 0.23883504 0.23821326
        nan        nan 0.22728625 0.21898411 0.21544353 0.21348504
 0.21224265 0.21138453 0.21075636        nan        nan        nan
 0.20446976 0.19812929 0.19547253 0.19401468 0.19309414 0.19246024
 0.19199719        nan        nan        nan]
  warnings.warn(
/home/harvey_hu/anaconda3/lib/python3.9/site-packages/sklearn/model_selection/_validation.py:770: UserWarning: Scoring failed. The score on this train-test partition for these parameters will be set to nan. Details: 
Traceback (most recent call last):
  File "/home/harvey_hu/anaconda3/lib/python3.9/site-packages/sklearn/model_selection/_validation.py", line 761, in _score
    scores = scorer(estimator, X_test, y_test)
  File "/home/harvey_hu/anaconda3/lib/python3.9/site-packages/sklearn/metrics/_scorer.py", line 418, in _passthrough_scorer
    return estimator.score(*args, **kwargs)
  File "/home/harvey_hu/anaconda3/lib/python3.9/site-packages/sklearn/base.py", line 706, in score
    return r2_score(y, y_pred, sample_weight=sample_weight)
  File "/home/harvey_hu/anaconda3/lib/python3.9/site-packages/sklearn/metrics/_regression.py", line 789, in r2_score
    y_type, y_true, y_pred, multioutput = _check_reg_targets(
  File "/home/harvey_hu/anaconda3/lib/python3.9/site-packages/sklearn/metrics/_regression.py", line 96, in _check_reg_targets
    y_pred = check_array(y_pred, ensure_2d=False, dtype=dtype)
  File "/home/harvey_hu/anaconda3/lib/python3.9/site-packages/sklearn/utils/validation.py", line 800, in check_array
    _assert_all_finite(array, allow_nan=force_all_finite == "allow-nan")
  File "/home/harvey_hu/anaconda3/lib/python3.9/site-packages/sklearn/utils/validation.py", line 114, in _assert_all_finite
    raise ValueError(
ValueError: Input contains NaN, infinity or a value too large for dtype('float64').

  warnings.warn(
/home/harvey_hu/anaconda3/lib/python3.9/site-packages/sklearn/model_selection/_validation.py:770: UserWarning: Scoring failed. The score on this train-test partition for these parameters will be set to nan. Details: 
Traceback (most recent call last):
  File "/home/harvey_hu/anaconda3/lib/python3.9/site-packages/sklearn/model_selection/_validation.py", line 761, in _score
    scores = scorer(estimator, X_test, y_test)
  File "/home/harvey_hu/anaconda3/lib/python3.9/site-packages/sklearn/metrics/_scorer.py", line 418, in _passthrough_scorer
    return estimator.score(*args, **kwargs)
  File "/home/harvey_hu/anaconda3/lib/python3.9/site-packages/sklearn/base.py", line 706, in score
    return r2_score(y, y_pred, sample_weight=sample_weight)
  File "/home/harvey_hu/anaconda3/lib/python3.9/site-packages/sklearn/metrics/_regression.py", line 789, in r2_score
    y_type, y_true, y_pred, multioutput = _check_reg_targets(
  File "/home/harvey_hu/anaconda3/lib/python3.9/site-packages/sklearn/metrics/_regression.py", line 96, in _check_reg_targets
    y_pred = check_array(y_pred, ensure_2d=False, dtype=dtype)
  File "/home/harvey_hu/anaconda3/lib/python3.9/site-packages/sklearn/utils/validation.py", line 800, in check_array
    _assert_all_finite(array, allow_nan=force_all_finite == "allow-nan")
  File "/home/harvey_hu/anaconda3/lib/python3.9/site-packages/sklearn/utils/validation.py", line 114, in _assert_all_finite
    raise ValueError(
ValueError: Input contains NaN, infinity or a value too large for dtype('float64').

  warnings.warn(
/home/harvey_hu/anaconda3/lib/python3.9/site-packages/sklearn/gaussian_process/kernels.py:1713: RuntimeWarning: invalid value encountered in multiply
  K *= kv(self.nu, tmp)
/home/harvey_hu/anaconda3/lib/python3.9/site-packages/sklearn/gaussian_process/kernels.py:1713: RuntimeWarning: invalid value encountered in multiply
  K *= kv(self.nu, tmp)
/home/harvey_hu/anaconda3/lib/python3.9/site-packages/sklearn/gaussian_process/kernels.py:1713: RuntimeWarning: invalid value encountered in multiply
  K *= kv(self.nu, tmp)
/home/harvey_hu/anaconda3/lib/python3.9/site-packages/sklearn/gaussian_process/kernels.py:1713: RuntimeWarning: invalid value encountered in multiply
  K *= kv(self.nu, tmp)
/home/harvey_hu/anaconda3/lib/python3.9/site-packages/sklearn/gaussian_process/kernels.py:1713: RuntimeWarning: invalid value encountered in multiply
  K *= kv(self.nu, tmp)
/home/harvey_hu/anaconda3/lib/python3.9/site-packages/sklearn/gaussian_process/kernels.py:1713: RuntimeWarning: invalid value encountered in multiply
  K *= kv(self.nu, tmp)
/home/harvey_hu/anaconda3/lib/python3.9/site-packages/sklearn/gaussian_process/kernels.py:1713: RuntimeWarning: invalid value encountered in multiply
  K *= kv(self.nu, tmp)
/home/harvey_hu/anaconda3/lib/python3.9/site-packages/sklearn/gaussian_process/kernels.py:1713: RuntimeWarning: invalid value encountered in multiply
  K *= kv(self.nu, tmp)
/home/harvey_hu/anaconda3/lib/python3.9/site-packages/sklearn/gaussian_process/kernels.py:1713: RuntimeWarning: invalid value encountered in multiply
  K *= kv(self.nu, tmp)
/home/harvey_hu/anaconda3/lib/python3.9/site-packages/sklearn/gaussian_process/kernels.py:1713: RuntimeWarning: invalid value encountered in multiply
  K *= kv(self.nu, tmp)
/home/harvey_hu/anaconda3/lib/python3.9/site-packages/sklearn/model_selection/_validation.py:372: FitFailedWarning: 
101 fits failed out of a total of 500.
The score on these train-test partitions for these parameters will be set to nan.
If these failures are not expected, you can try to debug them by setting error_score='raise'.

Below are more details about the failures:
--------------------------------------------------------------------------------
1 fits failed with the following error:
Traceback (most recent call last):
  File "/home/harvey_hu/anaconda3/lib/python3.9/site-packages/sklearn/model_selection/_validation.py", line 680, in _fit_and_score
    estimator.fit(X_train, y_train, **fit_params)
  File "/home/harvey_hu/anaconda3/lib/python3.9/site-packages/sklearn/gaussian_process/_gpr.py", line 310, in fit
    self.L_ = cholesky(K, lower=GPR_CHOLESKY_LOWER, check_finite=False)
  File "/home/harvey_hu/anaconda3/lib/python3.9/site-packages/scipy/linalg/_decomp_cholesky.py", line 88, in cholesky
    c, lower = _cholesky(a, lower=lower, overwrite_a=overwrite_a, clean=True,
  File "/home/harvey_hu/anaconda3/lib/python3.9/site-packages/scipy/linalg/_decomp_cholesky.py", line 37, in _cholesky
    raise LinAlgError("%d-th leading minor of the array is not positive "
numpy.linalg.LinAlgError: ("The kernel, Matern(length_scale=1.2, nu=54.4), is not returning a positive definite matrix. Try gradually increasing the 'alpha' parameter of your GaussianProcessRegressor estimator.", '622-th leading minor of the array is not positive definite')

--------------------------------------------------------------------------------
2 fits failed with the following error:
Traceback (most recent call last):
  File "/home/harvey_hu/anaconda3/lib/python3.9/site-packages/sklearn/model_selection/_validation.py", line 680, in _fit_and_score
    estimator.fit(X_train, y_train, **fit_params)
  File "/home/harvey_hu/anaconda3/lib/python3.9/site-packages/sklearn/gaussian_process/_gpr.py", line 310, in fit
    self.L_ = cholesky(K, lower=GPR_CHOLESKY_LOWER, check_finite=False)
  File "/home/harvey_hu/anaconda3/lib/python3.9/site-packages/scipy/linalg/_decomp_cholesky.py", line 88, in cholesky
    c, lower = _cholesky(a, lower=lower, overwrite_a=overwrite_a, clean=True,
  File "/home/harvey_hu/anaconda3/lib/python3.9/site-packages/scipy/linalg/_decomp_cholesky.py", line 37, in _cholesky
    raise LinAlgError("%d-th leading minor of the array is not positive "
numpy.linalg.LinAlgError: ("The kernel, Matern(length_scale=1.2, nu=54.4), is not returning a positive definite matrix. Try gradually increasing the 'alpha' parameter of your GaussianProcessRegressor estimator.", '623-th leading minor of the array is not positive definite')

--------------------------------------------------------------------------------
1 fits failed with the following error:
Traceback (most recent call last):
  File "/home/harvey_hu/anaconda3/lib/python3.9/site-packages/sklearn/model_selection/_validation.py", line 680, in _fit_and_score
    estimator.fit(X_train, y_train, **fit_params)
  File "/home/harvey_hu/anaconda3/lib/python3.9/site-packages/sklearn/gaussian_process/_gpr.py", line 310, in fit
    self.L_ = cholesky(K, lower=GPR_CHOLESKY_LOWER, check_finite=False)
  File "/home/harvey_hu/anaconda3/lib/python3.9/site-packages/scipy/linalg/_decomp_cholesky.py", line 88, in cholesky
    c, lower = _cholesky(a, lower=lower, overwrite_a=overwrite_a, clean=True,
  File "/home/harvey_hu/anaconda3/lib/python3.9/site-packages/scipy/linalg/_decomp_cholesky.py", line 37, in _cholesky
    raise LinAlgError("%d-th leading minor of the array is not positive "
numpy.linalg.LinAlgError: ("The kernel, Matern(length_scale=1.2, nu=60), is not returning a positive definite matrix. Try gradually increasing the 'alpha' parameter of your GaussianProcessRegressor estimator.", '127-th leading minor of the array is not positive definite')

--------------------------------------------------------------------------------
4 fits failed with the following error:
Traceback (most recent call last):
  File "/home/harvey_hu/anaconda3/lib/python3.9/site-packages/sklearn/model_selection/_validation.py", line 680, in _fit_and_score
    estimator.fit(X_train, y_train, **fit_params)
  File "/home/harvey_hu/anaconda3/lib/python3.9/site-packages/sklearn/gaussian_process/_gpr.py", line 310, in fit
    self.L_ = cholesky(K, lower=GPR_CHOLESKY_LOWER, check_finite=False)
  File "/home/harvey_hu/anaconda3/lib/python3.9/site-packages/scipy/linalg/_decomp_cholesky.py", line 88, in cholesky
    c, lower = _cholesky(a, lower=lower, overwrite_a=overwrite_a, clean=True,
  File "/home/harvey_hu/anaconda3/lib/python3.9/site-packages/scipy/linalg/_decomp_cholesky.py", line 37, in _cholesky
    raise LinAlgError("%d-th leading minor of the array is not positive "
numpy.linalg.LinAlgError: ("The kernel, Matern(length_scale=1.2, nu=60), is not returning a positive definite matrix. Try gradually increasing the 'alpha' parameter of your GaussianProcessRegressor estimator.", '4-th leading minor of the array is not positive definite')

--------------------------------------------------------------------------------
1 fits failed with the following error:
Traceback (most recent call last):
  File "/home/harvey_hu/anaconda3/lib/python3.9/site-packages/sklearn/model_selection/_validation.py", line 680, in _fit_and_score
    estimator.fit(X_train, y_train, **fit_params)
  File "/home/harvey_hu/anaconda3/lib/python3.9/site-packages/sklearn/gaussian_process/_gpr.py", line 310, in fit
    self.L_ = cholesky(K, lower=GPR_CHOLESKY_LOWER, check_finite=False)
  File "/home/harvey_hu/anaconda3/lib/python3.9/site-packages/scipy/linalg/_decomp_cholesky.py", line 88, in cholesky
    c, lower = _cholesky(a, lower=lower, overwrite_a=overwrite_a, clean=True,
  File "/home/harvey_hu/anaconda3/lib/python3.9/site-packages/scipy/linalg/_decomp_cholesky.py", line 37, in _cholesky
    raise LinAlgError("%d-th leading minor of the array is not positive "
numpy.linalg.LinAlgError: ("The kernel, Matern(length_scale=2.3, nu=54.4), is not returning a positive definite matrix. Try gradually increasing the 'alpha' parameter of your GaussianProcessRegressor estimator.", '622-th leading minor of the array is not positive definite')

--------------------------------------------------------------------------------
2 fits failed with the following error:
Traceback (most recent call last):
  File "/home/harvey_hu/anaconda3/lib/python3.9/site-packages/sklearn/model_selection/_validation.py", line 680, in _fit_and_score
    estimator.fit(X_train, y_train, **fit_params)
  File "/home/harvey_hu/anaconda3/lib/python3.9/site-packages/sklearn/gaussian_process/_gpr.py", line 310, in fit
    self.L_ = cholesky(K, lower=GPR_CHOLESKY_LOWER, check_finite=False)
  File "/home/harvey_hu/anaconda3/lib/python3.9/site-packages/scipy/linalg/_decomp_cholesky.py", line 88, in cholesky
    c, lower = _cholesky(a, lower=lower, overwrite_a=overwrite_a, clean=True,
  File "/home/harvey_hu/anaconda3/lib/python3.9/site-packages/scipy/linalg/_decomp_cholesky.py", line 37, in _cholesky
    raise LinAlgError("%d-th leading minor of the array is not positive "
numpy.linalg.LinAlgError: ("The kernel, Matern(length_scale=2.3, nu=54.4), is not returning a positive definite matrix. Try gradually increasing the 'alpha' parameter of your GaussianProcessRegressor estimator.", '623-th leading minor of the array is not positive definite')

--------------------------------------------------------------------------------
1 fits failed with the following error:
Traceback (most recent call last):
  File "/home/harvey_hu/anaconda3/lib/python3.9/site-packages/sklearn/model_selection/_validation.py", line 680, in _fit_and_score
    estimator.fit(X_train, y_train, **fit_params)
  File "/home/harvey_hu/anaconda3/lib/python3.9/site-packages/sklearn/gaussian_process/_gpr.py", line 310, in fit
    self.L_ = cholesky(K, lower=GPR_CHOLESKY_LOWER, check_finite=False)
  File "/home/harvey_hu/anaconda3/lib/python3.9/site-packages/scipy/linalg/_decomp_cholesky.py", line 88, in cholesky
    c, lower = _cholesky(a, lower=lower, overwrite_a=overwrite_a, clean=True,
  File "/home/harvey_hu/anaconda3/lib/python3.9/site-packages/scipy/linalg/_decomp_cholesky.py", line 37, in _cholesky
    raise LinAlgError("%d-th leading minor of the array is not positive "
numpy.linalg.LinAlgError: ("The kernel, Matern(length_scale=2.3, nu=60), is not returning a positive definite matrix. Try gradually increasing the 'alpha' parameter of your GaussianProcessRegressor estimator.", '127-th leading minor of the array is not positive definite')

--------------------------------------------------------------------------------
4 fits failed with the following error:
Traceback (most recent call last):
  File "/home/harvey_hu/anaconda3/lib/python3.9/site-packages/sklearn/model_selection/_validation.py", line 680, in _fit_and_score
    estimator.fit(X_train, y_train, **fit_params)
  File "/home/harvey_hu/anaconda3/lib/python3.9/site-packages/sklearn/gaussian_process/_gpr.py", line 310, in fit
    self.L_ = cholesky(K, lower=GPR_CHOLESKY_LOWER, check_finite=False)
  File "/home/harvey_hu/anaconda3/lib/python3.9/site-packages/scipy/linalg/_decomp_cholesky.py", line 88, in cholesky
    c, lower = _cholesky(a, lower=lower, overwrite_a=overwrite_a, clean=True,
  File "/home/harvey_hu/anaconda3/lib/python3.9/site-packages/scipy/linalg/_decomp_cholesky.py", line 37, in _cholesky
    raise LinAlgError("%d-th leading minor of the array is not positive "
numpy.linalg.LinAlgError: ("The kernel, Matern(length_scale=2.3, nu=60), is not returning a positive definite matrix. Try gradually increasing the 'alpha' parameter of your GaussianProcessRegressor estimator.", '3-th leading minor of the array is not positive definite')

--------------------------------------------------------------------------------
1 fits failed with the following error:
Traceback (most recent call last):
  File "/home/harvey_hu/anaconda3/lib/python3.9/site-packages/sklearn/model_selection/_validation.py", line 680, in _fit_and_score
    estimator.fit(X_train, y_train, **fit_params)
  File "/home/harvey_hu/anaconda3/lib/python3.9/site-packages/sklearn/gaussian_process/_gpr.py", line 310, in fit
    self.L_ = cholesky(K, lower=GPR_CHOLESKY_LOWER, check_finite=False)
  File "/home/harvey_hu/anaconda3/lib/python3.9/site-packages/scipy/linalg/_decomp_cholesky.py", line 88, in cholesky
    c, lower = _cholesky(a, lower=lower, overwrite_a=overwrite_a, clean=True,
  File "/home/harvey_hu/anaconda3/lib/python3.9/site-packages/scipy/linalg/_decomp_cholesky.py", line 37, in _cholesky
    raise LinAlgError("%d-th leading minor of the array is not positive "
numpy.linalg.LinAlgError: ("The kernel, Matern(length_scale=3.4, nu=54.4), is not returning a positive definite matrix. Try gradually increasing the 'alpha' parameter of your GaussianProcessRegressor estimator.", '127-th leading minor of the array is not positive definite')

--------------------------------------------------------------------------------
1 fits failed with the following error:
Traceback (most recent call last):
  File "/home/harvey_hu/anaconda3/lib/python3.9/site-packages/sklearn/model_selection/_validation.py", line 680, in _fit_and_score
    estimator.fit(X_train, y_train, **fit_params)
  File "/home/harvey_hu/anaconda3/lib/python3.9/site-packages/sklearn/gaussian_process/_gpr.py", line 310, in fit
    self.L_ = cholesky(K, lower=GPR_CHOLESKY_LOWER, check_finite=False)
  File "/home/harvey_hu/anaconda3/lib/python3.9/site-packages/scipy/linalg/_decomp_cholesky.py", line 88, in cholesky
    c, lower = _cholesky(a, lower=lower, overwrite_a=overwrite_a, clean=True,
  File "/home/harvey_hu/anaconda3/lib/python3.9/site-packages/scipy/linalg/_decomp_cholesky.py", line 37, in _cholesky
    raise LinAlgError("%d-th leading minor of the array is not positive "
numpy.linalg.LinAlgError: ("The kernel, Matern(length_scale=3.4, nu=54.4), is not returning a positive definite matrix. Try gradually increasing the 'alpha' parameter of your GaussianProcessRegressor estimator.", '260-th leading minor of the array is not positive definite')

--------------------------------------------------------------------------------
3 fits failed with the following error:
Traceback (most recent call last):
  File "/home/harvey_hu/anaconda3/lib/python3.9/site-packages/sklearn/model_selection/_validation.py", line 680, in _fit_and_score
    estimator.fit(X_train, y_train, **fit_params)
  File "/home/harvey_hu/anaconda3/lib/python3.9/site-packages/sklearn/gaussian_process/_gpr.py", line 310, in fit
    self.L_ = cholesky(K, lower=GPR_CHOLESKY_LOWER, check_finite=False)
  File "/home/harvey_hu/anaconda3/lib/python3.9/site-packages/scipy/linalg/_decomp_cholesky.py", line 88, in cholesky
    c, lower = _cholesky(a, lower=lower, overwrite_a=overwrite_a, clean=True,
  File "/home/harvey_hu/anaconda3/lib/python3.9/site-packages/scipy/linalg/_decomp_cholesky.py", line 37, in _cholesky
    raise LinAlgError("%d-th leading minor of the array is not positive "
numpy.linalg.LinAlgError: ("The kernel, Matern(length_scale=3.4, nu=54.4), is not returning a positive definite matrix. Try gradually increasing the 'alpha' parameter of your GaussianProcessRegressor estimator.", '316-th leading minor of the array is not positive definite')

--------------------------------------------------------------------------------
1 fits failed with the following error:
Traceback (most recent call last):
  File "/home/harvey_hu/anaconda3/lib/python3.9/site-packages/sklearn/model_selection/_validation.py", line 680, in _fit_and_score
    estimator.fit(X_train, y_train, **fit_params)
  File "/home/harvey_hu/anaconda3/lib/python3.9/site-packages/sklearn/gaussian_process/_gpr.py", line 310, in fit
    self.L_ = cholesky(K, lower=GPR_CHOLESKY_LOWER, check_finite=False)
  File "/home/harvey_hu/anaconda3/lib/python3.9/site-packages/scipy/linalg/_decomp_cholesky.py", line 88, in cholesky
    c, lower = _cholesky(a, lower=lower, overwrite_a=overwrite_a, clean=True,
  File "/home/harvey_hu/anaconda3/lib/python3.9/site-packages/scipy/linalg/_decomp_cholesky.py", line 37, in _cholesky
    raise LinAlgError("%d-th leading minor of the array is not positive "
numpy.linalg.LinAlgError: ("The kernel, Matern(length_scale=3.4, nu=60), is not returning a positive definite matrix. Try gradually increasing the 'alpha' parameter of your GaussianProcessRegressor estimator.", '15-th leading minor of the array is not positive definite')

--------------------------------------------------------------------------------
4 fits failed with the following error:
Traceback (most recent call last):
  File "/home/harvey_hu/anaconda3/lib/python3.9/site-packages/sklearn/model_selection/_validation.py", line 680, in _fit_and_score
    estimator.fit(X_train, y_train, **fit_params)
  File "/home/harvey_hu/anaconda3/lib/python3.9/site-packages/sklearn/gaussian_process/_gpr.py", line 310, in fit
    self.L_ = cholesky(K, lower=GPR_CHOLESKY_LOWER, check_finite=False)
  File "/home/harvey_hu/anaconda3/lib/python3.9/site-packages/scipy/linalg/_decomp_cholesky.py", line 88, in cholesky
    c, lower = _cholesky(a, lower=lower, overwrite_a=overwrite_a, clean=True,
  File "/home/harvey_hu/anaconda3/lib/python3.9/site-packages/scipy/linalg/_decomp_cholesky.py", line 37, in _cholesky
    raise LinAlgError("%d-th leading minor of the array is not positive "
numpy.linalg.LinAlgError: ("The kernel, Matern(length_scale=3.4, nu=60), is not returning a positive definite matrix. Try gradually increasing the 'alpha' parameter of your GaussianProcessRegressor estimator.", '2-th leading minor of the array is not positive definite')

--------------------------------------------------------------------------------
1 fits failed with the following error:
Traceback (most recent call last):
  File "/home/harvey_hu/anaconda3/lib/python3.9/site-packages/sklearn/model_selection/_validation.py", line 680, in _fit_and_score
    estimator.fit(X_train, y_train, **fit_params)
  File "/home/harvey_hu/anaconda3/lib/python3.9/site-packages/sklearn/gaussian_process/_gpr.py", line 310, in fit
    self.L_ = cholesky(K, lower=GPR_CHOLESKY_LOWER, check_finite=False)
  File "/home/harvey_hu/anaconda3/lib/python3.9/site-packages/scipy/linalg/_decomp_cholesky.py", line 88, in cholesky
    c, lower = _cholesky(a, lower=lower, overwrite_a=overwrite_a, clean=True,
  File "/home/harvey_hu/anaconda3/lib/python3.9/site-packages/scipy/linalg/_decomp_cholesky.py", line 37, in _cholesky
    raise LinAlgError("%d-th leading minor of the array is not positive "
numpy.linalg.LinAlgError: ("The kernel, Matern(length_scale=4.5, nu=54.4), is not returning a positive definite matrix. Try gradually increasing the 'alpha' parameter of your GaussianProcessRegressor estimator.", '127-th leading minor of the array is not positive definite')

--------------------------------------------------------------------------------
4 fits failed with the following error:
Traceback (most recent call last):
  File "/home/harvey_hu/anaconda3/lib/python3.9/site-packages/sklearn/model_selection/_validation.py", line 680, in _fit_and_score
    estimator.fit(X_train, y_train, **fit_params)
  File "/home/harvey_hu/anaconda3/lib/python3.9/site-packages/sklearn/gaussian_process/_gpr.py", line 310, in fit
    self.L_ = cholesky(K, lower=GPR_CHOLESKY_LOWER, check_finite=False)
  File "/home/harvey_hu/anaconda3/lib/python3.9/site-packages/scipy/linalg/_decomp_cholesky.py", line 88, in cholesky
    c, lower = _cholesky(a, lower=lower, overwrite_a=overwrite_a, clean=True,
  File "/home/harvey_hu/anaconda3/lib/python3.9/site-packages/scipy/linalg/_decomp_cholesky.py", line 37, in _cholesky
    raise LinAlgError("%d-th leading minor of the array is not positive "
numpy.linalg.LinAlgError: ("The kernel, Matern(length_scale=4.5, nu=54.4), is not returning a positive definite matrix. Try gradually increasing the 'alpha' parameter of your GaussianProcessRegressor estimator.", '4-th leading minor of the array is not positive definite')

--------------------------------------------------------------------------------
1 fits failed with the following error:
Traceback (most recent call last):
  File "/home/harvey_hu/anaconda3/lib/python3.9/site-packages/sklearn/model_selection/_validation.py", line 680, in _fit_and_score
    estimator.fit(X_train, y_train, **fit_params)
  File "/home/harvey_hu/anaconda3/lib/python3.9/site-packages/sklearn/gaussian_process/_gpr.py", line 310, in fit
    self.L_ = cholesky(K, lower=GPR_CHOLESKY_LOWER, check_finite=False)
  File "/home/harvey_hu/anaconda3/lib/python3.9/site-packages/scipy/linalg/_decomp_cholesky.py", line 88, in cholesky
    c, lower = _cholesky(a, lower=lower, overwrite_a=overwrite_a, clean=True,
  File "/home/harvey_hu/anaconda3/lib/python3.9/site-packages/scipy/linalg/_decomp_cholesky.py", line 37, in _cholesky
    raise LinAlgError("%d-th leading minor of the array is not positive "
numpy.linalg.LinAlgError: ("The kernel, Matern(length_scale=4.5, nu=60), is not returning a positive definite matrix. Try gradually increasing the 'alpha' parameter of your GaussianProcessRegressor estimator.", '15-th leading minor of the array is not positive definite')

--------------------------------------------------------------------------------
4 fits failed with the following error:
Traceback (most recent call last):
  File "/home/harvey_hu/anaconda3/lib/python3.9/site-packages/sklearn/model_selection/_validation.py", line 680, in _fit_and_score
    estimator.fit(X_train, y_train, **fit_params)
  File "/home/harvey_hu/anaconda3/lib/python3.9/site-packages/sklearn/gaussian_process/_gpr.py", line 310, in fit
    self.L_ = cholesky(K, lower=GPR_CHOLESKY_LOWER, check_finite=False)
  File "/home/harvey_hu/anaconda3/lib/python3.9/site-packages/scipy/linalg/_decomp_cholesky.py", line 88, in cholesky
    c, lower = _cholesky(a, lower=lower, overwrite_a=overwrite_a, clean=True,
  File "/home/harvey_hu/anaconda3/lib/python3.9/site-packages/scipy/linalg/_decomp_cholesky.py", line 37, in _cholesky
    raise LinAlgError("%d-th leading minor of the array is not positive "
numpy.linalg.LinAlgError: ("The kernel, Matern(length_scale=4.5, nu=60), is not returning a positive definite matrix. Try gradually increasing the 'alpha' parameter of your GaussianProcessRegressor estimator.", '2-th leading minor of the array is not positive definite')

--------------------------------------------------------------------------------
1 fits failed with the following error:
Traceback (most recent call last):
  File "/home/harvey_hu/anaconda3/lib/python3.9/site-packages/sklearn/model_selection/_validation.py", line 680, in _fit_and_score
    estimator.fit(X_train, y_train, **fit_params)
  File "/home/harvey_hu/anaconda3/lib/python3.9/site-packages/sklearn/gaussian_process/_gpr.py", line 310, in fit
    self.L_ = cholesky(K, lower=GPR_CHOLESKY_LOWER, check_finite=False)
  File "/home/harvey_hu/anaconda3/lib/python3.9/site-packages/scipy/linalg/_decomp_cholesky.py", line 88, in cholesky
    c, lower = _cholesky(a, lower=lower, overwrite_a=overwrite_a, clean=True,
  File "/home/harvey_hu/anaconda3/lib/python3.9/site-packages/scipy/linalg/_decomp_cholesky.py", line 37, in _cholesky
    raise LinAlgError("%d-th leading minor of the array is not positive "
numpy.linalg.LinAlgError: ("The kernel, Matern(length_scale=5.6, nu=48.9), is not returning a positive definite matrix. Try gradually increasing the 'alpha' parameter of your GaussianProcessRegressor estimator.", '622-th leading minor of the array is not positive definite')

--------------------------------------------------------------------------------
2 fits failed with the following error:
Traceback (most recent call last):
  File "/home/harvey_hu/anaconda3/lib/python3.9/site-packages/sklearn/model_selection/_validation.py", line 680, in _fit_and_score
    estimator.fit(X_train, y_train, **fit_params)
  File "/home/harvey_hu/anaconda3/lib/python3.9/site-packages/sklearn/gaussian_process/_gpr.py", line 310, in fit
    self.L_ = cholesky(K, lower=GPR_CHOLESKY_LOWER, check_finite=False)
  File "/home/harvey_hu/anaconda3/lib/python3.9/site-packages/scipy/linalg/_decomp_cholesky.py", line 88, in cholesky
    c, lower = _cholesky(a, lower=lower, overwrite_a=overwrite_a, clean=True,
  File "/home/harvey_hu/anaconda3/lib/python3.9/site-packages/scipy/linalg/_decomp_cholesky.py", line 37, in _cholesky
    raise LinAlgError("%d-th leading minor of the array is not positive "
numpy.linalg.LinAlgError: ("The kernel, Matern(length_scale=5.6, nu=48.9), is not returning a positive definite matrix. Try gradually increasing the 'alpha' parameter of your GaussianProcessRegressor estimator.", '623-th leading minor of the array is not positive definite')

--------------------------------------------------------------------------------
1 fits failed with the following error:
Traceback (most recent call last):
  File "/home/harvey_hu/anaconda3/lib/python3.9/site-packages/sklearn/model_selection/_validation.py", line 680, in _fit_and_score
    estimator.fit(X_train, y_train, **fit_params)
  File "/home/harvey_hu/anaconda3/lib/python3.9/site-packages/sklearn/gaussian_process/_gpr.py", line 310, in fit
    self.L_ = cholesky(K, lower=GPR_CHOLESKY_LOWER, check_finite=False)
  File "/home/harvey_hu/anaconda3/lib/python3.9/site-packages/scipy/linalg/_decomp_cholesky.py", line 88, in cholesky
    c, lower = _cholesky(a, lower=lower, overwrite_a=overwrite_a, clean=True,
  File "/home/harvey_hu/anaconda3/lib/python3.9/site-packages/scipy/linalg/_decomp_cholesky.py", line 37, in _cholesky
    raise LinAlgError("%d-th leading minor of the array is not positive "
numpy.linalg.LinAlgError: ("The kernel, Matern(length_scale=5.6, nu=54.4), is not returning a positive definite matrix. Try gradually increasing the 'alpha' parameter of your GaussianProcessRegressor estimator.", '127-th leading minor of the array is not positive definite')

--------------------------------------------------------------------------------
4 fits failed with the following error:
Traceback (most recent call last):
  File "/home/harvey_hu/anaconda3/lib/python3.9/site-packages/sklearn/model_selection/_validation.py", line 680, in _fit_and_score
    estimator.fit(X_train, y_train, **fit_params)
  File "/home/harvey_hu/anaconda3/lib/python3.9/site-packages/sklearn/gaussian_process/_gpr.py", line 310, in fit
    self.L_ = cholesky(K, lower=GPR_CHOLESKY_LOWER, check_finite=False)
  File "/home/harvey_hu/anaconda3/lib/python3.9/site-packages/scipy/linalg/_decomp_cholesky.py", line 88, in cholesky
    c, lower = _cholesky(a, lower=lower, overwrite_a=overwrite_a, clean=True,
  File "/home/harvey_hu/anaconda3/lib/python3.9/site-packages/scipy/linalg/_decomp_cholesky.py", line 37, in _cholesky
    raise LinAlgError("%d-th leading minor of the array is not positive "
numpy.linalg.LinAlgError: ("The kernel, Matern(length_scale=5.6, nu=54.4), is not returning a positive definite matrix. Try gradually increasing the 'alpha' parameter of your GaussianProcessRegressor estimator.", '4-th leading minor of the array is not positive definite')

--------------------------------------------------------------------------------
1 fits failed with the following error:
Traceback (most recent call last):
  File "/home/harvey_hu/anaconda3/lib/python3.9/site-packages/sklearn/model_selection/_validation.py", line 680, in _fit_and_score
    estimator.fit(X_train, y_train, **fit_params)
  File "/home/harvey_hu/anaconda3/lib/python3.9/site-packages/sklearn/gaussian_process/_gpr.py", line 310, in fit
    self.L_ = cholesky(K, lower=GPR_CHOLESKY_LOWER, check_finite=False)
  File "/home/harvey_hu/anaconda3/lib/python3.9/site-packages/scipy/linalg/_decomp_cholesky.py", line 88, in cholesky
    c, lower = _cholesky(a, lower=lower, overwrite_a=overwrite_a, clean=True,
  File "/home/harvey_hu/anaconda3/lib/python3.9/site-packages/scipy/linalg/_decomp_cholesky.py", line 37, in _cholesky
    raise LinAlgError("%d-th leading minor of the array is not positive "
numpy.linalg.LinAlgError: ("The kernel, Matern(length_scale=5.6, nu=60), is not returning a positive definite matrix. Try gradually increasing the 'alpha' parameter of your GaussianProcessRegressor estimator.", '15-th leading minor of the array is not positive definite')

--------------------------------------------------------------------------------
4 fits failed with the following error:
Traceback (most recent call last):
  File "/home/harvey_hu/anaconda3/lib/python3.9/site-packages/sklearn/model_selection/_validation.py", line 680, in _fit_and_score
    estimator.fit(X_train, y_train, **fit_params)
  File "/home/harvey_hu/anaconda3/lib/python3.9/site-packages/sklearn/gaussian_process/_gpr.py", line 310, in fit
    self.L_ = cholesky(K, lower=GPR_CHOLESKY_LOWER, check_finite=False)
  File "/home/harvey_hu/anaconda3/lib/python3.9/site-packages/scipy/linalg/_decomp_cholesky.py", line 88, in cholesky
    c, lower = _cholesky(a, lower=lower, overwrite_a=overwrite_a, clean=True,
  File "/home/harvey_hu/anaconda3/lib/python3.9/site-packages/scipy/linalg/_decomp_cholesky.py", line 37, in _cholesky
    raise LinAlgError("%d-th leading minor of the array is not positive "
numpy.linalg.LinAlgError: ("The kernel, Matern(length_scale=5.6, nu=60), is not returning a positive definite matrix. Try gradually increasing the 'alpha' parameter of your GaussianProcessRegressor estimator.", '2-th leading minor of the array is not positive definite')

--------------------------------------------------------------------------------
1 fits failed with the following error:
Traceback (most recent call last):
  File "/home/harvey_hu/anaconda3/lib/python3.9/site-packages/sklearn/model_selection/_validation.py", line 680, in _fit_and_score
    estimator.fit(X_train, y_train, **fit_params)
  File "/home/harvey_hu/anaconda3/lib/python3.9/site-packages/sklearn/gaussian_process/_gpr.py", line 310, in fit
    self.L_ = cholesky(K, lower=GPR_CHOLESKY_LOWER, check_finite=False)
  File "/home/harvey_hu/anaconda3/lib/python3.9/site-packages/scipy/linalg/_decomp_cholesky.py", line 88, in cholesky
    c, lower = _cholesky(a, lower=lower, overwrite_a=overwrite_a, clean=True,
  File "/home/harvey_hu/anaconda3/lib/python3.9/site-packages/scipy/linalg/_decomp_cholesky.py", line 37, in _cholesky
    raise LinAlgError("%d-th leading minor of the array is not positive "
numpy.linalg.LinAlgError: ("The kernel, Matern(length_scale=6.7, nu=48.9), is not returning a positive definite matrix. Try gradually increasing the 'alpha' parameter of your GaussianProcessRegressor estimator.", '622-th leading minor of the array is not positive definite')

--------------------------------------------------------------------------------
2 fits failed with the following error:
Traceback (most recent call last):
  File "/home/harvey_hu/anaconda3/lib/python3.9/site-packages/sklearn/model_selection/_validation.py", line 680, in _fit_and_score
    estimator.fit(X_train, y_train, **fit_params)
  File "/home/harvey_hu/anaconda3/lib/python3.9/site-packages/sklearn/gaussian_process/_gpr.py", line 310, in fit
    self.L_ = cholesky(K, lower=GPR_CHOLESKY_LOWER, check_finite=False)
  File "/home/harvey_hu/anaconda3/lib/python3.9/site-packages/scipy/linalg/_decomp_cholesky.py", line 88, in cholesky
    c, lower = _cholesky(a, lower=lower, overwrite_a=overwrite_a, clean=True,
  File "/home/harvey_hu/anaconda3/lib/python3.9/site-packages/scipy/linalg/_decomp_cholesky.py", line 37, in _cholesky
    raise LinAlgError("%d-th leading minor of the array is not positive "
numpy.linalg.LinAlgError: ("The kernel, Matern(length_scale=6.7, nu=48.9), is not returning a positive definite matrix. Try gradually increasing the 'alpha' parameter of your GaussianProcessRegressor estimator.", '623-th leading minor of the array is not positive definite')

--------------------------------------------------------------------------------
1 fits failed with the following error:
Traceback (most recent call last):
  File "/home/harvey_hu/anaconda3/lib/python3.9/site-packages/sklearn/model_selection/_validation.py", line 680, in _fit_and_score
    estimator.fit(X_train, y_train, **fit_params)
  File "/home/harvey_hu/anaconda3/lib/python3.9/site-packages/sklearn/gaussian_process/_gpr.py", line 310, in fit
    self.L_ = cholesky(K, lower=GPR_CHOLESKY_LOWER, check_finite=False)
  File "/home/harvey_hu/anaconda3/lib/python3.9/site-packages/scipy/linalg/_decomp_cholesky.py", line 88, in cholesky
    c, lower = _cholesky(a, lower=lower, overwrite_a=overwrite_a, clean=True,
  File "/home/harvey_hu/anaconda3/lib/python3.9/site-packages/scipy/linalg/_decomp_cholesky.py", line 37, in _cholesky
    raise LinAlgError("%d-th leading minor of the array is not positive "
numpy.linalg.LinAlgError: ("The kernel, Matern(length_scale=6.7, nu=54.4), is not returning a positive definite matrix. Try gradually increasing the 'alpha' parameter of your GaussianProcessRegressor estimator.", '127-th leading minor of the array is not positive definite')

--------------------------------------------------------------------------------
4 fits failed with the following error:
Traceback (most recent call last):
  File "/home/harvey_hu/anaconda3/lib/python3.9/site-packages/sklearn/model_selection/_validation.py", line 680, in _fit_and_score
    estimator.fit(X_train, y_train, **fit_params)
  File "/home/harvey_hu/anaconda3/lib/python3.9/site-packages/sklearn/gaussian_process/_gpr.py", line 310, in fit
    self.L_ = cholesky(K, lower=GPR_CHOLESKY_LOWER, check_finite=False)
  File "/home/harvey_hu/anaconda3/lib/python3.9/site-packages/scipy/linalg/_decomp_cholesky.py", line 88, in cholesky
    c, lower = _cholesky(a, lower=lower, overwrite_a=overwrite_a, clean=True,
  File "/home/harvey_hu/anaconda3/lib/python3.9/site-packages/scipy/linalg/_decomp_cholesky.py", line 37, in _cholesky
    raise LinAlgError("%d-th leading minor of the array is not positive "
numpy.linalg.LinAlgError: ("The kernel, Matern(length_scale=6.7, nu=54.4), is not returning a positive definite matrix. Try gradually increasing the 'alpha' parameter of your GaussianProcessRegressor estimator.", '3-th leading minor of the array is not positive definite')

--------------------------------------------------------------------------------
1 fits failed with the following error:
Traceback (most recent call last):
  File "/home/harvey_hu/anaconda3/lib/python3.9/site-packages/sklearn/model_selection/_validation.py", line 680, in _fit_and_score
    estimator.fit(X_train, y_train, **fit_params)
  File "/home/harvey_hu/anaconda3/lib/python3.9/site-packages/sklearn/gaussian_process/_gpr.py", line 310, in fit
    self.L_ = cholesky(K, lower=GPR_CHOLESKY_LOWER, check_finite=False)
  File "/home/harvey_hu/anaconda3/lib/python3.9/site-packages/scipy/linalg/_decomp_cholesky.py", line 88, in cholesky
    c, lower = _cholesky(a, lower=lower, overwrite_a=overwrite_a, clean=True,
  File "/home/harvey_hu/anaconda3/lib/python3.9/site-packages/scipy/linalg/_decomp_cholesky.py", line 37, in _cholesky
    raise LinAlgError("%d-th leading minor of the array is not positive "
numpy.linalg.LinAlgError: ("The kernel, Matern(length_scale=6.7, nu=60), is not returning a positive definite matrix. Try gradually increasing the 'alpha' parameter of your GaussianProcessRegressor estimator.", '15-th leading minor of the array is not positive definite')

--------------------------------------------------------------------------------
4 fits failed with the following error:
Traceback (most recent call last):
  File "/home/harvey_hu/anaconda3/lib/python3.9/site-packages/sklearn/model_selection/_validation.py", line 680, in _fit_and_score
    estimator.fit(X_train, y_train, **fit_params)
  File "/home/harvey_hu/anaconda3/lib/python3.9/site-packages/sklearn/gaussian_process/_gpr.py", line 310, in fit
    self.L_ = cholesky(K, lower=GPR_CHOLESKY_LOWER, check_finite=False)
  File "/home/harvey_hu/anaconda3/lib/python3.9/site-packages/scipy/linalg/_decomp_cholesky.py", line 88, in cholesky
    c, lower = _cholesky(a, lower=lower, overwrite_a=overwrite_a, clean=True,
  File "/home/harvey_hu/anaconda3/lib/python3.9/site-packages/scipy/linalg/_decomp_cholesky.py", line 37, in _cholesky
    raise LinAlgError("%d-th leading minor of the array is not positive "
numpy.linalg.LinAlgError: ("The kernel, Matern(length_scale=6.7, nu=60), is not returning a positive definite matrix. Try gradually increasing the 'alpha' parameter of your GaussianProcessRegressor estimator.", '2-th leading minor of the array is not positive definite')

--------------------------------------------------------------------------------
1 fits failed with the following error:
Traceback (most recent call last):
  File "/home/harvey_hu/anaconda3/lib/python3.9/site-packages/sklearn/model_selection/_validation.py", line 680, in _fit_and_score
    estimator.fit(X_train, y_train, **fit_params)
  File "/home/harvey_hu/anaconda3/lib/python3.9/site-packages/sklearn/gaussian_process/_gpr.py", line 310, in fit
    self.L_ = cholesky(K, lower=GPR_CHOLESKY_LOWER, check_finite=False)
  File "/home/harvey_hu/anaconda3/lib/python3.9/site-packages/scipy/linalg/_decomp_cholesky.py", line 88, in cholesky
    c, lower = _cholesky(a, lower=lower, overwrite_a=overwrite_a, clean=True,
  File "/home/harvey_hu/anaconda3/lib/python3.9/site-packages/scipy/linalg/_decomp_cholesky.py", line 37, in _cholesky
    raise LinAlgError("%d-th leading minor of the array is not positive "
numpy.linalg.LinAlgError: ("The kernel, Matern(length_scale=7.8, nu=48.9), is not returning a positive definite matrix. Try gradually increasing the 'alpha' parameter of your GaussianProcessRegressor estimator.", '622-th leading minor of the array is not positive definite')

--------------------------------------------------------------------------------
2 fits failed with the following error:
Traceback (most recent call last):
  File "/home/harvey_hu/anaconda3/lib/python3.9/site-packages/sklearn/model_selection/_validation.py", line 680, in _fit_and_score
    estimator.fit(X_train, y_train, **fit_params)
  File "/home/harvey_hu/anaconda3/lib/python3.9/site-packages/sklearn/gaussian_process/_gpr.py", line 310, in fit
    self.L_ = cholesky(K, lower=GPR_CHOLESKY_LOWER, check_finite=False)
  File "/home/harvey_hu/anaconda3/lib/python3.9/site-packages/scipy/linalg/_decomp_cholesky.py", line 88, in cholesky
    c, lower = _cholesky(a, lower=lower, overwrite_a=overwrite_a, clean=True,
  File "/home/harvey_hu/anaconda3/lib/python3.9/site-packages/scipy/linalg/_decomp_cholesky.py", line 37, in _cholesky
    raise LinAlgError("%d-th leading minor of the array is not positive "
numpy.linalg.LinAlgError: ("The kernel, Matern(length_scale=7.8, nu=48.9), is not returning a positive definite matrix. Try gradually increasing the 'alpha' parameter of your GaussianProcessRegressor estimator.", '623-th leading minor of the array is not positive definite')

--------------------------------------------------------------------------------
1 fits failed with the following error:
Traceback (most recent call last):
  File "/home/harvey_hu/anaconda3/lib/python3.9/site-packages/sklearn/model_selection/_validation.py", line 680, in _fit_and_score
    estimator.fit(X_train, y_train, **fit_params)
  File "/home/harvey_hu/anaconda3/lib/python3.9/site-packages/sklearn/gaussian_process/_gpr.py", line 310, in fit
    self.L_ = cholesky(K, lower=GPR_CHOLESKY_LOWER, check_finite=False)
  File "/home/harvey_hu/anaconda3/lib/python3.9/site-packages/scipy/linalg/_decomp_cholesky.py", line 88, in cholesky
    c, lower = _cholesky(a, lower=lower, overwrite_a=overwrite_a, clean=True,
  File "/home/harvey_hu/anaconda3/lib/python3.9/site-packages/scipy/linalg/_decomp_cholesky.py", line 37, in _cholesky
    raise LinAlgError("%d-th leading minor of the array is not positive "
numpy.linalg.LinAlgError: ("The kernel, Matern(length_scale=7.8, nu=54.4), is not returning a positive definite matrix. Try gradually increasing the 'alpha' parameter of your GaussianProcessRegressor estimator.", '127-th leading minor of the array is not positive definite')

--------------------------------------------------------------------------------
4 fits failed with the following error:
Traceback (most recent call last):
  File "/home/harvey_hu/anaconda3/lib/python3.9/site-packages/sklearn/model_selection/_validation.py", line 680, in _fit_and_score
    estimator.fit(X_train, y_train, **fit_params)
  File "/home/harvey_hu/anaconda3/lib/python3.9/site-packages/sklearn/gaussian_process/_gpr.py", line 310, in fit
    self.L_ = cholesky(K, lower=GPR_CHOLESKY_LOWER, check_finite=False)
  File "/home/harvey_hu/anaconda3/lib/python3.9/site-packages/scipy/linalg/_decomp_cholesky.py", line 88, in cholesky
    c, lower = _cholesky(a, lower=lower, overwrite_a=overwrite_a, clean=True,
  File "/home/harvey_hu/anaconda3/lib/python3.9/site-packages/scipy/linalg/_decomp_cholesky.py", line 37, in _cholesky
    raise LinAlgError("%d-th leading minor of the array is not positive "
numpy.linalg.LinAlgError: ("The kernel, Matern(length_scale=7.8, nu=54.4), is not returning a positive definite matrix. Try gradually increasing the 'alpha' parameter of your GaussianProcessRegressor estimator.", '3-th leading minor of the array is not positive definite')

--------------------------------------------------------------------------------
1 fits failed with the following error:
Traceback (most recent call last):
  File "/home/harvey_hu/anaconda3/lib/python3.9/site-packages/sklearn/model_selection/_validation.py", line 680, in _fit_and_score
    estimator.fit(X_train, y_train, **fit_params)
  File "/home/harvey_hu/anaconda3/lib/python3.9/site-packages/sklearn/gaussian_process/_gpr.py", line 310, in fit
    self.L_ = cholesky(K, lower=GPR_CHOLESKY_LOWER, check_finite=False)
  File "/home/harvey_hu/anaconda3/lib/python3.9/site-packages/scipy/linalg/_decomp_cholesky.py", line 88, in cholesky
    c, lower = _cholesky(a, lower=lower, overwrite_a=overwrite_a, clean=True,
  File "/home/harvey_hu/anaconda3/lib/python3.9/site-packages/scipy/linalg/_decomp_cholesky.py", line 37, in _cholesky
    raise LinAlgError("%d-th leading minor of the array is not positive "
numpy.linalg.LinAlgError: ("The kernel, Matern(length_scale=7.8, nu=60), is not returning a positive definite matrix. Try gradually increasing the 'alpha' parameter of your GaussianProcessRegressor estimator.", '15-th leading minor of the array is not positive definite')

--------------------------------------------------------------------------------
4 fits failed with the following error:
Traceback (most recent call last):
  File "/home/harvey_hu/anaconda3/lib/python3.9/site-packages/sklearn/model_selection/_validation.py", line 680, in _fit_and_score
    estimator.fit(X_train, y_train, **fit_params)
  File "/home/harvey_hu/anaconda3/lib/python3.9/site-packages/sklearn/gaussian_process/_gpr.py", line 310, in fit
    self.L_ = cholesky(K, lower=GPR_CHOLESKY_LOWER, check_finite=False)
  File "/home/harvey_hu/anaconda3/lib/python3.9/site-packages/scipy/linalg/_decomp_cholesky.py", line 88, in cholesky
    c, lower = _cholesky(a, lower=lower, overwrite_a=overwrite_a, clean=True,
  File "/home/harvey_hu/anaconda3/lib/python3.9/site-packages/scipy/linalg/_decomp_cholesky.py", line 37, in _cholesky
    raise LinAlgError("%d-th leading minor of the array is not positive "
numpy.linalg.LinAlgError: ("The kernel, Matern(length_scale=7.8, nu=60), is not returning a positive definite matrix. Try gradually increasing the 'alpha' parameter of your GaussianProcessRegressor estimator.", '2-th leading minor of the array is not positive definite')

--------------------------------------------------------------------------------
1 fits failed with the following error:
Traceback (most recent call last):
  File "/home/harvey_hu/anaconda3/lib/python3.9/site-packages/sklearn/model_selection/_validation.py", line 680, in _fit_and_score
    estimator.fit(X_train, y_train, **fit_params)
  File "/home/harvey_hu/anaconda3/lib/python3.9/site-packages/sklearn/gaussian_process/_gpr.py", line 310, in fit
    self.L_ = cholesky(K, lower=GPR_CHOLESKY_LOWER, check_finite=False)
  File "/home/harvey_hu/anaconda3/lib/python3.9/site-packages/scipy/linalg/_decomp_cholesky.py", line 88, in cholesky
    c, lower = _cholesky(a, lower=lower, overwrite_a=overwrite_a, clean=True,
  File "/home/harvey_hu/anaconda3/lib/python3.9/site-packages/scipy/linalg/_decomp_cholesky.py", line 37, in _cholesky
    raise LinAlgError("%d-th leading minor of the array is not positive "
numpy.linalg.LinAlgError: ("The kernel, Matern(length_scale=8.9, nu=48.9), is not returning a positive definite matrix. Try gradually increasing the 'alpha' parameter of your GaussianProcessRegressor estimator.", '622-th leading minor of the array is not positive definite')

--------------------------------------------------------------------------------
2 fits failed with the following error:
Traceback (most recent call last):
  File "/home/harvey_hu/anaconda3/lib/python3.9/site-packages/sklearn/model_selection/_validation.py", line 680, in _fit_and_score
    estimator.fit(X_train, y_train, **fit_params)
  File "/home/harvey_hu/anaconda3/lib/python3.9/site-packages/sklearn/gaussian_process/_gpr.py", line 310, in fit
    self.L_ = cholesky(K, lower=GPR_CHOLESKY_LOWER, check_finite=False)
  File "/home/harvey_hu/anaconda3/lib/python3.9/site-packages/scipy/linalg/_decomp_cholesky.py", line 88, in cholesky
    c, lower = _cholesky(a, lower=lower, overwrite_a=overwrite_a, clean=True,
  File "/home/harvey_hu/anaconda3/lib/python3.9/site-packages/scipy/linalg/_decomp_cholesky.py", line 37, in _cholesky
    raise LinAlgError("%d-th leading minor of the array is not positive "
numpy.linalg.LinAlgError: ("The kernel, Matern(length_scale=8.9, nu=48.9), is not returning a positive definite matrix. Try gradually increasing the 'alpha' parameter of your GaussianProcessRegressor estimator.", '623-th leading minor of the array is not positive definite')

--------------------------------------------------------------------------------
1 fits failed with the following error:
Traceback (most recent call last):
  File "/home/harvey_hu/anaconda3/lib/python3.9/site-packages/sklearn/model_selection/_validation.py", line 680, in _fit_and_score
    estimator.fit(X_train, y_train, **fit_params)
  File "/home/harvey_hu/anaconda3/lib/python3.9/site-packages/sklearn/gaussian_process/_gpr.py", line 310, in fit
    self.L_ = cholesky(K, lower=GPR_CHOLESKY_LOWER, check_finite=False)
  File "/home/harvey_hu/anaconda3/lib/python3.9/site-packages/scipy/linalg/_decomp_cholesky.py", line 88, in cholesky
    c, lower = _cholesky(a, lower=lower, overwrite_a=overwrite_a, clean=True,
  File "/home/harvey_hu/anaconda3/lib/python3.9/site-packages/scipy/linalg/_decomp_cholesky.py", line 37, in _cholesky
    raise LinAlgError("%d-th leading minor of the array is not positive "
numpy.linalg.LinAlgError: ("The kernel, Matern(length_scale=8.9, nu=54.4), is not returning a positive definite matrix. Try gradually increasing the 'alpha' parameter of your GaussianProcessRegressor estimator.", '127-th leading minor of the array is not positive definite')

--------------------------------------------------------------------------------
4 fits failed with the following error:
Traceback (most recent call last):
  File "/home/harvey_hu/anaconda3/lib/python3.9/site-packages/sklearn/model_selection/_validation.py", line 680, in _fit_and_score
    estimator.fit(X_train, y_train, **fit_params)
  File "/home/harvey_hu/anaconda3/lib/python3.9/site-packages/sklearn/gaussian_process/_gpr.py", line 310, in fit
    self.L_ = cholesky(K, lower=GPR_CHOLESKY_LOWER, check_finite=False)
  File "/home/harvey_hu/anaconda3/lib/python3.9/site-packages/scipy/linalg/_decomp_cholesky.py", line 88, in cholesky
    c, lower = _cholesky(a, lower=lower, overwrite_a=overwrite_a, clean=True,
  File "/home/harvey_hu/anaconda3/lib/python3.9/site-packages/scipy/linalg/_decomp_cholesky.py", line 37, in _cholesky
    raise LinAlgError("%d-th leading minor of the array is not positive "
numpy.linalg.LinAlgError: ("The kernel, Matern(length_scale=8.9, nu=54.4), is not returning a positive definite matrix. Try gradually increasing the 'alpha' parameter of your GaussianProcessRegressor estimator.", '2-th leading minor of the array is not positive definite')

--------------------------------------------------------------------------------
1 fits failed with the following error:
Traceback (most recent call last):
  File "/home/harvey_hu/anaconda3/lib/python3.9/site-packages/sklearn/model_selection/_validation.py", line 680, in _fit_and_score
    estimator.fit(X_train, y_train, **fit_params)
  File "/home/harvey_hu/anaconda3/lib/python3.9/site-packages/sklearn/gaussian_process/_gpr.py", line 310, in fit
    self.L_ = cholesky(K, lower=GPR_CHOLESKY_LOWER, check_finite=False)
  File "/home/harvey_hu/anaconda3/lib/python3.9/site-packages/scipy/linalg/_decomp_cholesky.py", line 88, in cholesky
    c, lower = _cholesky(a, lower=lower, overwrite_a=overwrite_a, clean=True,
  File "/home/harvey_hu/anaconda3/lib/python3.9/site-packages/scipy/linalg/_decomp_cholesky.py", line 37, in _cholesky
    raise LinAlgError("%d-th leading minor of the array is not positive "
numpy.linalg.LinAlgError: ("The kernel, Matern(length_scale=8.9, nu=60), is not returning a positive definite matrix. Try gradually increasing the 'alpha' parameter of your GaussianProcessRegressor estimator.", '15-th leading minor of the array is not positive definite')

--------------------------------------------------------------------------------
4 fits failed with the following error:
Traceback (most recent call last):
  File "/home/harvey_hu/anaconda3/lib/python3.9/site-packages/sklearn/model_selection/_validation.py", line 680, in _fit_and_score
    estimator.fit(X_train, y_train, **fit_params)
  File "/home/harvey_hu/anaconda3/lib/python3.9/site-packages/sklearn/gaussian_process/_gpr.py", line 310, in fit
    self.L_ = cholesky(K, lower=GPR_CHOLESKY_LOWER, check_finite=False)
  File "/home/harvey_hu/anaconda3/lib/python3.9/site-packages/scipy/linalg/_decomp_cholesky.py", line 88, in cholesky
    c, lower = _cholesky(a, lower=lower, overwrite_a=overwrite_a, clean=True,
  File "/home/harvey_hu/anaconda3/lib/python3.9/site-packages/scipy/linalg/_decomp_cholesky.py", line 37, in _cholesky
    raise LinAlgError("%d-th leading minor of the array is not positive "
numpy.linalg.LinAlgError: ("The kernel, Matern(length_scale=8.9, nu=60), is not returning a positive definite matrix. Try gradually increasing the 'alpha' parameter of your GaussianProcessRegressor estimator.", '2-th leading minor of the array is not positive definite')

--------------------------------------------------------------------------------
1 fits failed with the following error:
Traceback (most recent call last):
  File "/home/harvey_hu/anaconda3/lib/python3.9/site-packages/sklearn/model_selection/_validation.py", line 680, in _fit_and_score
    estimator.fit(X_train, y_train, **fit_params)
  File "/home/harvey_hu/anaconda3/lib/python3.9/site-packages/sklearn/gaussian_process/_gpr.py", line 310, in fit
    self.L_ = cholesky(K, lower=GPR_CHOLESKY_LOWER, check_finite=False)
  File "/home/harvey_hu/anaconda3/lib/python3.9/site-packages/scipy/linalg/_decomp_cholesky.py", line 88, in cholesky
    c, lower = _cholesky(a, lower=lower, overwrite_a=overwrite_a, clean=True,
  File "/home/harvey_hu/anaconda3/lib/python3.9/site-packages/scipy/linalg/_decomp_cholesky.py", line 37, in _cholesky
    raise LinAlgError("%d-th leading minor of the array is not positive "
numpy.linalg.LinAlgError: ("The kernel, Matern(length_scale=10, nu=48.9), is not returning a positive definite matrix. Try gradually increasing the 'alpha' parameter of your GaussianProcessRegressor estimator.", '622-th leading minor of the array is not positive definite')

--------------------------------------------------------------------------------
2 fits failed with the following error:
Traceback (most recent call last):
  File "/home/harvey_hu/anaconda3/lib/python3.9/site-packages/sklearn/model_selection/_validation.py", line 680, in _fit_and_score
    estimator.fit(X_train, y_train, **fit_params)
  File "/home/harvey_hu/anaconda3/lib/python3.9/site-packages/sklearn/gaussian_process/_gpr.py", line 310, in fit
    self.L_ = cholesky(K, lower=GPR_CHOLESKY_LOWER, check_finite=False)
  File "/home/harvey_hu/anaconda3/lib/python3.9/site-packages/scipy/linalg/_decomp_cholesky.py", line 88, in cholesky
    c, lower = _cholesky(a, lower=lower, overwrite_a=overwrite_a, clean=True,
  File "/home/harvey_hu/anaconda3/lib/python3.9/site-packages/scipy/linalg/_decomp_cholesky.py", line 37, in _cholesky
    raise LinAlgError("%d-th leading minor of the array is not positive "
numpy.linalg.LinAlgError: ("The kernel, Matern(length_scale=10, nu=48.9), is not returning a positive definite matrix. Try gradually increasing the 'alpha' parameter of your GaussianProcessRegressor estimator.", '623-th leading minor of the array is not positive definite')

--------------------------------------------------------------------------------
1 fits failed with the following error:
Traceback (most recent call last):
  File "/home/harvey_hu/anaconda3/lib/python3.9/site-packages/sklearn/model_selection/_validation.py", line 680, in _fit_and_score
    estimator.fit(X_train, y_train, **fit_params)
  File "/home/harvey_hu/anaconda3/lib/python3.9/site-packages/sklearn/gaussian_process/_gpr.py", line 310, in fit
    self.L_ = cholesky(K, lower=GPR_CHOLESKY_LOWER, check_finite=False)
  File "/home/harvey_hu/anaconda3/lib/python3.9/site-packages/scipy/linalg/_decomp_cholesky.py", line 88, in cholesky
    c, lower = _cholesky(a, lower=lower, overwrite_a=overwrite_a, clean=True,
  File "/home/harvey_hu/anaconda3/lib/python3.9/site-packages/scipy/linalg/_decomp_cholesky.py", line 37, in _cholesky
    raise LinAlgError("%d-th leading minor of the array is not positive "
numpy.linalg.LinAlgError: ("The kernel, Matern(length_scale=10, nu=54.4), is not returning a positive definite matrix. Try gradually increasing the 'alpha' parameter of your GaussianProcessRegressor estimator.", '15-th leading minor of the array is not positive definite')

--------------------------------------------------------------------------------
4 fits failed with the following error:
Traceback (most recent call last):
  File "/home/harvey_hu/anaconda3/lib/python3.9/site-packages/sklearn/model_selection/_validation.py", line 680, in _fit_and_score
    estimator.fit(X_train, y_train, **fit_params)
  File "/home/harvey_hu/anaconda3/lib/python3.9/site-packages/sklearn/gaussian_process/_gpr.py", line 310, in fit
    self.L_ = cholesky(K, lower=GPR_CHOLESKY_LOWER, check_finite=False)
  File "/home/harvey_hu/anaconda3/lib/python3.9/site-packages/scipy/linalg/_decomp_cholesky.py", line 88, in cholesky
    c, lower = _cholesky(a, lower=lower, overwrite_a=overwrite_a, clean=True,
  File "/home/harvey_hu/anaconda3/lib/python3.9/site-packages/scipy/linalg/_decomp_cholesky.py", line 37, in _cholesky
    raise LinAlgError("%d-th leading minor of the array is not positive "
numpy.linalg.LinAlgError: ("The kernel, Matern(length_scale=10, nu=54.4), is not returning a positive definite matrix. Try gradually increasing the 'alpha' parameter of your GaussianProcessRegressor estimator.", '2-th leading minor of the array is not positive definite')

--------------------------------------------------------------------------------
1 fits failed with the following error:
Traceback (most recent call last):
  File "/home/harvey_hu/anaconda3/lib/python3.9/site-packages/sklearn/model_selection/_validation.py", line 680, in _fit_and_score
    estimator.fit(X_train, y_train, **fit_params)
  File "/home/harvey_hu/anaconda3/lib/python3.9/site-packages/sklearn/gaussian_process/_gpr.py", line 310, in fit
    self.L_ = cholesky(K, lower=GPR_CHOLESKY_LOWER, check_finite=False)
  File "/home/harvey_hu/anaconda3/lib/python3.9/site-packages/scipy/linalg/_decomp_cholesky.py", line 88, in cholesky
    c, lower = _cholesky(a, lower=lower, overwrite_a=overwrite_a, clean=True,
  File "/home/harvey_hu/anaconda3/lib/python3.9/site-packages/scipy/linalg/_decomp_cholesky.py", line 37, in _cholesky
    raise LinAlgError("%d-th leading minor of the array is not positive "
numpy.linalg.LinAlgError: ("The kernel, Matern(length_scale=10, nu=60), is not returning a positive definite matrix. Try gradually increasing the 'alpha' parameter of your GaussianProcessRegressor estimator.", '15-th leading minor of the array is not positive definite')

--------------------------------------------------------------------------------
4 fits failed with the following error:
Traceback (most recent call last):
  File "/home/harvey_hu/anaconda3/lib/python3.9/site-packages/sklearn/model_selection/_validation.py", line 680, in _fit_and_score
    estimator.fit(X_train, y_train, **fit_params)
  File "/home/harvey_hu/anaconda3/lib/python3.9/site-packages/sklearn/gaussian_process/_gpr.py", line 310, in fit
    self.L_ = cholesky(K, lower=GPR_CHOLESKY_LOWER, check_finite=False)
  File "/home/harvey_hu/anaconda3/lib/python3.9/site-packages/scipy/linalg/_decomp_cholesky.py", line 88, in cholesky
    c, lower = _cholesky(a, lower=lower, overwrite_a=overwrite_a, clean=True,
  File "/home/harvey_hu/anaconda3/lib/python3.9/site-packages/scipy/linalg/_decomp_cholesky.py", line 37, in _cholesky
    raise LinAlgError("%d-th leading minor of the array is not positive "
numpy.linalg.LinAlgError: ("The kernel, Matern(length_scale=10, nu=60), is not returning a positive definite matrix. Try gradually increasing the 'alpha' parameter of your GaussianProcessRegressor estimator.", '2-th leading minor of the array is not positive definite')

  warnings.warn(some_fits_failed_message, FitFailedWarning)
/home/harvey_hu/anaconda3/lib/python3.9/site-packages/sklearn/model_selection/_search.py:969: UserWarning: One or more of the test scores are non-finite: [0.53975741 0.51039221 0.4952439  0.48600458 0.47975065 0.47522166
 0.47178388 0.46908229 0.4669018  0.4651041  0.52538698 0.5131859
 0.50917482 0.5072039  0.50602983 0.50524899 0.50469141 0.50427294
        nan        nan 0.44741088 0.43913043 0.43534243 0.43316202
 0.43174433 0.43074871 0.4300111  0.42944275        nan        nan
 0.3742386  0.36542446 0.36186172 0.35994387 0.35874708 0.3579295
 0.3573357  0.35688492        nan        nan 0.33616387 0.33241185
 0.33091676 0.33010619 0.32959592 0.32924461 0.32898779 0.32879178
        nan        nan 0.31944343 0.31592686 0.31423062 0.31322343
 0.3125551  0.31207896 0.31172244        nan        nan        nan
 0.29887886 0.29248176 0.28930666 0.28741302 0.28615632 0.28526179
 0.2845927         nan        nan        nan 0.26779281 0.2578631
 0.25310046 0.2503127  0.24848408 0.24719274 0.2462324         nan
        nan        nan 0.22933783 0.21711211 0.21146441 0.20821946
 0.20611449 0.20463899 0.20354749        nan        nan        nan
 0.18985674 0.17715575 0.17147055 0.16825294 0.16618418 0.16474256
 0.16368057        nan        nan        nan]
  warnings.warn(
usage: BayesOptPS.py [-h] [--run_num RUN_NUM]
BayesOptPS.py: error: unrecognized arguments: 1
Traceback (most recent call last):
  File "/home/harvey_hu/Venus-Exploration/Scripts/BayesOptPS.py", line 20, in <module>
    X, y, X_var = loadXy("../New Data/accumulated_weekend_data.h5", run_idx=exp_num)
  File "/home/harvey_hu/Venus-Exploration/VenusOpt/utils.py", line 41, in loadXy
    accumulated_data = pd.read_hdf(data_dir, "data")
  File "/home/harvey_hu/anaconda3/lib/python3.9/site-packages/pandas/io/pytables.py", line 427, in read_hdf
    raise FileNotFoundError(f"File {path_or_buf} does not exist")
FileNotFoundError: File ../New Data/accumulated_weekend_data.h5 does not exist
  0%|          | 0/10 [00:00<?, ?it/s] 10%|         | 1/10 [01:11<10:44, 71.60s/it] 20%|        | 2/10 [02:24<09:39, 72.46s/it] 30%|       | 3/10 [03:40<08:39, 74.23s/it] 40%|      | 4/10 [05:13<08:08, 81.46s/it] 50%|     | 5/10 [06:44<07:05, 85.04s/it] 60%|    | 6/10 [07:50<05:13, 78.36s/it] 70%|   | 7/10 [08:55<03:41, 73.90s/it] 80%|  | 8/10 [10:00<02:22, 71.33s/it] 90%| | 9/10 [11:09<01:10, 70.52s/it]  0%|          | 0/10 [00:00<?, ?it/s]  0%|          | 0/10 [00:00<?, ?it/s]100%|| 10/10 [12:35<00:00, 75.29s/it]100%|| 10/10 [12:35<00:00, 75.56s/it]
usage: BayesOptPS.py [-h] [--run_num RUN_NUM] [--n N]
BayesOptPS.py: error: unrecognized arguments: 300
 10%|         | 1/10 [09:28<1:25:12, 568.09s/it] 10%|         | 1/10 [10:27<1:34:09, 627.77s/it] 20%|        | 2/10 [18:25<1:13:21, 550.14s/it] 20%|        | 2/10 [20:44<1:22:51, 621.47s/it]Traceback (most recent call last):
  File "/home/harvey_hu/Venus-Exploration/Scripts/BayesOptPS.py", line 24, in <module>
    X, y, X_var = loadXy("New Data/accumulated_weekend_data.h5", run_idx=exp_num)
  File "/home/harvey_hu/Venus-Exploration/VenusOpt/utils.py", line 45, in loadXy
    bounds = cuts[run_idx]
KeyError: '13'
  0%|          | 0/10 [00:00<?, ?it/s] 30%|       | 3/10 [27:42<1:04:33, 553.42s/it] 10%|         | 1/10 [04:00<36:07, 240.84s/it] 30%|       | 3/10 [32:28<1:16:54, 659.21s/it] 20%|        | 2/10 [08:05<32:25, 243.15s/it] 30%|       | 3/10 [12:08<28:20, 242.97s/it] 40%|      | 4/10 [39:21<1:01:04, 610.68s/it] 40%|      | 4/10 [16:07<24:08, 241.34s/it] 50%|     | 5/10 [19:39<19:13, 230.70s/it] 40%|      | 4/10 [45:20<1:10:21, 703.59s/it] 60%|    | 6/10 [23:32<15:26, 231.56s/it] 50%|     | 5/10 [50:37<52:50, 634.09s/it]   70%|   | 7/10 [27:18<11:29, 229.68s/it] 80%|  | 8/10 [31:09<07:40, 230.39s/it] 50%|     | 5/10 [58:07<1:00:32, 726.43s/it] 90%| | 9/10 [35:09<03:53, 233.36s/it] 60%|    | 6/10 [1:01:29<42:41, 640.39s/it]100%|| 10/10 [38:53<00:00, 230.51s/it]100%|| 10/10 [38:54<00:00, 233.40s/it]
 60%|    | 6/10 [1:09:41<47:41, 715.33s/it] 70%|   | 7/10 [1:10:44<30:37, 612.57s/it] 80%|  | 8/10 [1:19:24<19:25, 582.89s/it] 70%|   | 7/10 [1:20:01<34:13, 684.35s/it] 90%| | 9/10 [1:27:59<09:21, 561.75s/it] 80%|  | 8/10 [1:30:35<22:16, 668.36s/it]100%|| 10/10 [1:36:25<00:00, 544.61s/it]100%|| 10/10 [1:36:25<00:00, 578.58s/it]
 90%| | 9/10 [1:40:23<10:42, 642.96s/it]100%|| 10/10 [1:49:02<00:00, 604.96s/it]100%|| 10/10 [1:49:02<00:00, 654.30s/it]
  0%|          | 0/10 [00:00<?, ?it/s]  0%|          | 0/10 [00:05<?, ?it/s]
Traceback (most recent call last):
  File "/home/harvey_hu/anaconda3/lib/python3.9/site-packages/bayes_opt/bayesian_optimization.py", line 300, in maximize
    x_probe = next(self._queue)
  File "/home/harvey_hu/anaconda3/lib/python3.9/site-packages/bayes_opt/bayesian_optimization.py", line 27, in __next__
    raise StopIteration("Queue is empty, no more objects to retrieve.")
StopIteration: Queue is empty, no more objects to retrieve.

During handling of the above exception, another exception occurred:

Traceback (most recent call last):
  File "/home/harvey_hu/Venus-Exploration/Scripts/BayesOptPS.py", line 64, in <module>
    best_list = try_kappa(kappa, bbf, n=n)
  File "/home/harvey_hu/Venus-Exploration/Scripts/BayesOptPS.py", line 55, in try_kappa
    optimizer.maximize(init_points = 5, n_iter = 30, kappa=kappa, alpha=0.15)
  File "/home/harvey_hu/anaconda3/lib/python3.9/site-packages/bayes_opt/bayesian_optimization.py", line 303, in maximize
    x_probe = self.suggest(util)
  File "/home/harvey_hu/anaconda3/lib/python3.9/site-packages/bayes_opt/bayesian_optimization.py", line 212, in suggest
    self._gp.fit(self._space.params, self._space.target)
  File "/home/harvey_hu/anaconda3/lib/python3.9/site-packages/sklearn/gaussian_process/_gpr.py", line 272, in fit
    self._constrained_optimization(
  File "/home/harvey_hu/anaconda3/lib/python3.9/site-packages/sklearn/gaussian_process/_gpr.py", line 603, in _constrained_optimization
    opt_res = scipy.optimize.minimize(
  File "/home/harvey_hu/anaconda3/lib/python3.9/site-packages/scipy/optimize/_minimize.py", line 699, in minimize
    res = _minimize_lbfgsb(fun, x0, args, jac, bounds,
  File "/home/harvey_hu/anaconda3/lib/python3.9/site-packages/scipy/optimize/_lbfgsb_py.py", line 362, in _minimize_lbfgsb
    f, g = func_and_grad(x)
  File "/home/harvey_hu/anaconda3/lib/python3.9/site-packages/scipy/optimize/_differentiable_functions.py", line 282, in fun_and_grad
    def fun_and_grad(self, x):
KeyboardInterrupt
  0%|          | 0/10 [00:00<?, ?it/s] 10%|         | 1/10 [15:19<2:17:55, 919.52s/it] 20%|        | 2/10 [30:46<2:03:09, 923.70s/it] 30%|       | 3/10 [45:24<1:45:22, 903.19s/it] 40%|      | 4/10 [1:00:12<1:29:41, 896.91s/it] 50%|     | 5/10 [1:14:27<1:13:29, 881.95s/it] 60%|    | 6/10 [1:29:12<58:51, 882.89s/it]   70%|   | 7/10 [1:43:47<44:01, 880.44s/it] 80%|  | 8/10 [1:57:21<28:38, 859.08s/it] 90%| | 9/10 [2:10:07<13:50, 830.20s/it]100%|| 10/10 [2:22:23<00:00, 800.94s/it]100%|| 10/10 [2:22:23<00:00, 854.32s/it]
  0%|          | 0/10 [00:00<?, ?it/s] 10%|         | 1/10 [08:01<1:12:14, 481.63s/it] 20%|        | 2/10 [15:37<1:02:10, 466.34s/it] 30%|       | 3/10 [22:58<53:03, 454.78s/it]   40%|      | 4/10 [30:30<45:23, 453.87s/it] 50%|     | 5/10 [38:02<37:46, 453.22s/it] 60%|    | 6/10 [45:13<29:41, 445.50s/it] 70%|   | 7/10 [52:16<21:54, 438.21s/it] 80%|  | 8/10 [59:21<14:28, 434.05s/it] 90%| | 9/10 [1:06:32<07:12, 432.98s/it]100%|| 10/10 [1:13:54<00:00, 435.68s/it]100%|| 10/10 [1:13:54<00:00, 443.40s/it]
  0%|          | 0/10 [00:00<?, ?it/s] 10%|         | 1/10 [06:35<59:16, 395.21s/it] 20%|        | 2/10 [13:00<51:55, 389.49s/it] 30%|       | 3/10 [19:03<44:02, 377.50s/it] 40%|      | 4/10 [25:27<37:59, 379.95s/it] 50%|     | 5/10 [31:48<31:41, 380.27s/it] 60%|    | 6/10 [38:15<25:30, 382.56s/it] 70%|   | 7/10 [44:44<19:14, 384.82s/it] 80%|  | 8/10 [50:55<12:40, 380.18s/it] 90%| | 9/10 [56:53<06:13, 373.43s/it]100%|| 10/10 [1:02:42<00:00, 365.84s/it]100%|| 10/10 [1:02:42<00:00, 376.26s/it]
  0%|          | 0/10 [00:00<?, ?it/s]  0%|          | 0/10 [00:00<?, ?it/s]
Traceback (most recent call last):
  File "/home/harvey_hu/anaconda3/lib/python3.9/site-packages/bayes_opt/bayesian_optimization.py", line 300, in maximize
    x_probe = next(self._queue)
  File "/home/harvey_hu/anaconda3/lib/python3.9/site-packages/bayes_opt/bayesian_optimization.py", line 27, in __next__
    raise StopIteration("Queue is empty, no more objects to retrieve.")
StopIteration: Queue is empty, no more objects to retrieve.

During handling of the above exception, another exception occurred:

Traceback (most recent call last):
  File "/home/harvey_hu/Venus-Exploration/Scripts/BayesOptPS.py", line 55, in <module>
    best_list = try_kappa(kappa, venus.bbf, n=n)
  File "/home/harvey_hu/Venus-Exploration/Scripts/BayesOptPS.py", line 47, in try_kappa
    optimizer.maximize(init_points = 5, n_iter = 30, kappa=kappa, alpha=0.15)
  File "/home/harvey_hu/anaconda3/lib/python3.9/site-packages/bayes_opt/bayesian_optimization.py", line 303, in maximize
    x_probe = self.suggest(util)
  File "/home/harvey_hu/anaconda3/lib/python3.9/site-packages/bayes_opt/bayesian_optimization.py", line 218, in suggest
    suggestion = acq_max(ac=utility_function.utility,
  File "/home/harvey_hu/anaconda3/lib/python3.9/site-packages/bayes_opt/util.py", line 77, in acq_max
    res = minimize(lambda x: to_minimize(x),
  File "/home/harvey_hu/anaconda3/lib/python3.9/site-packages/scipy/optimize/_minimize.py", line 642, in minimize
    bounds = standardize_bounds(bounds, x0, 'new')
  File "/home/harvey_hu/anaconda3/lib/python3.9/site-packages/scipy/optimize/_minimize.py", line 944, in standardize_bounds
    bounds = Bounds(lb, ub)
  File "/home/harvey_hu/anaconda3/lib/python3.9/site-packages/scipy/optimize/_constraints.py", line 252, in __init__
    self._input_validation()
  File "/home/harvey_hu/anaconda3/lib/python3.9/site-packages/scipy/optimize/_constraints.py", line 242, in _input_validation
    res = np.broadcast_arrays(self.lb, self.ub, self.keep_feasible)
  File "<__array_function__ internals>", line 5, in broadcast_arrays
  File "/home/harvey_hu/anaconda3/lib/python3.9/site-packages/numpy/lib/stride_tricks.py", line 544, in broadcast_arrays
    return [_broadcast_to(array, shape, subok=subok, readonly=False)
  File "/home/harvey_hu/anaconda3/lib/python3.9/site-packages/numpy/lib/stride_tricks.py", line 544, in <listcomp>
    return [_broadcast_to(array, shape, subok=subok, readonly=False)
  File "/home/harvey_hu/anaconda3/lib/python3.9/site-packages/numpy/lib/stride_tricks.py", line 348, in _broadcast_to
    it = np.nditer(
KeyboardInterrupt
  0%|          | 0/20 [00:00<?, ?it/s]  0%|          | 0/20 [00:00<?, ?it/s]  0%|          | 0/20 [00:00<?, ?it/s]  0%|          | 0/20 [00:00<?, ?it/s]  5%|         | 1/20 [06:24<2:01:38, 384.11s/it]  5%|         | 1/20 [06:35<2:05:23, 395.95s/it] 10%|         | 2/20 [12:46<1:54:59, 383.32s/it] 10%|         | 2/20 [12:53<1:55:35, 385.31s/it]  5%|         | 1/20 [12:56<4:05:56, 776.65s/it]  5%|         | 1/20 [19:37<6:12:48, 1177.27s/it] 15%|        | 3/20 [19:24<1:50:25, 389.76s/it] 15%|        | 3/20 [19:26<1:50:05, 388.57s/it] 20%|        | 4/20 [25:21<1:40:31, 376.95s/it] 20%|        | 4/20 [25:32<1:41:16, 379.79s/it] 10%|         | 2/20 [26:07<3:55:25, 784.76s/it] 25%|       | 5/20 [31:13<1:31:58, 367.87s/it] 25%|       | 5/20 [31:32<1:33:08, 372.57s/it] 30%|       | 6/20 [37:04<1:24:28, 362.07s/it] 30%|       | 6/20 [37:19<1:24:54, 363.91s/it] 10%|         | 2/20 [39:13<5:52:56, 1176.47s/it] 15%|        | 3/20 [38:50<3:39:32, 774.86s/it] 35%|      | 7/20 [43:15<1:19:06, 365.12s/it] 35%|      | 7/20 [43:35<1:19:41, 367.81s/it] 40%|      | 8/20 [49:09<1:12:17, 361.44s/it] 40%|      | 8/20 [49:49<1:13:59, 369.93s/it] 20%|        | 4/20 [51:04<3:22:22, 758.89s/it] 45%|     | 9/20 [55:32<1:07:30, 368.21s/it] 45%|     | 9/20 [56:12<1:08:33, 373.94s/it] 15%|        | 3/20 [58:17<5:29:08, 1161.70s/it] 50%|     | 10/20 [1:01:37<1:01:12, 367.27s/it] 50%|     | 10/20 [1:02:20<1:02:01, 372.12s/it] 25%|       | 5/20 [1:03:11<3:06:51, 747.46s/it] 55%|    | 11/20 [1:07:54<55:31, 370.17s/it]   55%|    | 11/20 [1:08:41<56:13, 374.87s/it]   60%|    | 12/20 [1:14:36<50:40, 380.05s/it] 60%|    | 12/20 [1:14:57<50:00, 375.04s/it] 30%|       | 6/20 [1:14:43<2:49:59, 728.50s/it] 20%|        | 4/20 [1:16:49<5:04:36, 1142.29s/it] 65%|   | 13/20 [1:21:04<44:36, 382.36s/it] 65%|   | 13/20 [1:21:27<44:17, 379.58s/it] 35%|      | 7/20 [1:26:22<2:35:43, 718.74s/it] 70%|   | 14/20 [1:27:35<38:29, 384.89s/it] 70%|   | 14/20 [1:27:49<38:03, 380.53s/it] 25%|       | 5/20 [1:34:59<4:40:48, 1123.21s/it] 75%|  | 15/20 [1:34:20<32:34, 390.96s/it] 75%|  | 15/20 [1:34:11<31:44, 380.83s/it] 40%|      | 8/20 [1:37:26<2:20:17, 701.43s/it] 80%|  | 16/20 [1:40:36<25:46, 386.59s/it] 80%|  | 16/20 [1:40:30<25:20, 380.18s/it] 85%| | 17/20 [1:46:59<19:08, 382.88s/it] 85%| | 17/20 [1:47:26<19:41, 393.69s/it] 45%|     | 9/20 [1:48:13<2:05:27, 684.32s/it] 30%|       | 6/20 [1:52:53<4:18:09, 1106.42s/it] 90%| | 18/20 [1:53:34<12:52, 386.48s/it] 90%| | 18/20 [1:54:00<13:07, 393.68s/it] 50%|     | 10/20 [1:59:02<1:52:15, 673.55s/it] 95%|| 19/20 [1:59:59<06:26, 386.10s/it] 95%|| 19/20 [2:01:12<06:45, 405.29s/it]100%|| 20/20 [2:06:06<00:00, 380.33s/it]100%|| 20/20 [2:06:06<00:00, 378.31s/it]
100%|| 20/20 [2:08:00<00:00, 406.00s/it]100%|| 20/20 [2:08:00<00:00, 384.03s/it]
 35%|      | 7/20 [2:09:43<3:52:57, 1075.20s/it] 55%|    | 11/20 [2:08:26<1:36:00, 640.09s/it] 60%|    | 12/20 [2:13:40<1:12:05, 540.66s/it] 65%|   | 13/20 [2:18:52<55:00, 471.45s/it]   40%|      | 8/20 [2:20:54<3:09:18, 946.52s/it]  70%|   | 14/20 [2:24:06<42:23, 423.92s/it] 75%|  | 15/20 [2:29:23<32:38, 391.67s/it] 45%|     | 9/20 [2:32:16<2:38:20, 863.72s/it] 80%|  | 16/20 [2:34:38<24:34, 368.51s/it] 85%| | 17/20 [2:39:47<17:32, 350.84s/it] 50%|     | 10/20 [2:43:36<2:14:29, 806.98s/it] 90%| | 18/20 [2:44:59<11:18, 339.00s/it] 95%|| 19/20 [2:50:06<05:29, 329.51s/it] 55%|    | 11/20 [2:55:07<1:55:42, 771.37s/it]100%|| 20/20 [2:55:11<00:00, 322.20s/it]100%|| 20/20 [2:55:11<00:00, 525.59s/it]
 60%|    | 12/20 [3:06:25<1:39:04, 743.04s/it] 65%|   | 13/20 [3:17:21<1:23:36, 716.59s/it] 70%|   | 14/20 [3:28:42<1:10:34, 705.81s/it] 75%|  | 15/20 [3:40:27<58:48, 705.75s/it]   80%|  | 16/20 [3:52:13<47:03, 705.93s/it] 85%| | 17/20 [4:03:53<35:12, 704.06s/it] 90%| | 18/20 [4:15:39<23:29, 704.71s/it] 95%|| 19/20 [4:27:30<11:46, 706.58s/it]100%|| 20/20 [4:39:33<00:00, 711.46s/it]100%|| 20/20 [4:39:33<00:00, 838.69s/it]
  0%|          | 0/20 [00:00<?, ?it/s]  5%|         | 1/20 [11:13<3:33:09, 673.15s/it] 10%|         | 2/20 [22:22<3:21:12, 670.72s/it] 15%|        | 3/20 [33:20<3:08:26, 665.07s/it] 20%|        | 4/20 [44:16<2:56:24, 661.56s/it] 25%|       | 5/20 [55:02<2:43:56, 655.76s/it] 30%|       | 6/20 [1:05:59<2:33:10, 656.45s/it] 35%|      | 7/20 [1:16:51<2:21:54, 654.92s/it] 40%|      | 8/20 [1:27:47<2:11:01, 655.13s/it] 45%|     | 9/20 [1:38:37<1:59:49, 653.58s/it] 50%|     | 10/20 [1:49:52<1:50:03, 660.34s/it] 55%|    | 11/20 [2:01:13<1:39:59, 666.63s/it] 60%|    | 12/20 [2:12:50<1:30:06, 675.87s/it] 65%|   | 13/20 [2:23:43<1:18:02, 668.95s/it] 70%|   | 14/20 [2:35:17<1:07:38, 676.40s/it] 75%|  | 15/20 [2:46:32<56:20, 676.00s/it]   80%|  | 16/20 [2:57:52<45:09, 677.28s/it] 85%| | 17/20 [3:09:03<33:46, 675.38s/it] 90%| | 18/20 [3:19:46<22:11, 665.58s/it] 95%|| 19/20 [3:30:32<10:59, 659.60s/it]100%|| 20/20 [3:41:28<00:00, 658.46s/it]100%|| 20/20 [3:41:28<00:00, 664.40s/it]
  0%|          | 0/20 [00:00<?, ?it/s]  5%|         | 1/20 [16:18<5:09:44, 978.15s/it] 10%|         | 2/20 [32:08<4:48:31, 961.75s/it]